TpTrace Verbose: 0 : 22060, 1, 2024/01/16, 19:25:02.139, 4614081226364, vstest.console.dll, Version: 17.8.0-release-23523-03 Current process architecture: X64
TpTrace Verbose: 0 : 22060, 1, 2024/01/16, 19:25:02.142, 4614081257576, vstest.console.dll, Runtime location: C:\Program Files\dotnet\shared\Microsoft.NETCore.App\8.0.0
TpTrace Verbose: 0 : 22060, 1, 2024/01/16, 19:25:02.144, 4614081279695, vstest.console.dll, ArtifactProcessingPostProcessModeProcessorExecutor.Initialize: ArtifactProcessingMode.Collect
TpTrace Verbose: 0 : 22060, 1, 2024/01/16, 19:25:02.144, 4614081280936, vstest.console.dll, TestSessionCorrelationIdProcessorModeProcessorExecutor.Initialize: TestSessionCorrelationId '24392_010974c3-3990-499f-8679-3afd70c69ec1'
TpTrace Information: 0 : 22060, 1, 2024/01/16, 19:25:02.163, 4614081473130, vstest.console.dll, FilePatternParser: The given file C:\Users\Aida\source\repos\SeleniumKesten\SeleniumKesten\bin\Debug\net6.0\fine-code-coverage\build-output\SeleniumKesten.dll is a full path.
TpTrace Verbose: 0 : 22060, 1, 2024/01/16, 19:25:02.168, 4614081519125, vstest.console.dll, TestPluginCache.DiscoverTestExtensions: finding test extensions in assemblies ends with: RuntimeProvider.dll TPluginInfo: Microsoft.VisualStudio.TestPlatform.Common.ExtensionFramework.Utilities.TestRuntimePluginInformation TExtension: Microsoft.VisualStudio.TestPlatform.ObjectModel.Host.ITestRuntimeProvider
TpTrace Verbose: 0 : 22060, 1, 2024/01/16, 19:25:02.168, 4614081522925, vstest.console.dll, TestPluginCache.GetExtensionPaths: Filtered extension paths: 
TpTrace Verbose: 0 : 22060, 1, 2024/01/16, 19:25:02.168, 4614081523947, vstest.console.dll, TestPluginCache.GetExtensionPaths: Added default extension paths: C:\Program Files\dotnet\sdk\8.0.100\Extensions\Microsoft.Diagnostics.NETCore.Client.dll
C:\Program Files\dotnet\sdk\8.0.100\Extensions\Microsoft.TestPlatform.Extensions.BlameDataCollector.dll
C:\Program Files\dotnet\sdk\8.0.100\Extensions\Microsoft.TestPlatform.Extensions.EventLogCollector.dll
C:\Program Files\dotnet\sdk\8.0.100\Extensions\Microsoft.TestPlatform.TestHostRuntimeProvider.dll
C:\Program Files\dotnet\sdk\8.0.100\Extensions\Microsoft.VisualStudio.TestPlatform.Extensions.Html.TestLogger.dll
C:\Program Files\dotnet\sdk\8.0.100\Extensions\Microsoft.VisualStudio.TestPlatform.Extensions.Trx.TestLogger.dll
TpTrace Verbose: 0 : 22060, 1, 2024/01/16, 19:25:02.169, 4614081524313, vstest.console.dll, TestPluginCache.GetExtensionPaths: Added unfilterableExtensionPaths: 
TpTrace Information: 0 : 22060, 1, 2024/01/16, 19:25:02.169, 4614081530284, vstest.console.dll, AssemblyResolver.ctor: Creating AssemblyResolver with searchDirectories C:\Program Files\dotnet\sdk\8.0.100\Extensions,C:\Program Files\dotnet\sdk\8.0.100
TpTrace Verbose: 0 : 22060, 1, 2024/01/16, 19:25:02.170, 4614081544016, vstest.console.dll, TestPluginCache.DiscoverTestExtensions: Discovering the extensions using extension path.
TpTrace Verbose: 0 : 22060, 1, 2024/01/16, 19:25:02.171, 4614081545264, vstest.console.dll, TestPluginCache.GetExtensionPaths: Filtered extension paths: 
TpTrace Verbose: 0 : 22060, 1, 2024/01/16, 19:25:02.171, 4614081545763, vstest.console.dll, TestPluginCache.GetExtensionPaths: Added default extension paths: C:\Program Files\dotnet\sdk\8.0.100\Extensions\Microsoft.Diagnostics.NETCore.Client.dll
C:\Program Files\dotnet\sdk\8.0.100\Extensions\Microsoft.TestPlatform.Extensions.BlameDataCollector.dll
C:\Program Files\dotnet\sdk\8.0.100\Extensions\Microsoft.TestPlatform.Extensions.EventLogCollector.dll
C:\Program Files\dotnet\sdk\8.0.100\Extensions\Microsoft.TestPlatform.TestHostRuntimeProvider.dll
C:\Program Files\dotnet\sdk\8.0.100\Extensions\Microsoft.VisualStudio.TestPlatform.Extensions.Html.TestLogger.dll
C:\Program Files\dotnet\sdk\8.0.100\Extensions\Microsoft.VisualStudio.TestPlatform.Extensions.Trx.TestLogger.dll
TpTrace Verbose: 0 : 22060, 1, 2024/01/16, 19:25:02.171, 4614081546058, vstest.console.dll, TestPluginCache.GetExtensionPaths: Added unfilterableExtensionPaths: 
TpTrace Verbose: 0 : 22060, 1, 2024/01/16, 19:25:02.171, 4614081546756, vstest.console.dll, TestPluginCache.DiscoverTestExtensions: Discovering the extensions using allExtensionPaths: C:\Program Files\dotnet\sdk\8.0.100\Extensions\Microsoft.Diagnostics.NETCore.Client.dll
C:\Program Files\dotnet\sdk\8.0.100\Extensions\Microsoft.TestPlatform.Extensions.BlameDataCollector.dll
C:\Program Files\dotnet\sdk\8.0.100\Extensions\Microsoft.TestPlatform.Extensions.EventLogCollector.dll
C:\Program Files\dotnet\sdk\8.0.100\Extensions\Microsoft.TestPlatform.TestHostRuntimeProvider.dll
C:\Program Files\dotnet\sdk\8.0.100\Extensions\Microsoft.VisualStudio.TestPlatform.Extensions.Html.TestLogger.dll
C:\Program Files\dotnet\sdk\8.0.100\Extensions\Microsoft.VisualStudio.TestPlatform.Extensions.Trx.TestLogger.dll
TpTrace Information: 0 : 22060, 1, 2024/01/16, 19:25:02.171, 4614081548577, vstest.console.dll, AssemblyResolver.AddSearchDirectories: Adding more searchDirectories C:\Program Files\dotnet\sdk\8.0.100\Extensions,C:\Program Files\dotnet\sdk\8.0.100
TpTrace Information: 0 : 22060, 1, 2024/01/16, 19:25:02.171, 4614081549187, vstest.console.dll, AssemblyResolver.AddSearchDirectories: Adding more searchDirectories C:\Program Files\dotnet\sdk\8.0.100\Extensions,C:\Program Files\dotnet\sdk\8.0.100
TpTrace Information: 0 : 22060, 1, 2024/01/16, 19:25:02.171, 4614081549575, vstest.console.dll, AssemblyResolver.AddSearchDirectories: Adding more searchDirectories C:\Program Files\dotnet\sdk\8.0.100\Extensions,C:\Program Files\dotnet\sdk\8.0.100
TpTrace Information: 0 : 22060, 1, 2024/01/16, 19:25:02.171, 4614081549852, vstest.console.dll, AssemblyResolver.AddSearchDirectories: Adding more searchDirectories C:\Program Files\dotnet\sdk\8.0.100\Extensions,C:\Program Files\dotnet\sdk\8.0.100
TpTrace Information: 0 : 22060, 1, 2024/01/16, 19:25:02.171, 4614081550117, vstest.console.dll, AssemblyResolver.AddSearchDirectories: Adding more searchDirectories C:\Program Files\dotnet\sdk\8.0.100\Extensions,C:\Program Files\dotnet\sdk\8.0.100
TpTrace Information: 0 : 22060, 1, 2024/01/16, 19:25:02.171, 4614081550546, vstest.console.dll, AssemblyResolver.AddSearchDirectories: Adding more searchDirectories C:\Program Files\dotnet\sdk\8.0.100\Extensions,C:\Program Files\dotnet\sdk\8.0.100
TpTrace Information: 0 : 22060, 1, 2024/01/16, 19:25:02.172, 4614081555863, vstest.console.dll, AssemblyResolver.OnResolve: Microsoft.Diagnostics.NETCore.Client: Resolving assembly.
TpTrace Information: 0 : 22060, 1, 2024/01/16, 19:25:02.172, 4614081556785, vstest.console.dll, AssemblyResolver.OnResolve: Microsoft.Diagnostics.NETCore.Client: Searching in: 'C:\Program Files\dotnet\sdk\8.0.100\Extensions'.
TpTrace Information: 0 : 22060, 1, 2024/01/16, 19:25:02.179, 4614081626771, vstest.console.dll, AssemblyResolver.OnResolve: Microsoft.Diagnostics.NETCore.Client: Loading assembly 'C:\Program Files\dotnet\sdk\8.0.100\Extensions\Microsoft.Diagnostics.NETCore.Client.dll'.
TpTrace Information: 0 : 22060, 1, 2024/01/16, 19:25:02.179, 4614081632360, vstest.console.dll, AssemblyResolver.OnResolve: Resolved assembly: Microsoft.Diagnostics.NETCore.Client, from path: C:\Program Files\dotnet\sdk\8.0.100\Extensions\Microsoft.Diagnostics.NETCore.Client.dll
TpTrace Verbose: 0 : 22060, 1, 2024/01/16, 19:25:02.184, 4614081683497, vstest.console.dll, MetadataReaderExtensionsHelper: Discovering extensions inside assembly 'Microsoft.Diagnostics.NETCore.Client, Version=0.2.8.21101, Culture=neutral, PublicKeyToken=31bf3856ad364e35' file path 'C:\Program Files\dotnet\sdk\8.0.100\Extensions\Microsoft.Diagnostics.NETCore.Client.dll'
TpTrace Information: 0 : 22060, 1, 2024/01/16, 19:25:02.188, 4614081723328, vstest.console.dll, AssemblyResolver.OnResolve: Microsoft.Bcl.AsyncInterfaces: Resolving assembly.
TpTrace Information: 0 : 22060, 1, 2024/01/16, 19:25:02.188, 4614081724106, vstest.console.dll, AssemblyResolver.OnResolve: Microsoft.Bcl.AsyncInterfaces: Searching in: 'C:\Program Files\dotnet\sdk\8.0.100\Extensions'.
TpTrace Information: 0 : 22060, 1, 2024/01/16, 19:25:02.189, 4614081724985, vstest.console.dll, AssemblyResolver.OnResolve: Microsoft.Bcl.AsyncInterfaces: Assembly path does not exist: 'C:\Program Files\dotnet\sdk\8.0.100\Extensions\Microsoft.Bcl.AsyncInterfaces.dll', returning.
TpTrace Information: 0 : 22060, 1, 2024/01/16, 19:25:02.189, 4614081726164, vstest.console.dll, AssemblyResolver.OnResolve: Microsoft.Bcl.AsyncInterfaces: Assembly path does not exist: 'C:\Program Files\dotnet\sdk\8.0.100\Extensions\Microsoft.Bcl.AsyncInterfaces.exe', returning.
TpTrace Information: 0 : 22060, 1, 2024/01/16, 19:25:02.189, 4614081726551, vstest.console.dll, AssemblyResolver.OnResolve: Microsoft.Bcl.AsyncInterfaces: Searching in: 'C:\Program Files\dotnet\sdk\8.0.100'.
TpTrace Information: 0 : 22060, 1, 2024/01/16, 19:25:02.189, 4614081727232, vstest.console.dll, AssemblyResolver.OnResolve: Microsoft.Bcl.AsyncInterfaces: Assembly path does not exist: 'C:\Program Files\dotnet\sdk\8.0.100\Microsoft.Bcl.AsyncInterfaces.dll', returning.
TpTrace Information: 0 : 22060, 1, 2024/01/16, 19:25:02.189, 4614081727777, vstest.console.dll, AssemblyResolver.OnResolve: Microsoft.Bcl.AsyncInterfaces: Assembly path does not exist: 'C:\Program Files\dotnet\sdk\8.0.100\Microsoft.Bcl.AsyncInterfaces.exe', returning.
TpTrace Information: 0 : 22060, 1, 2024/01/16, 19:25:02.189, 4614081728073, vstest.console.dll, AssemblyResolver.OnResolve: Microsoft.Bcl.AsyncInterfaces: Failed to load assembly.
TpTrace Verbose: 0 : 22060, 1, 2024/01/16, 19:25:02.189, 4614081728405, vstest.console.dll, CurrentDomainAssemblyResolve: Resolving assembly 'Microsoft.Bcl.AsyncInterfaces'.
TpTrace Information: 0 : 22060, 1, 2024/01/16, 19:25:02.189, 4614081729059, vstest.console.dll, AssemblyResolver.OnResolve: Microsoft.Bcl.AsyncInterfaces: Resolving assembly.
TpTrace Information: 0 : 22060, 1, 2024/01/16, 19:25:02.189, 4614081729426, vstest.console.dll, AssemblyResolver.OnResolve: Microsoft.Bcl.AsyncInterfaces: Resolved from cache.
TpTrace Verbose: 0 : 22060, 1, 2024/01/16, 19:25:02.189, 4614081729688, vstest.console.dll, CurrentDomainAssemblyResolve: Resolving assembly 'Microsoft.Bcl.AsyncInterfaces'.
TpTrace Verbose: 0 : 22060, 1, 2024/01/16, 19:25:02.189, 4614081730021, vstest.console.dll, CurrentDomainAssemblyResolve: Failed to resolve assembly 'Microsoft.Bcl.AsyncInterfaces'.
TpTrace Verbose: 0 : 22060, 1, 2024/01/16, 19:25:02.190, 4614081741825, vstest.console.dll, CurrentDomainAssemblyResolve: Failed to resolve assembly 'Microsoft.Bcl.AsyncInterfaces'.
TpTrace Warning: 0 : 22060, 1, 2024/01/16, 19:25:02.200, 4614081839516, vstest.console.dll, TestPluginDiscoverer: Failed to get types from assembly 'Microsoft.Diagnostics.NETCore.Client, Version=0.2.8.21101, Culture=neutral, PublicKeyToken=31bf3856ad364e35'. Error: System.Reflection.ReflectionTypeLoadException: Unable to load one or more of the requested types.
Could not load file or assembly 'Microsoft.Bcl.AsyncInterfaces, Version=1.0.0.0, Culture=neutral, PublicKeyToken=cc7b13ffcd2ddd51'. The system cannot find the file specified.
   at System.Reflection.RuntimeModule.GetTypes(RuntimeModule module)
   at System.Reflection.RuntimeModule.GetTypes()
   at Microsoft.VisualStudio.TestPlatform.Common.ExtensionFramework.TestPluginDiscoverer.GetTestExtensionsFromAssembly[TPluginInfo,TExtension](Assembly assembly, Dictionary`2 pluginInfos, String filePath) in /_/src/Microsoft.TestPlatform.Common/ExtensionFramework/TestPluginDiscoverer.cs:line 158
System.IO.FileNotFoundException: Could not load file or assembly 'Microsoft.Bcl.AsyncInterfaces, Version=1.0.0.0, Culture=neutral, PublicKeyToken=cc7b13ffcd2ddd51'. The system cannot find the file specified.
File name: 'Microsoft.Bcl.AsyncInterfaces, Version=1.0.0.0, Culture=neutral, PublicKeyToken=cc7b13ffcd2ddd51'
 ---> System.IO.FileNotFoundException: Could not load file or assembly 'Microsoft.Bcl.AsyncInterfaces, Culture=neutral, PublicKeyToken=null'. The system cannot find the file specified.
File name: 'Microsoft.Bcl.AsyncInterfaces, Culture=neutral, PublicKeyToken=null'
   at System.Reflection.RuntimeAssembly.InternalLoad(AssemblyName assemblyName, StackCrawlMark& stackMark, AssemblyLoadContext assemblyLoadContext, RuntimeAssembly requestingAssembly, Boolean throwOnFileNotFound)
   at System.Reflection.Assembly.Load(AssemblyName assemblyRef)
   at Microsoft.VisualStudio.TestPlatform.Common.ExtensionFramework.TestPluginCache.CurrentDomainAssemblyResolve(Object sender, AssemblyResolveEventArgs args) in /_/src/Microsoft.TestPlatform.Common/ExtensionFramework/TestPluginCache.cs:line 513
   at System.Runtime.Loader.AssemblyLoadContext.GetFirstResolvedAssemblyFromResolvingEvent(AssemblyName assemblyName)
   at System.Runtime.Loader.AssemblyLoadContext.ResolveUsingEvent(AssemblyName assemblyName)
   at System.Runtime.Loader.AssemblyLoadContext.ResolveUsingResolvingEvent(IntPtr gchManagedAssemblyLoadContext, AssemblyName assemblyName)
TpTrace Warning: 0 : 22060, 1, 2024/01/16, 19:25:02.200, 4614081843150, vstest.console.dll, LoaderExceptions: System.IO.FileNotFoundException: Could not load file or assembly 'Microsoft.Bcl.AsyncInterfaces, Version=1.0.0.0, Culture=neutral, PublicKeyToken=cc7b13ffcd2ddd51'. The system cannot find the file specified.
File name: 'Microsoft.Bcl.AsyncInterfaces, Version=1.0.0.0, Culture=neutral, PublicKeyToken=cc7b13ffcd2ddd51'
 ---> System.IO.FileNotFoundException: Could not load file or assembly 'Microsoft.Bcl.AsyncInterfaces, Culture=neutral, PublicKeyToken=null'. The system cannot find the file specified.
File name: 'Microsoft.Bcl.AsyncInterfaces, Culture=neutral, PublicKeyToken=null'
   at System.Reflection.RuntimeAssembly.InternalLoad(AssemblyName assemblyName, StackCrawlMark& stackMark, AssemblyLoadContext assemblyLoadContext, RuntimeAssembly requestingAssembly, Boolean throwOnFileNotFound)
   at System.Reflection.Assembly.Load(AssemblyName assemblyRef)
   at Microsoft.VisualStudio.TestPlatform.Common.ExtensionFramework.TestPluginCache.CurrentDomainAssemblyResolve(Object sender, AssemblyResolveEventArgs args) in /_/src/Microsoft.TestPlatform.Common/ExtensionFramework/TestPluginCache.cs:line 513
   at System.Runtime.Loader.AssemblyLoadContext.GetFirstResolvedAssemblyFromResolvingEvent(AssemblyName assemblyName)
   at System.Runtime.Loader.AssemblyLoadContext.ResolveUsingEvent(AssemblyName assemblyName)
   at System.Runtime.Loader.AssemblyLoadContext.ResolveUsingResolvingEvent(IntPtr gchManagedAssemblyLoadContext, AssemblyName assemblyName)
TpTrace Information: 0 : 22060, 1, 2024/01/16, 19:25:02.201, 4614081844610, vstest.console.dll, AssemblyResolver.OnResolve: Microsoft.TestPlatform.Extensions.BlameDataCollector: Resolving assembly.
TpTrace Information: 0 : 22060, 1, 2024/01/16, 19:25:02.201, 4614081845135, vstest.console.dll, AssemblyResolver.OnResolve: Microsoft.TestPlatform.Extensions.BlameDataCollector: Searching in: 'C:\Program Files\dotnet\sdk\8.0.100\Extensions'.
TpTrace Information: 0 : 22060, 1, 2024/01/16, 19:25:02.201, 4614081848286, vstest.console.dll, AssemblyResolver.OnResolve: Microsoft.TestPlatform.Extensions.BlameDataCollector: Loading assembly 'C:\Program Files\dotnet\sdk\8.0.100\Extensions\Microsoft.TestPlatform.Extensions.BlameDataCollector.dll'.
TpTrace Information: 0 : 22060, 1, 2024/01/16, 19:25:02.201, 4614081853178, vstest.console.dll, AssemblyResolver.OnResolve: Resolved assembly: Microsoft.TestPlatform.Extensions.BlameDataCollector, from path: C:\Program Files\dotnet\sdk\8.0.100\Extensions\Microsoft.TestPlatform.Extensions.BlameDataCollector.dll
TpTrace Verbose: 0 : 22060, 1, 2024/01/16, 19:25:02.201, 4614081854034, vstest.console.dll, MetadataReaderExtensionsHelper: Discovering extensions inside assembly 'Microsoft.TestPlatform.Extensions.BlameDataCollector, Version=15.0.0.0, Culture=neutral, PublicKeyToken=b03f5f7f11d50a3a' file path 'C:\Program Files\dotnet\sdk\8.0.100\Extensions\Microsoft.TestPlatform.Extensions.BlameDataCollector.dll'
TpTrace Information: 0 : 22060, 1, 2024/01/16, 19:25:02.203, 4614081866615, vstest.console.dll, AssemblyResolver.OnResolve: Microsoft.TestPlatform.Extensions.EventLogCollector: Resolving assembly.
TpTrace Information: 0 : 22060, 1, 2024/01/16, 19:25:02.203, 4614081867272, vstest.console.dll, AssemblyResolver.OnResolve: Microsoft.TestPlatform.Extensions.EventLogCollector: Searching in: 'C:\Program Files\dotnet\sdk\8.0.100\Extensions'.
TpTrace Information: 0 : 22060, 1, 2024/01/16, 19:25:02.203, 4614081870635, vstest.console.dll, AssemblyResolver.OnResolve: Microsoft.TestPlatform.Extensions.EventLogCollector: Loading assembly 'C:\Program Files\dotnet\sdk\8.0.100\Extensions\Microsoft.TestPlatform.Extensions.EventLogCollector.dll'.
TpTrace Information: 0 : 22060, 1, 2024/01/16, 19:25:02.204, 4614081874350, vstest.console.dll, AssemblyResolver.OnResolve: Resolved assembly: Microsoft.TestPlatform.Extensions.EventLogCollector, from path: C:\Program Files\dotnet\sdk\8.0.100\Extensions\Microsoft.TestPlatform.Extensions.EventLogCollector.dll
TpTrace Verbose: 0 : 22060, 1, 2024/01/16, 19:25:02.204, 4614081875040, vstest.console.dll, MetadataReaderExtensionsHelper: Discovering extensions inside assembly 'Microsoft.TestPlatform.Extensions.EventLogCollector, Version=15.0.0.0, Culture=neutral, PublicKeyToken=b03f5f7f11d50a3a' file path 'C:\Program Files\dotnet\sdk\8.0.100\Extensions\Microsoft.TestPlatform.Extensions.EventLogCollector.dll'
TpTrace Information: 0 : 22060, 1, 2024/01/16, 19:25:02.205, 4614081892921, vstest.console.dll, AssemblyResolver.OnResolve: Microsoft.TestPlatform.TestHostRuntimeProvider: Resolving assembly.
TpTrace Information: 0 : 22060, 1, 2024/01/16, 19:25:02.205, 4614081893602, vstest.console.dll, AssemblyResolver.OnResolve: Microsoft.TestPlatform.TestHostRuntimeProvider: Searching in: 'C:\Program Files\dotnet\sdk\8.0.100\Extensions'.
TpTrace Information: 0 : 22060, 1, 2024/01/16, 19:25:02.206, 4614081896445, vstest.console.dll, AssemblyResolver.OnResolve: Microsoft.TestPlatform.TestHostRuntimeProvider: Loading assembly 'C:\Program Files\dotnet\sdk\8.0.100\Extensions\Microsoft.TestPlatform.TestHostRuntimeProvider.dll'.
TpTrace Information: 0 : 22060, 1, 2024/01/16, 19:25:02.206, 4614081900563, vstest.console.dll, AssemblyResolver.OnResolve: Resolved assembly: Microsoft.TestPlatform.TestHostRuntimeProvider, from path: C:\Program Files\dotnet\sdk\8.0.100\Extensions\Microsoft.TestPlatform.TestHostRuntimeProvider.dll
TpTrace Verbose: 0 : 22060, 1, 2024/01/16, 19:25:02.206, 4614081901261, vstest.console.dll, MetadataReaderExtensionsHelper: Discovering extensions inside assembly 'Microsoft.TestPlatform.TestHostRuntimeProvider, Version=15.0.0.0, Culture=neutral, PublicKeyToken=b03f5f7f11d50a3a' file path 'C:\Program Files\dotnet\sdk\8.0.100\Extensions\Microsoft.TestPlatform.TestHostRuntimeProvider.dll'
TpTrace Information: 0 : 22060, 1, 2024/01/16, 19:25:02.208, 4614081915304, vstest.console.dll, GetTestExtensionFromType: Register extension with identifier data 'HostProvider://DefaultTestHost' and type 'Microsoft.VisualStudio.TestPlatform.CrossPlatEngine.Hosting.DefaultTestHostManager, Microsoft.TestPlatform.TestHostRuntimeProvider, Version=15.0.0.0, Culture=neutral, PublicKeyToken=b03f5f7f11d50a3a' inside file 'C:\Program Files\dotnet\sdk\8.0.100\Extensions\Microsoft.TestPlatform.TestHostRuntimeProvider.dll'
TpTrace Information: 0 : 22060, 1, 2024/01/16, 19:25:02.208, 4614081917824, vstest.console.dll, GetTestExtensionFromType: Register extension with identifier data 'HostProvider://DotnetTestHost' and type 'Microsoft.VisualStudio.TestPlatform.CrossPlatEngine.Hosting.DotnetTestHostManager, Microsoft.TestPlatform.TestHostRuntimeProvider, Version=15.0.0.0, Culture=neutral, PublicKeyToken=b03f5f7f11d50a3a' inside file 'C:\Program Files\dotnet\sdk\8.0.100\Extensions\Microsoft.TestPlatform.TestHostRuntimeProvider.dll'
TpTrace Information: 0 : 22060, 1, 2024/01/16, 19:25:02.208, 4614081918665, vstest.console.dll, AssemblyResolver.OnResolve: Microsoft.VisualStudio.TestPlatform.Extensions.Html.TestLogger: Resolving assembly.
TpTrace Information: 0 : 22060, 1, 2024/01/16, 19:25:02.208, 4614081919102, vstest.console.dll, AssemblyResolver.OnResolve: Microsoft.VisualStudio.TestPlatform.Extensions.Html.TestLogger: Searching in: 'C:\Program Files\dotnet\sdk\8.0.100\Extensions'.
TpTrace Information: 0 : 22060, 1, 2024/01/16, 19:25:02.208, 4614081921799, vstest.console.dll, AssemblyResolver.OnResolve: Microsoft.VisualStudio.TestPlatform.Extensions.Html.TestLogger: Loading assembly 'C:\Program Files\dotnet\sdk\8.0.100\Extensions\Microsoft.VisualStudio.TestPlatform.Extensions.Html.TestLogger.dll'.
TpTrace Information: 0 : 22060, 1, 2024/01/16, 19:25:02.209, 4614081926079, vstest.console.dll, AssemblyResolver.OnResolve: Resolved assembly: Microsoft.VisualStudio.TestPlatform.Extensions.Html.TestLogger, from path: C:\Program Files\dotnet\sdk\8.0.100\Extensions\Microsoft.VisualStudio.TestPlatform.Extensions.Html.TestLogger.dll
TpTrace Verbose: 0 : 22060, 1, 2024/01/16, 19:25:02.209, 4614081926857, vstest.console.dll, MetadataReaderExtensionsHelper: Discovering extensions inside assembly 'Microsoft.VisualStudio.TestPlatform.Extensions.Html.TestLogger, Version=15.0.0.0, Culture=neutral, PublicKeyToken=b03f5f7f11d50a3a' file path 'C:\Program Files\dotnet\sdk\8.0.100\Extensions\Microsoft.VisualStudio.TestPlatform.Extensions.Html.TestLogger.dll'
TpTrace Information: 0 : 22060, 1, 2024/01/16, 19:25:02.209, 4614081933458, vstest.console.dll, AssemblyResolver.OnResolve: Microsoft.VisualStudio.TestPlatform.Extensions.Trx.TestLogger: Resolving assembly.
TpTrace Information: 0 : 22060, 1, 2024/01/16, 19:25:02.209, 4614081934132, vstest.console.dll, AssemblyResolver.OnResolve: Microsoft.VisualStudio.TestPlatform.Extensions.Trx.TestLogger: Searching in: 'C:\Program Files\dotnet\sdk\8.0.100\Extensions'.
TpTrace Information: 0 : 22060, 1, 2024/01/16, 19:25:02.210, 4614081937266, vstest.console.dll, AssemblyResolver.OnResolve: Microsoft.VisualStudio.TestPlatform.Extensions.Trx.TestLogger: Loading assembly 'C:\Program Files\dotnet\sdk\8.0.100\Extensions\Microsoft.VisualStudio.TestPlatform.Extensions.Trx.TestLogger.dll'.
TpTrace Information: 0 : 22060, 1, 2024/01/16, 19:25:02.210, 4614081942493, vstest.console.dll, AssemblyResolver.OnResolve: Resolved assembly: Microsoft.VisualStudio.TestPlatform.Extensions.Trx.TestLogger, from path: C:\Program Files\dotnet\sdk\8.0.100\Extensions\Microsoft.VisualStudio.TestPlatform.Extensions.Trx.TestLogger.dll
TpTrace Verbose: 0 : 22060, 1, 2024/01/16, 19:25:02.210, 4614081943202, vstest.console.dll, MetadataReaderExtensionsHelper: Discovering extensions inside assembly 'Microsoft.VisualStudio.TestPlatform.Extensions.Trx.TestLogger, Version=15.0.0.0, Culture=neutral, PublicKeyToken=b03f5f7f11d50a3a' file path 'C:\Program Files\dotnet\sdk\8.0.100\Extensions\Microsoft.VisualStudio.TestPlatform.Extensions.Trx.TestLogger.dll'
TpTrace Verbose: 0 : 22060, 1, 2024/01/16, 19:25:02.211, 4614081952059, vstest.console.dll, TestPluginCache: Discovered the extensions using extension path ''.
TpTrace Verbose: 0 : 22060, 1, 2024/01/16, 19:25:02.211, 4614081952779, vstest.console.dll, TestPluginCache: Discoverers are ''.
TpTrace Verbose: 0 : 22060, 1, 2024/01/16, 19:25:02.211, 4614081953058, vstest.console.dll, TestPluginCache: Executors are ''.
TpTrace Verbose: 0 : 22060, 1, 2024/01/16, 19:25:02.211, 4614081953287, vstest.console.dll, TestPluginCache: Executors2 are ''.
TpTrace Verbose: 0 : 22060, 1, 2024/01/16, 19:25:02.211, 4614081953510, vstest.console.dll, TestPluginCache: Setting providers are ''.
TpTrace Verbose: 0 : 22060, 1, 2024/01/16, 19:25:02.211, 4614081953736, vstest.console.dll, TestPluginCache: Loggers are ''.
TpTrace Verbose: 0 : 22060, 1, 2024/01/16, 19:25:02.212, 4614081955548, vstest.console.dll, TestPluginCache: TestHosts are 'HostProvider://DefaultTestHost,HostProvider://DotnetTestHost'.
TpTrace Verbose: 0 : 22060, 1, 2024/01/16, 19:25:02.212, 4614081955975, vstest.console.dll, TestPluginCache: DataCollectors are ''.
TpTrace Information: 0 : 22060, 1, 2024/01/16, 19:25:02.225, 4614082092768, vstest.console.dll, RunTestsArgumentProcessor:Execute: Test run is starting.
TpTrace Verbose: 0 : 22060, 1, 2024/01/16, 19:25:02.225, 4614082093661, vstest.console.dll, RunTestsArgumentProcessor:Execute: Queuing Test run.
TpTrace Information: 0 : 22060, 1, 2024/01/16, 19:25:02.226, 4614082096303, vstest.console.dll, TestRequestManager.RunTests: run tests started.
TpTrace Information: 0 : 22060, 1, 2024/01/16, 19:25:02.227, 4614082109747, vstest.console.dll, AssemblyMetadataProvider.GetFrameworkName: Determined framework:'.NETCoreApp,Version=v6.0' for source: 'C:\Users\Aida\source\repos\SeleniumKesten\SeleniumKesten\bin\Debug\net6.0\fine-code-coverage\build-output\SeleniumKesten.dll'
TpTrace Information: 0 : 22060, 1, 2024/01/16, 19:25:02.227, 4614082111306, vstest.console.dll, Determined framework for all sources: .NETCoreApp,Version=v6.0
TpTrace Verbose: 0 : 22060, 1, 2024/01/16, 19:25:02.228, 4614082114982, vstest.console.dll, TestRequestManager.UpdateRunSettingsIfRequired: Default architecture: X64 IsDefaultTargetArchitecture: True, Current process architecture: X64 OperatingSystem: Windows.
TpTrace Information: 0 : 22060, 1, 2024/01/16, 19:25:02.229, 4614082130577, vstest.console.dll, AssemblyMetadataProvider.GetArchitecture: Determined architecture:AnyCPU info for assembly: C:\Users\Aida\source\repos\SeleniumKesten\SeleniumKesten\bin\Debug\net6.0\fine-code-coverage\build-output\SeleniumKesten.dll
TpTrace Information: 0 : 22060, 1, 2024/01/16, 19:25:02.229, 4614082131194, vstest.console.dll, Determined platform for source 'C:\Users\Aida\source\repos\SeleniumKesten\SeleniumKesten\bin\Debug\net6.0\fine-code-coverage\build-output\SeleniumKesten.dll' was AnyCPU and it will use the default plaform X64.
TpTrace Information: 0 : 22060, 1, 2024/01/16, 19:25:02.229, 4614082131522, vstest.console.dll, None of the sources provided any runnable platform, using the default platform: X64
TpTrace Information: 0 : 22060, 1, 2024/01/16, 19:25:02.229, 4614082132545, vstest.console.dll, Platform was updated to 'X64'.
TpTrace Information: 0 : 22060, 1, 2024/01/16, 19:25:02.233, 4614082165909, vstest.console.dll, InferRunSettingsHelper.IsTestSettingsEnabled: Unable to navigate to RunSettings/MSTest. Current node: RunSettings
TpTrace Information: 0 : 22060, 1, 2024/01/16, 19:25:02.233, 4614082171839, vstest.console.dll, AssemblyResolver.OnResolve: Microsoft.VisualStudio.TestPlatform.Fakes: Resolving assembly.
TpTrace Information: 0 : 22060, 1, 2024/01/16, 19:25:02.233, 4614082172619, vstest.console.dll, AssemblyResolver.OnResolve: Microsoft.VisualStudio.TestPlatform.Fakes: Searching in: 'C:\Program Files\dotnet\sdk\8.0.100\Extensions'.
TpTrace Information: 0 : 22060, 1, 2024/01/16, 19:25:02.233, 4614082173518, vstest.console.dll, AssemblyResolver.OnResolve: Microsoft.VisualStudio.TestPlatform.Fakes: Assembly path does not exist: 'C:\Program Files\dotnet\sdk\8.0.100\Extensions\Microsoft.VisualStudio.TestPlatform.Fakes.dll', returning.
TpTrace Information: 0 : 22060, 1, 2024/01/16, 19:25:02.233, 4614082174134, vstest.console.dll, AssemblyResolver.OnResolve: Microsoft.VisualStudio.TestPlatform.Fakes: Assembly path does not exist: 'C:\Program Files\dotnet\sdk\8.0.100\Extensions\Microsoft.VisualStudio.TestPlatform.Fakes.exe', returning.
TpTrace Information: 0 : 22060, 1, 2024/01/16, 19:25:02.234, 4614082174439, vstest.console.dll, AssemblyResolver.OnResolve: Microsoft.VisualStudio.TestPlatform.Fakes: Searching in: 'C:\Program Files\dotnet\sdk\8.0.100'.
TpTrace Information: 0 : 22060, 1, 2024/01/16, 19:25:02.234, 4614082175104, vstest.console.dll, AssemblyResolver.OnResolve: Microsoft.VisualStudio.TestPlatform.Fakes: Assembly path does not exist: 'C:\Program Files\dotnet\sdk\8.0.100\Microsoft.VisualStudio.TestPlatform.Fakes.dll', returning.
TpTrace Information: 0 : 22060, 1, 2024/01/16, 19:25:02.234, 4614082175803, vstest.console.dll, AssemblyResolver.OnResolve: Microsoft.VisualStudio.TestPlatform.Fakes: Assembly path does not exist: 'C:\Program Files\dotnet\sdk\8.0.100\Microsoft.VisualStudio.TestPlatform.Fakes.exe', returning.
TpTrace Information: 0 : 22060, 1, 2024/01/16, 19:25:02.234, 4614082176098, vstest.console.dll, AssemblyResolver.OnResolve: Microsoft.VisualStudio.TestPlatform.Fakes: Failed to load assembly.
TpTrace Information: 0 : 22060, 1, 2024/01/16, 19:25:02.234, 4614082179110, vstest.console.dll, Failed to load assembly Microsoft.VisualStudio.TestPlatform.Fakes, Version=17.0.0.0, Culture=neutral. Reason:System.IO.FileNotFoundException: Could not load file or assembly 'Microsoft.VisualStudio.TestPlatform.Fakes, Version=17.0.0.0, Culture=neutral, PublicKeyToken=null'. The system cannot find the file specified.
File name: 'Microsoft.VisualStudio.TestPlatform.Fakes, Version=17.0.0.0, Culture=neutral, PublicKeyToken=null'
   at System.Reflection.RuntimeAssembly.InternalLoad(AssemblyName assemblyName, StackCrawlMark& stackMark, AssemblyLoadContext assemblyLoadContext, RuntimeAssembly requestingAssembly, Boolean throwOnFileNotFound)
   at System.Reflection.Assembly.Load(AssemblyName assemblyRef)
   at Microsoft.VisualStudio.TestPlatform.Common.Utilities.FakesUtilities.LoadTestPlatformAssembly() in /_/src/Microsoft.TestPlatform.Common/Utilities/FakesUtilities.cs:line 272
TpTrace Verbose: 0 : 22060, 1, 2024/01/16, 19:25:02.237, 4614082211947, vstest.console.dll, TestPluginCache.DiscoverTestExtensions: finding test extensions in assemblies ends with: TestLogger.dll TPluginInfo: Microsoft.VisualStudio.TestPlatform.Common.ExtensionFramework.Utilities.TestLoggerPluginInformation TExtension: Microsoft.VisualStudio.TestPlatform.ObjectModel.Client.ITestLogger
TpTrace Verbose: 0 : 22060, 1, 2024/01/16, 19:25:02.237, 4614082212791, vstest.console.dll, TestPluginCache.GetExtensionPaths: Filtered extension paths: 
TpTrace Verbose: 0 : 22060, 1, 2024/01/16, 19:25:02.237, 4614082213198, vstest.console.dll, TestPluginCache.GetExtensionPaths: Added default extension paths: C:\Program Files\dotnet\sdk\8.0.100\Extensions\Microsoft.Diagnostics.NETCore.Client.dll
C:\Program Files\dotnet\sdk\8.0.100\Extensions\Microsoft.TestPlatform.Extensions.BlameDataCollector.dll
C:\Program Files\dotnet\sdk\8.0.100\Extensions\Microsoft.TestPlatform.Extensions.EventLogCollector.dll
C:\Program Files\dotnet\sdk\8.0.100\Extensions\Microsoft.TestPlatform.TestHostRuntimeProvider.dll
C:\Program Files\dotnet\sdk\8.0.100\Extensions\Microsoft.VisualStudio.TestPlatform.Extensions.Html.TestLogger.dll
C:\Program Files\dotnet\sdk\8.0.100\Extensions\Microsoft.VisualStudio.TestPlatform.Extensions.Trx.TestLogger.dll
TpTrace Verbose: 0 : 22060, 1, 2024/01/16, 19:25:02.237, 4614082213487, vstest.console.dll, TestPluginCache.GetExtensionPaths: Added unfilterableExtensionPaths: 
TpTrace Information: 0 : 22060, 1, 2024/01/16, 19:25:02.238, 4614082214734, vstest.console.dll, AssemblyResolver.AddSearchDirectories: Adding more searchDirectories C:\Program Files\dotnet\sdk\8.0.100\Extensions,C:\Program Files\dotnet\sdk\8.0.100
TpTrace Verbose: 0 : 22060, 1, 2024/01/16, 19:25:02.238, 4614082215205, vstest.console.dll, TestPluginCache.DiscoverTestExtensions: Discovering the extensions using extension path.
TpTrace Verbose: 0 : 22060, 1, 2024/01/16, 19:25:02.238, 4614082215537, vstest.console.dll, TestPluginCache.GetExtensionPaths: Filtered extension paths: 
TpTrace Verbose: 0 : 22060, 1, 2024/01/16, 19:25:02.238, 4614082215859, vstest.console.dll, TestPluginCache.GetExtensionPaths: Added default extension paths: C:\Program Files\dotnet\sdk\8.0.100\Extensions\Microsoft.Diagnostics.NETCore.Client.dll
C:\Program Files\dotnet\sdk\8.0.100\Extensions\Microsoft.TestPlatform.Extensions.BlameDataCollector.dll
C:\Program Files\dotnet\sdk\8.0.100\Extensions\Microsoft.TestPlatform.Extensions.EventLogCollector.dll
C:\Program Files\dotnet\sdk\8.0.100\Extensions\Microsoft.TestPlatform.TestHostRuntimeProvider.dll
C:\Program Files\dotnet\sdk\8.0.100\Extensions\Microsoft.VisualStudio.TestPlatform.Extensions.Html.TestLogger.dll
C:\Program Files\dotnet\sdk\8.0.100\Extensions\Microsoft.VisualStudio.TestPlatform.Extensions.Trx.TestLogger.dll
TpTrace Verbose: 0 : 22060, 1, 2024/01/16, 19:25:02.238, 4614082216131, vstest.console.dll, TestPluginCache.GetExtensionPaths: Added unfilterableExtensionPaths: 
TpTrace Verbose: 0 : 22060, 1, 2024/01/16, 19:25:02.238, 4614082216495, vstest.console.dll, TestPluginCache.DiscoverTestExtensions: Discovering the extensions using allExtensionPaths: C:\Program Files\dotnet\sdk\8.0.100\Extensions\Microsoft.Diagnostics.NETCore.Client.dll
C:\Program Files\dotnet\sdk\8.0.100\Extensions\Microsoft.TestPlatform.Extensions.BlameDataCollector.dll
C:\Program Files\dotnet\sdk\8.0.100\Extensions\Microsoft.TestPlatform.Extensions.EventLogCollector.dll
C:\Program Files\dotnet\sdk\8.0.100\Extensions\Microsoft.TestPlatform.TestHostRuntimeProvider.dll
C:\Program Files\dotnet\sdk\8.0.100\Extensions\Microsoft.VisualStudio.TestPlatform.Extensions.Html.TestLogger.dll
C:\Program Files\dotnet\sdk\8.0.100\Extensions\Microsoft.VisualStudio.TestPlatform.Extensions.Trx.TestLogger.dll
TpTrace Information: 0 : 22060, 1, 2024/01/16, 19:25:02.238, 4614082217609, vstest.console.dll, AssemblyResolver.AddSearchDirectories: Adding more searchDirectories C:\Program Files\dotnet\sdk\8.0.100\Extensions,C:\Program Files\dotnet\sdk\8.0.100
TpTrace Information: 0 : 22060, 1, 2024/01/16, 19:25:02.238, 4614082218016, vstest.console.dll, AssemblyResolver.AddSearchDirectories: Adding more searchDirectories C:\Program Files\dotnet\sdk\8.0.100\Extensions,C:\Program Files\dotnet\sdk\8.0.100
TpTrace Information: 0 : 22060, 1, 2024/01/16, 19:25:02.238, 4614082218414, vstest.console.dll, AssemblyResolver.AddSearchDirectories: Adding more searchDirectories C:\Program Files\dotnet\sdk\8.0.100\Extensions,C:\Program Files\dotnet\sdk\8.0.100
TpTrace Information: 0 : 22060, 1, 2024/01/16, 19:25:02.238, 4614082218682, vstest.console.dll, AssemblyResolver.AddSearchDirectories: Adding more searchDirectories C:\Program Files\dotnet\sdk\8.0.100\Extensions,C:\Program Files\dotnet\sdk\8.0.100
TpTrace Information: 0 : 22060, 1, 2024/01/16, 19:25:02.238, 4614082218942, vstest.console.dll, AssemblyResolver.AddSearchDirectories: Adding more searchDirectories C:\Program Files\dotnet\sdk\8.0.100\Extensions,C:\Program Files\dotnet\sdk\8.0.100
TpTrace Information: 0 : 22060, 1, 2024/01/16, 19:25:02.238, 4614082219245, vstest.console.dll, AssemblyResolver.AddSearchDirectories: Adding more searchDirectories C:\Program Files\dotnet\sdk\8.0.100\Extensions,C:\Program Files\dotnet\sdk\8.0.100
TpTrace Verbose: 0 : 22060, 1, 2024/01/16, 19:25:02.238, 4614082220227, vstest.console.dll, MetadataReaderExtensionsHelper: Discovering extensions inside assembly 'Microsoft.Diagnostics.NETCore.Client, Version=0.2.8.21101, Culture=neutral, PublicKeyToken=31bf3856ad364e35' file path 'C:\Program Files\dotnet\sdk\8.0.100\Extensions\Microsoft.Diagnostics.NETCore.Client.dll'
TpTrace Information: 0 : 22060, 1, 2024/01/16, 19:25:02.239, 4614082227365, vstest.console.dll, AssemblyResolver.OnResolve: Microsoft.Bcl.AsyncInterfaces: Resolving assembly.
TpTrace Information: 0 : 22060, 1, 2024/01/16, 19:25:02.239, 4614082227925, vstest.console.dll, AssemblyResolver.OnResolve: Microsoft.Bcl.AsyncInterfaces: Resolved from cache.
TpTrace Verbose: 0 : 22060, 1, 2024/01/16, 19:25:02.239, 4614082228281, vstest.console.dll, CurrentDomainAssemblyResolve: Resolving assembly 'Microsoft.Bcl.AsyncInterfaces'.
TpTrace Information: 0 : 22060, 1, 2024/01/16, 19:25:02.239, 4614082228757, vstest.console.dll, AssemblyResolver.OnResolve: Microsoft.Bcl.AsyncInterfaces: Resolving assembly.
TpTrace Information: 0 : 22060, 1, 2024/01/16, 19:25:02.239, 4614082229040, vstest.console.dll, AssemblyResolver.OnResolve: Microsoft.Bcl.AsyncInterfaces: Resolved from cache.
TpTrace Verbose: 0 : 22060, 1, 2024/01/16, 19:25:02.239, 4614082229280, vstest.console.dll, CurrentDomainAssemblyResolve: Resolving assembly 'Microsoft.Bcl.AsyncInterfaces'.
TpTrace Verbose: 0 : 22060, 1, 2024/01/16, 19:25:02.239, 4614082229514, vstest.console.dll, CurrentDomainAssemblyResolve: Failed to resolve assembly 'Microsoft.Bcl.AsyncInterfaces'.
TpTrace Verbose: 0 : 22060, 1, 2024/01/16, 19:25:02.239, 4614082230855, vstest.console.dll, CurrentDomainAssemblyResolve: Failed to resolve assembly 'Microsoft.Bcl.AsyncInterfaces'.
TpTrace Warning: 0 : 22060, 1, 2024/01/16, 19:25:02.240, 4614082234358, vstest.console.dll, TestPluginDiscoverer: Failed to get types from assembly 'Microsoft.Diagnostics.NETCore.Client, Version=0.2.8.21101, Culture=neutral, PublicKeyToken=31bf3856ad364e35'. Error: System.Reflection.ReflectionTypeLoadException: Unable to load one or more of the requested types.
Could not load file or assembly 'Microsoft.Bcl.AsyncInterfaces, Version=1.0.0.0, Culture=neutral, PublicKeyToken=cc7b13ffcd2ddd51'. The system cannot find the file specified.
   at System.Reflection.RuntimeModule.GetTypes(RuntimeModule module)
   at System.Reflection.RuntimeModule.GetTypes()
   at Microsoft.VisualStudio.TestPlatform.Common.ExtensionFramework.TestPluginDiscoverer.GetTestExtensionsFromAssembly[TPluginInfo,TExtension](Assembly assembly, Dictionary`2 pluginInfos, String filePath) in /_/src/Microsoft.TestPlatform.Common/ExtensionFramework/TestPluginDiscoverer.cs:line 158
System.IO.FileNotFoundException: Could not load file or assembly 'Microsoft.Bcl.AsyncInterfaces, Version=1.0.0.0, Culture=neutral, PublicKeyToken=cc7b13ffcd2ddd51'. The system cannot find the file specified.
File name: 'Microsoft.Bcl.AsyncInterfaces, Version=1.0.0.0, Culture=neutral, PublicKeyToken=cc7b13ffcd2ddd51'
 ---> System.IO.FileNotFoundException: Could not load file or assembly 'Microsoft.Bcl.AsyncInterfaces, Culture=neutral, PublicKeyToken=null'. The system cannot find the file specified.
File name: 'Microsoft.Bcl.AsyncInterfaces, Culture=neutral, PublicKeyToken=null'
   at System.Reflection.RuntimeAssembly.InternalLoad(AssemblyName assemblyName, StackCrawlMark& stackMark, AssemblyLoadContext assemblyLoadContext, RuntimeAssembly requestingAssembly, Boolean throwOnFileNotFound)
   at System.Reflection.Assembly.Load(AssemblyName assemblyRef)
   at Microsoft.VisualStudio.TestPlatform.Common.ExtensionFramework.TestPluginCache.CurrentDomainAssemblyResolve(Object sender, AssemblyResolveEventArgs args) in /_/src/Microsoft.TestPlatform.Common/ExtensionFramework/TestPluginCache.cs:line 513
   at System.Runtime.Loader.AssemblyLoadContext.GetFirstResolvedAssemblyFromResolvingEvent(AssemblyName assemblyName)
   at System.Runtime.Loader.AssemblyLoadContext.ResolveUsingEvent(AssemblyName assemblyName)
   at System.Runtime.Loader.AssemblyLoadContext.ResolveUsingResolvingEvent(IntPtr gchManagedAssemblyLoadContext, AssemblyName assemblyName)
TpTrace Warning: 0 : 22060, 1, 2024/01/16, 19:25:02.240, 4614082236657, vstest.console.dll, LoaderExceptions: System.IO.FileNotFoundException: Could not load file or assembly 'Microsoft.Bcl.AsyncInterfaces, Version=1.0.0.0, Culture=neutral, PublicKeyToken=cc7b13ffcd2ddd51'. The system cannot find the file specified.
File name: 'Microsoft.Bcl.AsyncInterfaces, Version=1.0.0.0, Culture=neutral, PublicKeyToken=cc7b13ffcd2ddd51'
 ---> System.IO.FileNotFoundException: Could not load file or assembly 'Microsoft.Bcl.AsyncInterfaces, Culture=neutral, PublicKeyToken=null'. The system cannot find the file specified.
File name: 'Microsoft.Bcl.AsyncInterfaces, Culture=neutral, PublicKeyToken=null'
   at System.Reflection.RuntimeAssembly.InternalLoad(AssemblyName assemblyName, StackCrawlMark& stackMark, AssemblyLoadContext assemblyLoadContext, RuntimeAssembly requestingAssembly, Boolean throwOnFileNotFound)
   at System.Reflection.Assembly.Load(AssemblyName assemblyRef)
   at Microsoft.VisualStudio.TestPlatform.Common.ExtensionFramework.TestPluginCache.CurrentDomainAssemblyResolve(Object sender, AssemblyResolveEventArgs args) in /_/src/Microsoft.TestPlatform.Common/ExtensionFramework/TestPluginCache.cs:line 513
   at System.Runtime.Loader.AssemblyLoadContext.GetFirstResolvedAssemblyFromResolvingEvent(AssemblyName assemblyName)
   at System.Runtime.Loader.AssemblyLoadContext.ResolveUsingEvent(AssemblyName assemblyName)
   at System.Runtime.Loader.AssemblyLoadContext.ResolveUsingResolvingEvent(IntPtr gchManagedAssemblyLoadContext, AssemblyName assemblyName)
TpTrace Verbose: 0 : 22060, 1, 2024/01/16, 19:25:02.240, 4614082237636, vstest.console.dll, MetadataReaderExtensionsHelper: Discovering extensions inside assembly 'Microsoft.TestPlatform.Extensions.BlameDataCollector, Version=15.0.0.0, Culture=neutral, PublicKeyToken=b03f5f7f11d50a3a' file path 'C:\Program Files\dotnet\sdk\8.0.100\Extensions\Microsoft.TestPlatform.Extensions.BlameDataCollector.dll'
TpTrace Information: 0 : 22060, 1, 2024/01/16, 19:25:02.240, 4614082242292, vstest.console.dll, GetTestExtensionFromType: Register extension with identifier data 'logger://Microsoft/TestPlatform/Extensions/Blame/v1' and type 'Microsoft.TestPlatform.Extensions.BlameDataCollector.BlameLogger, Microsoft.TestPlatform.Extensions.BlameDataCollector, Version=15.0.0.0, Culture=neutral, PublicKeyToken=b03f5f7f11d50a3a' inside file 'C:\Program Files\dotnet\sdk\8.0.100\Extensions\Microsoft.TestPlatform.Extensions.BlameDataCollector.dll'
TpTrace Verbose: 0 : 22060, 1, 2024/01/16, 19:25:02.240, 4614082242981, vstest.console.dll, MetadataReaderExtensionsHelper: Discovering extensions inside assembly 'Microsoft.TestPlatform.Extensions.EventLogCollector, Version=15.0.0.0, Culture=neutral, PublicKeyToken=b03f5f7f11d50a3a' file path 'C:\Program Files\dotnet\sdk\8.0.100\Extensions\Microsoft.TestPlatform.Extensions.EventLogCollector.dll'
TpTrace Verbose: 0 : 22060, 1, 2024/01/16, 19:25:02.241, 4614082245750, vstest.console.dll, MetadataReaderExtensionsHelper: Discovering extensions inside assembly 'Microsoft.TestPlatform.TestHostRuntimeProvider, Version=15.0.0.0, Culture=neutral, PublicKeyToken=b03f5f7f11d50a3a' file path 'C:\Program Files\dotnet\sdk\8.0.100\Extensions\Microsoft.TestPlatform.TestHostRuntimeProvider.dll'
TpTrace Verbose: 0 : 22060, 1, 2024/01/16, 19:25:02.241, 4614082248881, vstest.console.dll, MetadataReaderExtensionsHelper: Discovering extensions inside assembly 'Microsoft.VisualStudio.TestPlatform.Extensions.Html.TestLogger, Version=15.0.0.0, Culture=neutral, PublicKeyToken=b03f5f7f11d50a3a' file path 'C:\Program Files\dotnet\sdk\8.0.100\Extensions\Microsoft.VisualStudio.TestPlatform.Extensions.Html.TestLogger.dll'
TpTrace Information: 0 : 22060, 1, 2024/01/16, 19:25:02.241, 4614082253710, vstest.console.dll, GetTestExtensionFromType: Register extension with identifier data 'logger://Microsoft/TestPlatform/HtmlLogger/v1' and type 'Microsoft.VisualStudio.TestPlatform.Extensions.HtmlLogger.HtmlLogger, Microsoft.VisualStudio.TestPlatform.Extensions.Html.TestLogger, Version=15.0.0.0, Culture=neutral, PublicKeyToken=b03f5f7f11d50a3a' inside file 'C:\Program Files\dotnet\sdk\8.0.100\Extensions\Microsoft.VisualStudio.TestPlatform.Extensions.Html.TestLogger.dll'
TpTrace Verbose: 0 : 22060, 1, 2024/01/16, 19:25:02.242, 4614082254398, vstest.console.dll, MetadataReaderExtensionsHelper: Discovering extensions inside assembly 'Microsoft.VisualStudio.TestPlatform.Extensions.Trx.TestLogger, Version=15.0.0.0, Culture=neutral, PublicKeyToken=b03f5f7f11d50a3a' file path 'C:\Program Files\dotnet\sdk\8.0.100\Extensions\Microsoft.VisualStudio.TestPlatform.Extensions.Trx.TestLogger.dll'
TpTrace Information: 0 : 22060, 1, 2024/01/16, 19:25:02.242, 4614082257829, vstest.console.dll, GetTestExtensionFromType: Register extension with identifier data 'logger://Microsoft/TestPlatform/TrxLogger/v1' and type 'Microsoft.VisualStudio.TestPlatform.Extensions.TrxLogger.TrxLogger, Microsoft.VisualStudio.TestPlatform.Extensions.Trx.TestLogger, Version=15.0.0.0, Culture=neutral, PublicKeyToken=b03f5f7f11d50a3a' inside file 'C:\Program Files\dotnet\sdk\8.0.100\Extensions\Microsoft.VisualStudio.TestPlatform.Extensions.Trx.TestLogger.dll'
TpTrace Verbose: 0 : 22060, 1, 2024/01/16, 19:25:02.242, 4614082259113, vstest.console.dll, TestPluginCache: Discovered the extensions using extension path ''.
TpTrace Verbose: 0 : 22060, 1, 2024/01/16, 19:25:02.242, 4614082259534, vstest.console.dll, TestPluginCache: Discoverers are ''.
TpTrace Verbose: 0 : 22060, 1, 2024/01/16, 19:25:02.242, 4614082259783, vstest.console.dll, TestPluginCache: Executors are ''.
TpTrace Verbose: 0 : 22060, 1, 2024/01/16, 19:25:02.242, 4614082260011, vstest.console.dll, TestPluginCache: Executors2 are ''.
TpTrace Verbose: 0 : 22060, 1, 2024/01/16, 19:25:02.242, 4614082260235, vstest.console.dll, TestPluginCache: Setting providers are ''.
TpTrace Verbose: 0 : 22060, 1, 2024/01/16, 19:25:02.242, 4614082260884, vstest.console.dll, TestPluginCache: Loggers are 'logger://Microsoft/TestPlatform/Extensions/Blame/v1,logger://Microsoft/TestPlatform/HtmlLogger/v1,logger://Microsoft/TestPlatform/TrxLogger/v1'.
TpTrace Verbose: 0 : 22060, 1, 2024/01/16, 19:25:02.242, 4614082261345, vstest.console.dll, TestPluginCache: TestHosts are 'HostProvider://DefaultTestHost,HostProvider://DotnetTestHost'.
TpTrace Verbose: 0 : 22060, 1, 2024/01/16, 19:25:02.242, 4614082261665, vstest.console.dll, TestPluginCache: DataCollectors are ''.
TpTrace Information: 0 : 22060, 1, 2024/01/16, 19:25:02.243, 4614082269542, vstest.console.dll, TestPluginManager.CreateTestExtension: Attempting to load test extension: Microsoft.TestPlatform.Extensions.BlameDataCollector.BlameLogger
TpTrace Verbose: 0 : 22060, 1, 2024/01/16, 19:25:02.251, 4614082346787, vstest.console.dll, TestEngine: Initializing Parallel Execution as MaxCpuCount is set to: 1
TpTrace Information: 0 : 22060, 1, 2024/01/16, 19:25:02.252, 4614082361873, vstest.console.dll, TestPluginManager.CreateTestExtension: Attempting to load test extension: Microsoft.VisualStudio.TestPlatform.CrossPlatEngine.Hosting.DefaultTestHostManager
TpTrace Information: 0 : 22060, 1, 2024/01/16, 19:25:02.253, 4614082368919, vstest.console.dll, TestPluginManager.CreateTestExtension: Attempting to load test extension: Microsoft.VisualStudio.TestPlatform.CrossPlatEngine.Hosting.DotnetTestHostManager
TpTrace Information: 0 : 22060, 1, 2024/01/16, 19:25:02.254, 4614082374576, vstest.console.dll, InferRunSettingsHelper.IsTestSettingsEnabled: Unable to navigate to RunSettings/MSTest. Current node: RunSettings
TpTrace Verbose: 0 : 22060, 1, 2024/01/16, 19:25:02.254, 4614082380498, vstest.console.dll, ParallelOperationManager.ClearSlots: Clearing all slots. Slots should accept more work: True
TpTrace Verbose: 0 : 22060, 1, 2024/01/16, 19:25:02.255, 4614082386757, vstest.console.dll, ParallelOperationManager.SetOccupiedSlotCount: Setting slot counts AvailableSlotCount = 1, OccupiedSlotCount = 0.
TpTrace Verbose: 0 : 22060, 1, 2024/01/16, 19:25:02.255, 4614082390230, vstest.console.dll, Occupied slots:

TpTrace Verbose: 0 : 22060, 1, 2024/01/16, 19:25:02.258, 4614082423869, vstest.console.dll, TestEngine.GetExecutionManager: Chosen execution manager 'Microsoft.VisualStudio.TestPlatform.CrossPlatEngine.Client.Parallel.ParallelProxyExecutionManager, Microsoft.TestPlatform.CrossPlatEngine, Version=15.0.0.0, Culture=neutral, PublicKeyToken=b03f5f7f11d50a3a' ParallelLevel '1'.
TpTrace Verbose: 0 : 22060, 1, 2024/01/16, 19:25:02.259, 4614082425118, vstest.console.dll, TestRunRequest.ExecuteAsync: Creating test run request.
TpTrace Verbose: 0 : 22060, 1, 2024/01/16, 19:25:02.259, 4614082427333, vstest.console.dll, TestRunRequest.ExecuteAsync: Starting.
TpTrace Information: 0 : 22060, 1, 2024/01/16, 19:25:02.260, 4614082439121, vstest.console.dll, TestRunRequest.ExecuteAsync: Starting run with settings:TestRunCriteria:
   KeepAlive=False,FrequencyOfRunStatsChangeEvent=10,RunStatsChangeEventTimeout=00:00:01.5000000,TestCaseFilter=,TestExecutorLauncher=
   Settingsxml=<RunSettings>
  <RunConfiguration>
    <ResultsDirectory>C:\Users\Aida\source\repos\SeleniumKesten\SeleniumKesten\bin\Debug\net6.0\fine-code-coverage\coverage-tool-output</ResultsDirectory>
    <TargetPlatform>X64</TargetPlatform>
    <TargetFrameworkVersion>.NETCoreApp,Version=v6.0</TargetFrameworkVersion>
    <DesignMode>False</DesignMode>
    <CollectSourceInformation>False</CollectSourceInformation>
  </RunConfiguration>
  <LoggerRunSettings>
    <Loggers>
      <Logger friendlyName="blame" enabled="True" />
      <Logger friendlyName="Console" uri="logger://microsoft/TestPlatform/ConsoleLogger/v1" assemblyQualifiedName="Microsoft.VisualStudio.TestPlatform.CommandLine.Internal.ConsoleLogger, vstest.console, Version=15.0.0.0, Culture=neutral, PublicKeyToken=b03f5f7f11d50a3a" codeBase="C:\Program Files\dotnet\sdk\8.0.100\vstest.console.dll" enabled="True" />
    </Loggers>
  </LoggerRunSettings>
  <DataCollectionRunSettings>
    <DataCollectors>
      <DataCollector friendlyName="blame" enabled="True">
        <Configuration>
          <ResultsDirectory>C:\Users\Aida\source\repos\SeleniumKesten\SeleniumKesten\bin\Debug\net6.0\fine-code-coverage\coverage-tool-output</ResultsDirectory>
        </Configuration>
      </DataCollector>
    </DataCollectors>
  </DataCollectionRunSettings>
</RunSettings>

TpTrace Verbose: 0 : 22060, 1, 2024/01/16, 19:25:02.260, 4614082439763, vstest.console.dll, TestRunRequest.ExecuteAsync: Wait for the first run request is over.
TpTrace Verbose: 0 : 22060, 1, 2024/01/16, 19:25:02.260, 4614082442428, vstest.console.dll, MulticastDelegateUtilities.SafeInvoke: TestRun.TestRunStart: Invoking callbacks was skipped because there are no subscribers.
TpTrace Verbose: 0 : 22060, 4, 2024/01/16, 19:25:02.261, 4614082444576, vstest.console.dll, MulticastDelegateUtilities.SafeInvoke: InternalTestLoggerEvents.SendTestRunStart: Invoking callback 1/1 for Microsoft.VisualStudio.TestPlatform.CommandLine.Internal.ConsoleLogger., took 0 ms.
TpTrace Verbose: 0 : 22060, 1, 2024/01/16, 19:25:02.261, 4614082453975, vstest.console.dll, ParallelProxyExecutionManager: Start execution. Total sources: 1
TpTrace Verbose: 0 : 22060, 1, 2024/01/16, 19:25:02.262, 4614082459437, vstest.console.dll, ParallelOperationManager.StartWork: Starting adding 1 workloads.
TpTrace Verbose: 0 : 22060, 1, 2024/01/16, 19:25:02.262, 4614082460381, vstest.console.dll, ParallelOperationManager.ClearSlots: Clearing all slots. Slots should accept more work: True
TpTrace Verbose: 0 : 22060, 1, 2024/01/16, 19:25:02.262, 4614082461255, vstest.console.dll, ParallelOperationManager.SetOccupiedSlotCount: Setting slot counts AvailableSlotCount = 1, OccupiedSlotCount = 0.
TpTrace Verbose: 0 : 22060, 1, 2024/01/16, 19:25:02.262, 4614082461706, vstest.console.dll, Occupied slots:

TpTrace Verbose: 0 : 22060, 1, 2024/01/16, 19:25:02.264, 4614082475864, vstest.console.dll, TestRequestSender is acting as server.
TpTrace Verbose: 0 : 22060, 1, 2024/01/16, 19:25:02.265, 4614082486903, vstest.console.dll, ParallelOperationManager.RunWorkInParallel: Adding 1 workload to slot, remaining workloads 0.
TpTrace Verbose: 0 : 22060, 1, 2024/01/16, 19:25:02.265, 4614082487627, vstest.console.dll, ParallelOperationManager.SetOccupiedSlotCount: Setting slot counts AvailableSlotCount = 0, OccupiedSlotCount = 1.
TpTrace Verbose: 0 : 22060, 1, 2024/01/16, 19:25:02.265, 4614082488655, vstest.console.dll, Occupied slots:
0: C:\Users\Aida\source\repos\SeleniumKesten\SeleniumKesten\bin\Debug\net6.0\fine-code-coverage\build-output\SeleniumKesten.dll
TpTrace Verbose: 0 : 22060, 1, 2024/01/16, 19:25:02.266, 4614082498890, vstest.console.dll, ParallelOperationManager.RunWorkInParallel: Started host in slot number 0 for work (source): C:\Users\Aida\source\repos\SeleniumKesten\SeleniumKesten\bin\Debug\net6.0\fine-code-coverage\build-output\SeleniumKesten.dll.
TpTrace Verbose: 0 : 22060, 1, 2024/01/16, 19:25:02.267, 4614082509061, vstest.console.dll, ParallelOperationManager.RunWorkInParallel: We started 1 work items, which is the max parallel level. Won't start more work.
TpTrace Verbose: 0 : 22060, 1, 2024/01/16, 19:25:02.267, 4614082509598, vstest.console.dll, ParallelOperationManager.RunWorkInParallel: We started 1 work items in here, returning True.
TpTrace Information: 0 : 22060, 1, 2024/01/16, 19:25:02.267, 4614082510034, vstest.console.dll, TestRunRequest.ExecuteAsync: Started.
TpTrace Verbose: 0 : 22060, 5, 2024/01/16, 19:25:02.267, 4614082511531, vstest.console.dll, ParallelProxyExecutionManager.StartTestRunOnConcurrentManager: Initializing uninitialized client. Started clients: 0
TpTrace Verbose: 0 : 22060, 5, 2024/01/16, 19:25:02.267, 4614082513693, vstest.console.dll, DataCollectionRequestSender.InitializeCommunication : Initialize communication. 
TpTrace Verbose: 0 : 22060, 1, 2024/01/16, 19:25:02.268, 4614082516654, vstest.console.dll, TestRunRequest.WaitForCompletion: Waiting with timeout -1.
TpTrace Information: 0 : 22060, 5, 2024/01/16, 19:25:02.275, 4614082593675, vstest.console.dll, Listening on Endpoint : 127.0.0.1:59970
TpTrace Verbose: 0 : 22060, 5, 2024/01/16, 19:25:02.281, 4614082651217, vstest.console.dll, DotnetDataCollectionLauncher: Adding  --runtimeconfig "C:\Program Files\dotnet\sdk\8.0.100\datacollector.runtimeconfig.json" in args
TpTrace Verbose: 0 : 22060, 5, 2024/01/16, 19:25:02.281, 4614082652299, vstest.console.dll, DotnetDataCollectionLauncher: Adding  --depsfile "C:\Program Files\dotnet\sdk\8.0.100\datacollector.deps.json" in args
TpTrace Verbose: 0 : 22060, 5, 2024/01/16, 19:25:02.281, 4614082654158, vstest.console.dll, DotnetDataCollectionLauncher: Full path of dotnet.exe is C:\Program Files\dotnet\dotnet.exe
TpTrace Information: 0 : 22060, 5, 2024/01/16, 19:25:02.289, 4614082730773, vstest.console.dll, ProxyDataCollectionManager.Initialize: Launched datacollector processId: 9364 port: 59970
TpTrace Information: 0 : 22060, 5, 2024/01/16, 19:25:02.289, 4614082732312, vstest.console.dll, ProxyDataCollectionManager.Initialize: waiting for connection with timeout: 90 seconds
TpTrace Verbose: 0 : 22060, 5, 2024/01/16, 19:25:02.289, 4614082733098, vstest.console.dll, DataCollectionRequestSender.WaitForRequestHandlerConnection : Waiting for connection with timeout: 90000
TpTrace Information: 0 : 22060, 7, 2024/01/16, 19:25:02.450, 4614084336234, vstest.console.dll, Using the buffer size of 16384 bytes
TpTrace Verbose: 0 : 22060, 5, 2024/01/16, 19:25:02.450, 4614084336422, vstest.console.dll, SocketCommunicationManager.WaitForClientConnection took: 160 ms, with 90000 ms timeout, and finished with True.
TpTrace Information: 0 : 22060, 7, 2024/01/16, 19:25:02.450, 4614084337545, vstest.console.dll, Accepted Client request and set the flag
TpTrace Verbose: 0 : 22060, 5, 2024/01/16, 19:25:02.450, 4614084339268, vstest.console.dll, ProxyDataCollectionManager.InvokeDataCollectionServiceAction: Starting.
TpTrace Information: 0 : 22060, 5, 2024/01/16, 19:25:02.450, 4614084340587, vstest.console.dll, ProxyDataCollectionManager.BeforeTestRunStart: Get environment variable and port for datacollector processId: 9364 port: 59970
TpTrace Verbose: 0 : 22060, 5, 2024/01/16, 19:25:02.450, 4614084342265, vstest.console.dll, DataCollectionRequestSender.SendBeforeTestRunStartAndGetResult: Send BeforeTestRunStart message with settingsXml <RunSettings><RunConfiguration><ResultsDirectory>C:\Users\Aida\source\repos\SeleniumKesten\SeleniumKesten\bin\Debug\net6.0\fine-code-coverage\coverage-tool-output</ResultsDirectory><TargetPlatform>X64</TargetPlatform><TargetFrameworkVersion>.NETCoreApp,Version=v6.0</TargetFrameworkVersion><DesignMode>False</DesignMode><CollectSourceInformation>False</CollectSourceInformation><TestAdaptersPaths>C:\Program Files\dotnet\sdk\8.0.100\Extensions</TestAdaptersPaths></RunConfiguration><LoggerRunSettings><Loggers><Logger friendlyName="blame" enabled="True" /><Logger friendlyName="Console" uri="logger://microsoft/TestPlatform/ConsoleLogger/v1" assemblyQualifiedName="Microsoft.VisualStudio.TestPlatform.CommandLine.Internal.ConsoleLogger, vstest.console, Version=15.0.0.0, Culture=neutral, PublicKeyToken=b03f5f7f11d50a3a" codeBase="C:\Program Files\dotnet\sdk\8.0.100\vstest.console.dll" enabled="True" /></Loggers></LoggerRunSettings><DataCollectionRunSettings><DataCollectors><DataCollector friendlyName="blame" enabled="True"><Configuration><ResultsDirectory>C:\Users\Aida\source\repos\SeleniumKesten\SeleniumKesten\bin\Debug\net6.0\fine-code-coverage\coverage-tool-output</ResultsDirectory></Configuration></DataCollector></DataCollectors></DataCollectionRunSettings></RunSettings> and sources System.Collections.Generic.List`1[System.String]: 
TpTrace Verbose: 0 : 22060, 5, 2024/01/16, 19:25:02.503, 4614084864566, vstest.console.dll, DataCollectionRequestSender.SendBeforeTestRunStartAndGetResult: Received message: (DataCollection.SendMessage) -> {"MessageType":"DataCollection.SendMessage","Payload":{"FriendlyName":null,"Uri":null,"TestCaseId":"00000000-0000-0000-0000-000000000000","Message":"Logging DataCollector Diagnostics in file: C:\\Users\\Aida\\source\\repos\\SeleniumKesten\\SeleniumKesten\\bin\\Debug\\net6.0\\fine-code-coverage\\coverage-tool-output\\diagnostics.datacollector.24-01-16_19-25-02_28144_5.log","Level":0}}
TpTrace Verbose: 0 : 22060, 5, 2024/01/16, 19:25:02.587, 4614085707882, vstest.console.dll, DataCollectionRequestSender.SendBeforeTestRunStartAndGetResult: Received message: (DataCollection.BeforeTestRunStartResult) -> {"MessageType":"DataCollection.BeforeTestRunStartResult","Payload":{"EnvironmentVariables":{},"DataCollectionEventsPort":59972}}
TpTrace Information: 0 : 22060, 5, 2024/01/16, 19:25:02.592, 4614085762267, vstest.console.dll, ProxyDataCollectionManager.BeforeTestRunStart: SendBeforeTestRunStartAndGetResult successful, env variable from datacollector:   and testhost port: 59972
TpTrace Information: 0 : 22060, 5, 2024/01/16, 19:25:02.592, 4614085763189, vstest.console.dll, ProxyDataCollectionManager.InvokeDataCollectionServiceAction: Completed.
TpTrace Verbose: 0 : 22060, 5, 2024/01/16, 19:25:02.592, 4614085763547, vstest.console.dll, ParallelProxyExecutionManager.StartTestRunOnConcurrentManager: Initializing test run. Started clients: 0
TpTrace Verbose: 0 : 22060, 5, 2024/01/16, 19:25:02.593, 4614085764517, vstest.console.dll, ProxyExecutionManager: Test host is always Lazy initialize.
TpTrace Verbose: 0 : 22060, 5, 2024/01/16, 19:25:02.593, 4614085766982, vstest.console.dll, TestRequestSender.InitializeCommunication: initialize communication. 
TpTrace Information: 0 : 22060, 5, 2024/01/16, 19:25:02.593, 4614085772456, vstest.console.dll, SocketServer.Start: Listening on endpoint : 127.0.0.1:59973
TpTrace Verbose: 0 : 22060, 5, 2024/01/16, 19:25:02.594, 4614085780836, vstest.console.dll, DotnetTestHostmanager.GetTestHostProcessStartInfo: Platform environment 'X64' target architecture 'X64' framework '.NETCoreApp,Version=v6.0' OS 'Windows'
TpTrace Verbose: 0 : 22060, 5, 2024/01/16, 19:25:02.594, 4614085783208, vstest.console.dll, DotnetTestHostmanager: Adding  --runtimeconfig "C:\Users\Aida\source\repos\SeleniumKesten\SeleniumKesten\bin\Debug\net6.0\fine-code-coverage\build-output\SeleniumKesten.runtimeconfig.json" in args
TpTrace Verbose: 0 : 22060, 5, 2024/01/16, 19:25:02.594, 4614085784237, vstest.console.dll, DotnetTestHostmanager: Adding  --depsfile "C:\Users\Aida\source\repos\SeleniumKesten\SeleniumKesten\bin\Debug\net6.0\fine-code-coverage\build-output\SeleniumKesten.deps.json" in args
TpTrace Verbose: 0 : 22060, 5, 2024/01/16, 19:25:02.595, 4614085786048, vstest.console.dll, DotnetTestHostmanager.IsWinOnArm: Current PROCESSOR_ARCHITECTURE from environment variable 'AMD64'
TpTrace Verbose: 0 : 22060, 5, 2024/01/16, 19:25:02.595, 4614085786683, vstest.console.dll, DotnetTestHostmanager.IsWinOnArm: Is Windows on ARM 'False'
TpTrace Verbose: 0 : 22060, 5, 2024/01/16, 19:25:02.595, 4614085787601, vstest.console.dll, DotnetTestHostManager: testhost.exe found at path: C:\Users\Aida\source\repos\SeleniumKesten\SeleniumKesten\bin\Debug\net6.0\fine-code-coverage\build-output\testhost.exe
TpTrace Verbose: 0 : 22060, 5, 2024/01/16, 19:25:02.595, 4614085788073, vstest.console.dll, DotnetTestHostmanager: Full path of host exe is C:\Users\Aida\source\repos\SeleniumKesten\SeleniumKesten\bin\Debug\net6.0\fine-code-coverage\build-output\testhost.exe
TpTrace Verbose: 0 : 22060, 5, 2024/01/16, 19:25:02.595, 4614085789318, vstest.console.dll, DotnetTestHostmanager.LaunchTestHostAsync: Found 'VSTEST_WINAPPHOST_DOTNET_ROOT' in env variables, value 'C:\Program Files\dotnet', forwarding to 'DOTNET_ROOT'
TpTrace Verbose: 0 : 22060, 5, 2024/01/16, 19:25:02.595, 4614085790795, vstest.console.dll, DotnetTestHostManager: Starting process 'C:\Users\Aida\source\repos\SeleniumKesten\SeleniumKesten\bin\Debug\net6.0\fine-code-coverage\build-output\testhost.exe' with command line ' --runtimeconfig "C:\Users\Aida\source\repos\SeleniumKesten\SeleniumKesten\bin\Debug\net6.0\fine-code-coverage\build-output\SeleniumKesten.runtimeconfig.json" --depsfile "C:\Users\Aida\source\repos\SeleniumKesten\SeleniumKesten\bin\Debug\net6.0\fine-code-coverage\build-output\SeleniumKesten.deps.json" --port 59973 --endpoint 127.0.0.1:059973 --role client --parentprocessid 22060 --diag "C:\Users\Aida\source\repos\SeleniumKesten\SeleniumKesten\bin\Debug\net6.0\fine-code-coverage\coverage-tool-output\diagnostics.host.24-01-16_19-25-02_59423_5.log" --tracelevel 4 --datacollectionport 59972 --telemetryoptedin false'
TpTrace Verbose: 0 : 22060, 5, 2024/01/16, 19:25:02.604, 4614085875948, vstest.console.dll, MulticastDelegateUtilities.SafeInvoke: HostProviderEvents.OnHostLaunched: Invoking callback 1/2 for Microsoft.VisualStudio.TestPlatform.CrossPlatEngine.Client.ProxyExecutionManagerWithDataCollection., took 1 ms.
TpTrace Verbose: 0 : 22060, 5, 2024/01/16, 19:25:02.604, 4614085879353, vstest.console.dll, Test Runtime launched
TpTrace Verbose: 0 : 22060, 5, 2024/01/16, 19:25:02.604, 4614085880160, vstest.console.dll, MulticastDelegateUtilities.SafeInvoke: HostProviderEvents.OnHostLaunched: Invoking callback 2/2 for Microsoft.VisualStudio.TestPlatform.CrossPlatEngine.Client.ProxyOperationManager., took 0 ms.
TpTrace Verbose: 0 : 22060, 5, 2024/01/16, 19:25:02.604, 4614085881749, vstest.console.dll, TestRequestSender.WaitForRequestHandlerConnection: waiting for connection with timeout: 90000.
TpTrace Verbose: 0 : 22060, 5, 2024/01/16, 19:25:02.797, 4614087806627, vstest.console.dll, TestRequestSender.WaitForRequestHandlerConnection: waiting took 192 ms, with timeout 90000 ms, and result 0, which is success.
TpTrace Verbose: 0 : 22060, 12, 2024/01/16, 19:25:02.797, 4614087806629, vstest.console.dll, MulticastDelegateUtilities.SafeInvoke: SocketServer: ClientConnected: Invoking callback 1/1 for Microsoft.VisualStudio.TestPlatform.CommunicationUtilities.TestRequestSender., took 0 ms.
TpTrace Verbose: 0 : 22060, 12, 2024/01/16, 19:25:02.797, 4614087808923, vstest.console.dll, SocketServer.OnClientConnected: Client connected for endPoint: 127.0.0.1:59973, starting MessageLoopAsync:
TpTrace Verbose: 0 : 22060, 12, 2024/01/16, 19:25:02.798, 4614087816944, vstest.console.dll, TcpClientExtensions.MessageLoopAsync: Polling on remoteEndPoint: 127.0.0.1:59974 localEndPoint: 127.0.0.1:59973
TpTrace Verbose: 0 : 22060, 5, 2024/01/16, 19:25:02.798, 4614087820069, vstest.console.dll, TestRequestSender.CheckVersionWithTestHost: Sending check version message: {"MessageType":"ProtocolVersion","Payload":7}
TpTrace Verbose: 0 : 22060, 12, 2024/01/16, 19:25:02.970, 4614089535363, vstest.console.dll, TcpClientExtensions.MessageLoopAsync: NotifyDataAvailable remoteEndPoint: 127.0.0.1:59974 localEndPoint: 127.0.0.1:59973
TpTrace Verbose: 0 : 22060, 12, 2024/01/16, 19:25:02.970, 4614089539189, vstest.console.dll, TestRequestSender.CheckVersionWithTestHost: onMessageReceived received message: (ProtocolVersion) -> {"MessageType":"ProtocolVersion","Payload":7}
TpTrace Verbose: 0 : 22060, 12, 2024/01/16, 19:25:02.971, 4614089549000, vstest.console.dll, MulticastDelegateUtilities.SafeInvoke: LengthPrefixCommunicationChannel: MessageReceived: Invoking callback 1/1 for Microsoft.VisualStudio.TestPlatform.CommunicationUtilities.TestRequestSender+<>c__DisplayClass29_0., took 1 ms.
TpTrace Verbose: 0 : 22060, 5, 2024/01/16, 19:25:02.971, 4614089550461, vstest.console.dll, TestPluginCache.GetExtensionPaths: Filtered extension paths: 
TpTrace Verbose: 0 : 22060, 12, 2024/01/16, 19:25:02.971, 4614089550783, vstest.console.dll, TcpClientExtensions.MessageLoopAsync: Polling on remoteEndPoint: 127.0.0.1:59974 localEndPoint: 127.0.0.1:59973
TpTrace Verbose: 0 : 22060, 5, 2024/01/16, 19:25:02.971, 4614089551414, vstest.console.dll, TestPluginCache.GetExtensionPaths: Added default extension paths: C:\Program Files\dotnet\sdk\8.0.100\Extensions\Microsoft.Diagnostics.NETCore.Client.dll
C:\Program Files\dotnet\sdk\8.0.100\Extensions\Microsoft.TestPlatform.Extensions.BlameDataCollector.dll
C:\Program Files\dotnet\sdk\8.0.100\Extensions\Microsoft.TestPlatform.Extensions.EventLogCollector.dll
C:\Program Files\dotnet\sdk\8.0.100\Extensions\Microsoft.TestPlatform.TestHostRuntimeProvider.dll
C:\Program Files\dotnet\sdk\8.0.100\Extensions\Microsoft.VisualStudio.TestPlatform.Extensions.Html.TestLogger.dll
C:\Program Files\dotnet\sdk\8.0.100\Extensions\Microsoft.VisualStudio.TestPlatform.Extensions.Trx.TestLogger.dll
TpTrace Verbose: 0 : 22060, 5, 2024/01/16, 19:25:02.971, 4614089553143, vstest.console.dll, TestPluginCache.GetExtensionPaths: Added unfilterableExtensionPaths: 
TpTrace Verbose: 0 : 22060, 5, 2024/01/16, 19:25:02.976, 4614089594879, vstest.console.dll, TestRequestSender.InitializeExecution: Sending initialize execution with message: {"Version":7,"MessageType":"TestExecution.Initialize","Payload":["C:\\Users\\Aida\\source\\repos\\SeleniumKesten\\SeleniumKesten\\bin\\Debug\\net6.0\\fine-code-coverage\\build-output\\NUnit3.TestAdapter.dll"]}
TpTrace Verbose: 0 : 22060, 5, 2024/01/16, 19:25:02.976, 4614089597199, vstest.console.dll, ParallelProxyExecutionManager.StartTestRunOnConcurrentManager: Execution starting. Started clients: 1
TpTrace Verbose: 0 : 22060, 5, 2024/01/16, 19:25:02.976, 4614089601478, vstest.console.dll, TestRunRequest:SendTestRunMessage: Starting.
TpTrace Verbose: 0 : 22060, 5, 2024/01/16, 19:25:02.976, 4614089603875, vstest.console.dll, MulticastDelegateUtilities.SafeInvoke: TestRun.LogMessages: Invoking callback 1/1 for Microsoft.VisualStudio.TestPlatform.CommandLine.TestRunResultAggregator., took 0 ms.
TpTrace Information: 0 : 22060, 5, 2024/01/16, 19:25:02.977, 4614089604588, vstest.console.dll, TestRunRequest:SendTestRunMessage: Completed.
TpTrace Verbose: 0 : 22060, 4, 2024/01/16, 19:25:02.977, 4614089606238, vstest.console.dll, MulticastDelegateUtilities.SafeInvoke: InternalTestLoggerEvents.SendTestRunMessage: Invoking callback 1/1 for Microsoft.VisualStudio.TestPlatform.CommandLine.Internal.ConsoleLogger., took 0 ms.
TpTrace Warning: 0 : 22060, 5, 2024/01/16, 19:25:02.977, 4614089610503, vstest.console.dll, InferRunSettingsHelper.MakeRunsettingsCompatible: Removing the following settings: TargetPlatform from RunSettings file. To use those settings please move to latest version of Microsoft.NET.Test.Sdk
TpTrace Verbose: 0 : 22060, 12, 2024/01/16, 19:25:02.978, 4614089620158, vstest.console.dll, TcpClientExtensions.MessageLoopAsync: NotifyDataAvailable remoteEndPoint: 127.0.0.1:59974 localEndPoint: 127.0.0.1:59973
TpTrace Verbose: 0 : 22060, 12, 2024/01/16, 19:25:02.978, 4614089623747, vstest.console.dll, TestRequestSender.OnExecutionMessageReceived: Received message: {"Version":7,"MessageType":"TestSession.Message","Payload":{"MessageLevel":0,"Message":"Logging TestHost Diagnostics in file: C:\\Users\\Aida\\source\\repos\\SeleniumKesten\\SeleniumKesten\\bin\\Debug\\net6.0\\fine-code-coverage\\coverage-tool-output\\diagnostics.host.24-01-16_19-25-02_59423_5.log"}}
TpTrace Verbose: 0 : 22060, 12, 2024/01/16, 19:25:02.981, 4614089648979, vstest.console.dll, TestRunRequest:SendTestRunMessage: Starting.
TpTrace Verbose: 0 : 22060, 12, 2024/01/16, 19:25:02.981, 4614089649924, vstest.console.dll, MulticastDelegateUtilities.SafeInvoke: TestRun.LogMessages: Invoking callback 1/1 for Microsoft.VisualStudio.TestPlatform.CommandLine.TestRunResultAggregator., took 0 ms.
TpTrace Verbose: 0 : 22060, 4, 2024/01/16, 19:25:02.981, 4614089650112, vstest.console.dll, MulticastDelegateUtilities.SafeInvoke: InternalTestLoggerEvents.SendTestRunMessage: Invoking callback 1/1 for Microsoft.VisualStudio.TestPlatform.CommandLine.Internal.ConsoleLogger., took 0 ms.
TpTrace Information: 0 : 22060, 12, 2024/01/16, 19:25:02.981, 4614089650629, vstest.console.dll, TestRunRequest:SendTestRunMessage: Completed.
TpTrace Verbose: 0 : 22060, 12, 2024/01/16, 19:25:02.981, 4614089651770, vstest.console.dll, MulticastDelegateUtilities.SafeInvoke: LengthPrefixCommunicationChannel: MessageReceived: Invoking callback 1/1 for Microsoft.VisualStudio.TestPlatform.CommunicationUtilities.TestRequestSender+<>c__DisplayClass34_0., took 3 ms.
TpTrace Verbose: 0 : 22060, 12, 2024/01/16, 19:25:02.981, 4614089652119, vstest.console.dll, TcpClientExtensions.MessageLoopAsync: Polling on remoteEndPoint: 127.0.0.1:59974 localEndPoint: 127.0.0.1:59973
TpTrace Verbose: 0 : 22060, 5, 2024/01/16, 19:25:02.986, 4614089695855, vstest.console.dll, TestRequestSender.StartTestRun: Sending test run with message: {"Version":7,"MessageType":"TestExecution.StartWithSources","Payload":{"AdapterSourceMap":{"_none_":["C:\\Users\\Aida\\source\\repos\\SeleniumKesten\\SeleniumKesten\\bin\\Debug\\net6.0\\fine-code-coverage\\build-output\\SeleniumKesten.dll"]},"RunSettings":"<RunSettings>\r\n  <RunConfiguration>\r\n    <ResultsDirectory>C:\\Users\\Aida\\source\\repos\\SeleniumKesten\\SeleniumKesten\\bin\\Debug\\net6.0\\fine-code-coverage\\coverage-tool-output</ResultsDirectory>\r\n    <TargetFrameworkVersion>.NETCoreApp,Version=v6.0</TargetFrameworkVersion>\r\n    <DesignMode>False</DesignMode>\r\n    <CollectSourceInformation>False</CollectSourceInformation>\r\n  </RunConfiguration>\r\n  <LoggerRunSettings>\r\n    <Loggers>\r\n      <Logger friendlyName=\"blame\" enabled=\"True\" />\r\n      <Logger friendlyName=\"Console\" uri=\"logger://microsoft/TestPlatform/ConsoleLogger/v1\" assemblyQualifiedName=\"Microsoft.VisualStudio.TestPlatform.CommandLine.Internal.ConsoleLogger, vstest.console, Version=15.0.0.0, Culture=neutral, PublicKeyToken=b03f5f7f11d50a3a\" codeBase=\"C:\\Program Files\\dotnet\\sdk\\8.0.100\\vstest.console.dll\" enabled=\"True\" />\r\n    </Loggers>\r\n  </LoggerRunSettings>\r\n  <DataCollectionRunSettings>\r\n    <DataCollectors>\r\n      <DataCollector friendlyName=\"blame\" enabled=\"True\">\r\n        <Configuration>\r\n          <ResultsDirectory>C:\\Users\\Aida\\source\\repos\\SeleniumKesten\\SeleniumKesten\\bin\\Debug\\net6.0\\fine-code-coverage\\coverage-tool-output</ResultsDirectory>\r\n        </Configuration>\r\n      </DataCollector>\r\n    </DataCollectors>\r\n  </DataCollectionRunSettings>\r\n</RunSettings>","TestExecutionContext":{"FrequencyOfRunStatsChangeEvent":10,"RunStatsChangeEventTimeout":"00:00:01.5000000","InIsolation":false,"KeepAlive":false,"AreTestCaseLevelEventsRequired":false,"IsDebug":false,"TestCaseFilter":null,"FilterOptions":null},"Package":null}}
TpTrace Verbose: 0 : 22060, 5, 2024/01/16, 19:25:02.986, 4614089697743, vstest.console.dll, ParallelProxyExecutionManager.StartTestRunOnConcurrentManager: Execution started. Started clients: 1
TpTrace Verbose: 0 : 22060, 12, 2024/01/16, 19:25:03.202, 4614091856570, vstest.console.dll, TcpClientExtensions.MessageLoopAsync: NotifyDataAvailable remoteEndPoint: 127.0.0.1:59974 localEndPoint: 127.0.0.1:59973
TpTrace Verbose: 0 : 22060, 12, 2024/01/16, 19:25:03.202, 4614091859101, vstest.console.dll, TestRequestSender.OnExecutionMessageReceived: Received message: {"Version":7,"MessageType":"TestSession.Message","Payload":{"MessageLevel":0,"Message":"NUnit Adapter 4.4.0.0: Test execution started"}}
TpTrace Verbose: 0 : 22060, 12, 2024/01/16, 19:25:03.202, 4614091861729, vstest.console.dll, TestRunRequest:SendTestRunMessage: Starting.
TpTrace Verbose: 0 : 22060, 12, 2024/01/16, 19:25:03.202, 4614091862622, vstest.console.dll, MulticastDelegateUtilities.SafeInvoke: TestRun.LogMessages: Invoking callback 1/1 for Microsoft.VisualStudio.TestPlatform.CommandLine.TestRunResultAggregator., took 0 ms.
TpTrace Verbose: 0 : 22060, 4, 2024/01/16, 19:25:03.202, 4614091862905, vstest.console.dll, MulticastDelegateUtilities.SafeInvoke: InternalTestLoggerEvents.SendTestRunMessage: Invoking callback 1/1 for Microsoft.VisualStudio.TestPlatform.CommandLine.Internal.ConsoleLogger., took 0 ms.
TpTrace Information: 0 : 22060, 12, 2024/01/16, 19:25:03.202, 4614091863535, vstest.console.dll, TestRunRequest:SendTestRunMessage: Completed.
TpTrace Verbose: 0 : 22060, 12, 2024/01/16, 19:25:03.203, 4614091864832, vstest.console.dll, MulticastDelegateUtilities.SafeInvoke: LengthPrefixCommunicationChannel: MessageReceived: Invoking callback 1/1 for Microsoft.VisualStudio.TestPlatform.CommunicationUtilities.TestRequestSender+<>c__DisplayClass34_0., took 0 ms.
TpTrace Verbose: 0 : 22060, 12, 2024/01/16, 19:25:03.203, 4614091865274, vstest.console.dll, TcpClientExtensions.MessageLoopAsync: Polling on remoteEndPoint: 127.0.0.1:59974 localEndPoint: 127.0.0.1:59973
TpTrace Verbose: 0 : 22060, 12, 2024/01/16, 19:25:03.247, 4614092308113, vstest.console.dll, TcpClientExtensions.MessageLoopAsync: NotifyDataAvailable remoteEndPoint: 127.0.0.1:59974 localEndPoint: 127.0.0.1:59973
TpTrace Verbose: 0 : 22060, 12, 2024/01/16, 19:25:03.247, 4614092310417, vstest.console.dll, TestRequestSender.OnExecutionMessageReceived: Received message: {"Version":7,"MessageType":"TestSession.Message","Payload":{"MessageLevel":0,"Message":"Running all tests in C:\\Users\\Aida\\source\\repos\\SeleniumKesten\\SeleniumKesten\\bin\\Debug\\net6.0\\fine-code-coverage\\build-output\\SeleniumKesten.dll"}}
TpTrace Verbose: 0 : 22060, 12, 2024/01/16, 19:25:03.247, 4614092312091, vstest.console.dll, TestRunRequest:SendTestRunMessage: Starting.
TpTrace Verbose: 0 : 22060, 12, 2024/01/16, 19:25:03.247, 4614092313023, vstest.console.dll, MulticastDelegateUtilities.SafeInvoke: TestRun.LogMessages: Invoking callback 1/1 for Microsoft.VisualStudio.TestPlatform.CommandLine.TestRunResultAggregator., took 0 ms.
TpTrace Verbose: 0 : 22060, 4, 2024/01/16, 19:25:03.247, 4614092313386, vstest.console.dll, MulticastDelegateUtilities.SafeInvoke: InternalTestLoggerEvents.SendTestRunMessage: Invoking callback 1/1 for Microsoft.VisualStudio.TestPlatform.CommandLine.Internal.ConsoleLogger., took 0 ms.
TpTrace Information: 0 : 22060, 12, 2024/01/16, 19:25:03.247, 4614092313551, vstest.console.dll, TestRunRequest:SendTestRunMessage: Completed.
TpTrace Verbose: 0 : 22060, 12, 2024/01/16, 19:25:03.248, 4614092315283, vstest.console.dll, MulticastDelegateUtilities.SafeInvoke: LengthPrefixCommunicationChannel: MessageReceived: Invoking callback 1/1 for Microsoft.VisualStudio.TestPlatform.CommunicationUtilities.TestRequestSender+<>c__DisplayClass34_0., took 0 ms.
TpTrace Verbose: 0 : 22060, 12, 2024/01/16, 19:25:03.248, 4614092315843, vstest.console.dll, TcpClientExtensions.MessageLoopAsync: Polling on remoteEndPoint: 127.0.0.1:59974 localEndPoint: 127.0.0.1:59973
TpTrace Verbose: 0 : 22060, 12, 2024/01/16, 19:25:03.413, 4614093965035, vstest.console.dll, TcpClientExtensions.MessageLoopAsync: NotifyDataAvailable remoteEndPoint: 127.0.0.1:59974 localEndPoint: 127.0.0.1:59973
TpTrace Verbose: 0 : 22060, 12, 2024/01/16, 19:25:03.413, 4614093967374, vstest.console.dll, TestRequestSender.OnExecutionMessageReceived: Received message: {"Version":7,"MessageType":"TestSession.Message","Payload":{"MessageLevel":0,"Message":"   NUnit3TestExecutor discovered 10 of 10 NUnit test cases using Current Discovery mode, Non-Explicit run"}}
TpTrace Verbose: 0 : 22060, 12, 2024/01/16, 19:25:03.413, 4614093969081, vstest.console.dll, TestRunRequest:SendTestRunMessage: Starting.
TpTrace Verbose: 0 : 22060, 12, 2024/01/16, 19:25:03.413, 4614093969973, vstest.console.dll, MulticastDelegateUtilities.SafeInvoke: TestRun.LogMessages: Invoking callback 1/1 for Microsoft.VisualStudio.TestPlatform.CommandLine.TestRunResultAggregator., took 0 ms.
TpTrace Information: 0 : 22060, 12, 2024/01/16, 19:25:03.413, 4614093970384, vstest.console.dll, TestRunRequest:SendTestRunMessage: Completed.
TpTrace Verbose: 0 : 22060, 4, 2024/01/16, 19:25:03.413, 4614093970470, vstest.console.dll, MulticastDelegateUtilities.SafeInvoke: InternalTestLoggerEvents.SendTestRunMessage: Invoking callback 1/1 for Microsoft.VisualStudio.TestPlatform.CommandLine.Internal.ConsoleLogger., took 0 ms.
TpTrace Verbose: 0 : 22060, 12, 2024/01/16, 19:25:03.413, 4614093970750, vstest.console.dll, MulticastDelegateUtilities.SafeInvoke: LengthPrefixCommunicationChannel: MessageReceived: Invoking callback 1/1 for Microsoft.VisualStudio.TestPlatform.CommunicationUtilities.TestRequestSender+<>c__DisplayClass34_0., took 0 ms.
TpTrace Verbose: 0 : 22060, 12, 2024/01/16, 19:25:03.413, 4614093972116, vstest.console.dll, TcpClientExtensions.MessageLoopAsync: Polling on remoteEndPoint: 127.0.0.1:59974 localEndPoint: 127.0.0.1:59973
TpTrace Verbose: 0 : 22060, 12, 2024/01/16, 19:25:04.422, 4614104062619, vstest.console.dll, TcpClientExtensions.MessageLoopAsync: Polling on remoteEndPoint: 127.0.0.1:59974 localEndPoint: 127.0.0.1:59973
TpTrace Verbose: 0 : 22060, 12, 2024/01/16, 19:25:04.624, 4614106081018, vstest.console.dll, TcpClientExtensions.MessageLoopAsync: NotifyDataAvailable remoteEndPoint: 127.0.0.1:59974 localEndPoint: 127.0.0.1:59973
TpTrace Verbose: 0 : 22060, 12, 2024/01/16, 19:25:04.624, 4614106083339, vstest.console.dll, TestRequestSender.OnExecutionMessageReceived: Received message: {"Version":7,"MessageType":"TestExecution.StatsChange","Payload":{"NewTestResults":[],"TestRunStatistics":{"ExecutedTests":0,"Stats":{}},"ActiveTests":[{"Id":"5018c64b-0972-79f3-8815-a9f71df6fa65","FullyQualifiedName":"SeleniumKesten.tests.HomeTests.DodavanjeProizvoljnogProizvodaUWishlistu","DisplayName":"DodavanjeProizvoljnogProizvodaUWishlistu","ExecutorUri":"executor://NUnit3TestExecutor","Source":"C:\\Users\\Aida\\source\\repos\\SeleniumKesten\\SeleniumKesten\\bin\\Debug\\net6.0\\fine-code-coverage\\build-output\\SeleniumKesten.dll","CodeFilePath":null,"LineNumber":0,"Properties":[{"Key":{"Id":"NUnit.Seed","Label":"Seed","Category":"","Description":"","Attributes":0,"ValueType":"System.String"},"Value":"468884990"}]}]}}
TpTrace Verbose: 0 : 22060, 12, 2024/01/16, 19:25:04.645, 4614106293265, vstest.console.dll, TestRunRequest:SendTestRunStatsChange: Starting.
TpTrace Verbose: 0 : 22060, 12, 2024/01/16, 19:25:04.646, 4614106295030, vstest.console.dll, InProgress is DodavanjeProizvoljnogProizvodaUWishlistu
TpTrace Verbose: 0 : 22060, 12, 2024/01/16, 19:25:04.646, 4614106296119, vstest.console.dll, MulticastDelegateUtilities.SafeInvoke: TestRun.RunStatsChanged: Invoking callbacks was skipped because there are no subscribers.
TpTrace Information: 0 : 22060, 12, 2024/01/16, 19:25:04.646, 4614106296742, vstest.console.dll, TestRunRequest:SendTestRunStatsChange: Completed.
TpTrace Verbose: 0 : 22060, 12, 2024/01/16, 19:25:04.646, 4614106297075, vstest.console.dll, MulticastDelegateUtilities.SafeInvoke: LengthPrefixCommunicationChannel: MessageReceived: Invoking callback 1/1 for Microsoft.VisualStudio.TestPlatform.CommunicationUtilities.TestRequestSender+<>c__DisplayClass34_0., took 21 ms.
TpTrace Verbose: 0 : 22060, 12, 2024/01/16, 19:25:04.646, 4614106297462, vstest.console.dll, TcpClientExtensions.MessageLoopAsync: Polling on remoteEndPoint: 127.0.0.1:59974 localEndPoint: 127.0.0.1:59973
TpTrace Verbose: 0 : 22060, 12, 2024/01/16, 19:25:05.656, 4614116402013, vstest.console.dll, TcpClientExtensions.MessageLoopAsync: Polling on remoteEndPoint: 127.0.0.1:59974 localEndPoint: 127.0.0.1:59973
TpTrace Verbose: 0 : 22060, 12, 2024/01/16, 19:25:06.664, 4614126479122, vstest.console.dll, TcpClientExtensions.MessageLoopAsync: Polling on remoteEndPoint: 127.0.0.1:59974 localEndPoint: 127.0.0.1:59973
TpTrace Verbose: 0 : 22060, 12, 2024/01/16, 19:25:07.673, 4614136566623, vstest.console.dll, TcpClientExtensions.MessageLoopAsync: Polling on remoteEndPoint: 127.0.0.1:59974 localEndPoint: 127.0.0.1:59973
TpTrace Verbose: 0 : 22060, 12, 2024/01/16, 19:25:08.684, 4614146679558, vstest.console.dll, TcpClientExtensions.MessageLoopAsync: Polling on remoteEndPoint: 127.0.0.1:59974 localEndPoint: 127.0.0.1:59973
TpTrace Verbose: 0 : 22060, 12, 2024/01/16, 19:25:09.695, 4614156789495, vstest.console.dll, TcpClientExtensions.MessageLoopAsync: Polling on remoteEndPoint: 127.0.0.1:59974 localEndPoint: 127.0.0.1:59973
TpTrace Verbose: 0 : 22060, 12, 2024/01/16, 19:25:10.704, 4614166882214, vstest.console.dll, TcpClientExtensions.MessageLoopAsync: Polling on remoteEndPoint: 127.0.0.1:59974 localEndPoint: 127.0.0.1:59973
TpTrace Verbose: 0 : 22060, 12, 2024/01/16, 19:25:11.713, 4614176969834, vstest.console.dll, TcpClientExtensions.MessageLoopAsync: Polling on remoteEndPoint: 127.0.0.1:59974 localEndPoint: 127.0.0.1:59973
TpTrace Verbose: 0 : 22060, 12, 2024/01/16, 19:25:12.722, 4614187063490, vstest.console.dll, TcpClientExtensions.MessageLoopAsync: Polling on remoteEndPoint: 127.0.0.1:59974 localEndPoint: 127.0.0.1:59973
TpTrace Verbose: 0 : 22060, 12, 2024/01/16, 19:25:13.733, 4614197166864, vstest.console.dll, TcpClientExtensions.MessageLoopAsync: Polling on remoteEndPoint: 127.0.0.1:59974 localEndPoint: 127.0.0.1:59973
TpTrace Verbose: 0 : 22060, 12, 2024/01/16, 19:25:14.737, 4614207208601, vstest.console.dll, TcpClientExtensions.MessageLoopAsync: Polling on remoteEndPoint: 127.0.0.1:59974 localEndPoint: 127.0.0.1:59973
TpTrace Verbose: 0 : 22060, 12, 2024/01/16, 19:25:15.746, 4614217303657, vstest.console.dll, TcpClientExtensions.MessageLoopAsync: Polling on remoteEndPoint: 127.0.0.1:59974 localEndPoint: 127.0.0.1:59973
TpTrace Verbose: 0 : 22060, 12, 2024/01/16, 19:25:16.759, 4614227428869, vstest.console.dll, TcpClientExtensions.MessageLoopAsync: Polling on remoteEndPoint: 127.0.0.1:59974 localEndPoint: 127.0.0.1:59973
TpTrace Verbose: 0 : 22060, 12, 2024/01/16, 19:25:17.770, 4614237540492, vstest.console.dll, TcpClientExtensions.MessageLoopAsync: Polling on remoteEndPoint: 127.0.0.1:59974 localEndPoint: 127.0.0.1:59973
TpTrace Verbose: 0 : 22060, 12, 2024/01/16, 19:25:18.779, 4614247625749, vstest.console.dll, TcpClientExtensions.MessageLoopAsync: Polling on remoteEndPoint: 127.0.0.1:59974 localEndPoint: 127.0.0.1:59973
TpTrace Verbose: 0 : 22060, 12, 2024/01/16, 19:25:19.790, 4614257741628, vstest.console.dll, TcpClientExtensions.MessageLoopAsync: Polling on remoteEndPoint: 127.0.0.1:59974 localEndPoint: 127.0.0.1:59973
TpTrace Verbose: 0 : 22060, 12, 2024/01/16, 19:25:20.799, 4614267824990, vstest.console.dll, TcpClientExtensions.MessageLoopAsync: Polling on remoteEndPoint: 127.0.0.1:59974 localEndPoint: 127.0.0.1:59973
TpTrace Verbose: 0 : 22060, 12, 2024/01/16, 19:25:21.805, 4614277888674, vstest.console.dll, TcpClientExtensions.MessageLoopAsync: Polling on remoteEndPoint: 127.0.0.1:59974 localEndPoint: 127.0.0.1:59973
TpTrace Verbose: 0 : 22060, 12, 2024/01/16, 19:25:22.813, 4614287967231, vstest.console.dll, TcpClientExtensions.MessageLoopAsync: Polling on remoteEndPoint: 127.0.0.1:59974 localEndPoint: 127.0.0.1:59973
TpTrace Verbose: 0 : 22060, 12, 2024/01/16, 19:25:23.823, 4614298065130, vstest.console.dll, TcpClientExtensions.MessageLoopAsync: Polling on remoteEndPoint: 127.0.0.1:59974 localEndPoint: 127.0.0.1:59973
TpTrace Verbose: 0 : 22060, 12, 2024/01/16, 19:25:24.830, 4614308141521, vstest.console.dll, TcpClientExtensions.MessageLoopAsync: Polling on remoteEndPoint: 127.0.0.1:59974 localEndPoint: 127.0.0.1:59973
TpTrace Verbose: 0 : 22060, 12, 2024/01/16, 19:25:25.838, 4614318217510, vstest.console.dll, TcpClientExtensions.MessageLoopAsync: Polling on remoteEndPoint: 127.0.0.1:59974 localEndPoint: 127.0.0.1:59973
TpTrace Verbose: 0 : 22060, 12, 2024/01/16, 19:25:26.842, 4614328259104, vstest.console.dll, TcpClientExtensions.MessageLoopAsync: Polling on remoteEndPoint: 127.0.0.1:59974 localEndPoint: 127.0.0.1:59973
TpTrace Verbose: 0 : 22060, 12, 2024/01/16, 19:25:27.854, 4614338379134, vstest.console.dll, TcpClientExtensions.MessageLoopAsync: Polling on remoteEndPoint: 127.0.0.1:59974 localEndPoint: 127.0.0.1:59973
TpTrace Verbose: 0 : 22060, 12, 2024/01/16, 19:25:28.863, 4614348464597, vstest.console.dll, TcpClientExtensions.MessageLoopAsync: Polling on remoteEndPoint: 127.0.0.1:59974 localEndPoint: 127.0.0.1:59973
TpTrace Verbose: 0 : 22060, 12, 2024/01/16, 19:25:29.874, 4614358578290, vstest.console.dll, TcpClientExtensions.MessageLoopAsync: Polling on remoteEndPoint: 127.0.0.1:59974 localEndPoint: 127.0.0.1:59973
TpTrace Verbose: 0 : 22060, 12, 2024/01/16, 19:25:30.880, 4614368640885, vstest.console.dll, TcpClientExtensions.MessageLoopAsync: Polling on remoteEndPoint: 127.0.0.1:59974 localEndPoint: 127.0.0.1:59973
TpTrace Verbose: 0 : 22060, 12, 2024/01/16, 19:25:31.892, 4614378758348, vstest.console.dll, TcpClientExtensions.MessageLoopAsync: Polling on remoteEndPoint: 127.0.0.1:59974 localEndPoint: 127.0.0.1:59973
TpTrace Verbose: 0 : 22060, 12, 2024/01/16, 19:25:32.904, 4614388881376, vstest.console.dll, TcpClientExtensions.MessageLoopAsync: Polling on remoteEndPoint: 127.0.0.1:59974 localEndPoint: 127.0.0.1:59973
TpTrace Verbose: 0 : 22060, 12, 2024/01/16, 19:25:33.916, 4614398998330, vstest.console.dll, TcpClientExtensions.MessageLoopAsync: Polling on remoteEndPoint: 127.0.0.1:59974 localEndPoint: 127.0.0.1:59973
TpTrace Verbose: 0 : 22060, 12, 2024/01/16, 19:25:34.924, 4614409083471, vstest.console.dll, TcpClientExtensions.MessageLoopAsync: Polling on remoteEndPoint: 127.0.0.1:59974 localEndPoint: 127.0.0.1:59973
TpTrace Verbose: 0 : 22060, 12, 2024/01/16, 19:25:35.938, 4614419217510, vstest.console.dll, TcpClientExtensions.MessageLoopAsync: Polling on remoteEndPoint: 127.0.0.1:59974 localEndPoint: 127.0.0.1:59973
TpTrace Verbose: 0 : 22060, 12, 2024/01/16, 19:25:36.950, 4614429338879, vstest.console.dll, TcpClientExtensions.MessageLoopAsync: Polling on remoteEndPoint: 127.0.0.1:59974 localEndPoint: 127.0.0.1:59973
TpTrace Verbose: 0 : 22060, 12, 2024/01/16, 19:25:37.959, 4614439429069, vstest.console.dll, TcpClientExtensions.MessageLoopAsync: Polling on remoteEndPoint: 127.0.0.1:59974 localEndPoint: 127.0.0.1:59973
TpTrace Verbose: 0 : 22060, 12, 2024/01/16, 19:25:38.966, 4614449502422, vstest.console.dll, TcpClientExtensions.MessageLoopAsync: Polling on remoteEndPoint: 127.0.0.1:59974 localEndPoint: 127.0.0.1:59973
TpTrace Verbose: 0 : 22060, 12, 2024/01/16, 19:25:39.979, 4614459627293, vstest.console.dll, TcpClientExtensions.MessageLoopAsync: Polling on remoteEndPoint: 127.0.0.1:59974 localEndPoint: 127.0.0.1:59973
TpTrace Verbose: 0 : 22060, 12, 2024/01/16, 19:25:40.982, 4614469658293, vstest.console.dll, TcpClientExtensions.MessageLoopAsync: Polling on remoteEndPoint: 127.0.0.1:59974 localEndPoint: 127.0.0.1:59973
TpTrace Verbose: 0 : 22060, 12, 2024/01/16, 19:25:41.992, 4614479762066, vstest.console.dll, TcpClientExtensions.MessageLoopAsync: Polling on remoteEndPoint: 127.0.0.1:59974 localEndPoint: 127.0.0.1:59973
TpTrace Verbose: 0 : 22060, 12, 2024/01/16, 19:25:43.000, 4614489836052, vstest.console.dll, TcpClientExtensions.MessageLoopAsync: Polling on remoteEndPoint: 127.0.0.1:59974 localEndPoint: 127.0.0.1:59973
TpTrace Verbose: 0 : 22060, 12, 2024/01/16, 19:25:44.010, 4614499938240, vstest.console.dll, TcpClientExtensions.MessageLoopAsync: Polling on remoteEndPoint: 127.0.0.1:59974 localEndPoint: 127.0.0.1:59973
TpTrace Verbose: 0 : 22060, 12, 2024/01/16, 19:25:45.019, 4614510033522, vstest.console.dll, TcpClientExtensions.MessageLoopAsync: Polling on remoteEndPoint: 127.0.0.1:59974 localEndPoint: 127.0.0.1:59973
TpTrace Verbose: 0 : 22060, 12, 2024/01/16, 19:25:46.029, 4614520131015, vstest.console.dll, TcpClientExtensions.MessageLoopAsync: Polling on remoteEndPoint: 127.0.0.1:59974 localEndPoint: 127.0.0.1:59973
TpTrace Verbose: 0 : 22060, 12, 2024/01/16, 19:25:47.040, 4614530240329, vstest.console.dll, TcpClientExtensions.MessageLoopAsync: Polling on remoteEndPoint: 127.0.0.1:59974 localEndPoint: 127.0.0.1:59973
TpTrace Verbose: 0 : 22060, 12, 2024/01/16, 19:25:48.042, 4614540258655, vstest.console.dll, TcpClientExtensions.MessageLoopAsync: Polling on remoteEndPoint: 127.0.0.1:59974 localEndPoint: 127.0.0.1:59973
TpTrace Verbose: 0 : 22060, 12, 2024/01/16, 19:25:49.054, 4614550377848, vstest.console.dll, TcpClientExtensions.MessageLoopAsync: Polling on remoteEndPoint: 127.0.0.1:59974 localEndPoint: 127.0.0.1:59973
TpTrace Verbose: 0 : 22060, 12, 2024/01/16, 19:25:50.059, 4614560430779, vstest.console.dll, TcpClientExtensions.MessageLoopAsync: Polling on remoteEndPoint: 127.0.0.1:59974 localEndPoint: 127.0.0.1:59973
TpTrace Verbose: 0 : 22060, 12, 2024/01/16, 19:25:51.071, 4614570549282, vstest.console.dll, TcpClientExtensions.MessageLoopAsync: Polling on remoteEndPoint: 127.0.0.1:59974 localEndPoint: 127.0.0.1:59973
TpTrace Verbose: 0 : 22060, 12, 2024/01/16, 19:25:52.076, 4614580595035, vstest.console.dll, TcpClientExtensions.MessageLoopAsync: Polling on remoteEndPoint: 127.0.0.1:59974 localEndPoint: 127.0.0.1:59973
TpTrace Verbose: 0 : 22060, 12, 2024/01/16, 19:25:53.086, 4614590702728, vstest.console.dll, TcpClientExtensions.MessageLoopAsync: Polling on remoteEndPoint: 127.0.0.1:59974 localEndPoint: 127.0.0.1:59973
TpTrace Verbose: 0 : 22060, 12, 2024/01/16, 19:25:54.096, 4614600801200, vstest.console.dll, TcpClientExtensions.MessageLoopAsync: Polling on remoteEndPoint: 127.0.0.1:59974 localEndPoint: 127.0.0.1:59973
TpTrace Verbose: 0 : 22060, 12, 2024/01/16, 19:25:55.106, 4614610903400, vstest.console.dll, TcpClientExtensions.MessageLoopAsync: Polling on remoteEndPoint: 127.0.0.1:59974 localEndPoint: 127.0.0.1:59973
TpTrace Verbose: 0 : 22060, 12, 2024/01/16, 19:25:56.116, 4614620998878, vstest.console.dll, TcpClientExtensions.MessageLoopAsync: Polling on remoteEndPoint: 127.0.0.1:59974 localEndPoint: 127.0.0.1:59973
TpTrace Verbose: 0 : 22060, 12, 2024/01/16, 19:25:57.125, 4614631085780, vstest.console.dll, TcpClientExtensions.MessageLoopAsync: Polling on remoteEndPoint: 127.0.0.1:59974 localEndPoint: 127.0.0.1:59973
TpTrace Verbose: 0 : 22060, 12, 2024/01/16, 19:25:58.138, 4614641214422, vstest.console.dll, TcpClientExtensions.MessageLoopAsync: Polling on remoteEndPoint: 127.0.0.1:59974 localEndPoint: 127.0.0.1:59973
TpTrace Verbose: 0 : 22060, 12, 2024/01/16, 19:25:59.143, 4614651267870, vstest.console.dll, TcpClientExtensions.MessageLoopAsync: Polling on remoteEndPoint: 127.0.0.1:59974 localEndPoint: 127.0.0.1:59973
TpTrace Verbose: 0 : 22060, 12, 2024/01/16, 19:26:00.153, 4614661374075, vstest.console.dll, TcpClientExtensions.MessageLoopAsync: Polling on remoteEndPoint: 127.0.0.1:59974 localEndPoint: 127.0.0.1:59973
TpTrace Verbose: 0 : 22060, 12, 2024/01/16, 19:26:01.162, 4614671457170, vstest.console.dll, TcpClientExtensions.MessageLoopAsync: Polling on remoteEndPoint: 127.0.0.1:59974 localEndPoint: 127.0.0.1:59973
TpTrace Verbose: 0 : 22060, 12, 2024/01/16, 19:26:02.171, 4614681547312, vstest.console.dll, TcpClientExtensions.MessageLoopAsync: Polling on remoteEndPoint: 127.0.0.1:59974 localEndPoint: 127.0.0.1:59973
TpTrace Verbose: 0 : 22060, 12, 2024/01/16, 19:26:03.186, 4614691694461, vstest.console.dll, TcpClientExtensions.MessageLoopAsync: Polling on remoteEndPoint: 127.0.0.1:59974 localEndPoint: 127.0.0.1:59973
TpTrace Verbose: 0 : 22060, 12, 2024/01/16, 19:26:04.194, 4614701783796, vstest.console.dll, TcpClientExtensions.MessageLoopAsync: Polling on remoteEndPoint: 127.0.0.1:59974 localEndPoint: 127.0.0.1:59973
TpTrace Verbose: 0 : 22060, 12, 2024/01/16, 19:26:05.202, 4614711855700, vstest.console.dll, TcpClientExtensions.MessageLoopAsync: Polling on remoteEndPoint: 127.0.0.1:59974 localEndPoint: 127.0.0.1:59973
TpTrace Verbose: 0 : 22060, 12, 2024/01/16, 19:26:06.207, 4614721905458, vstest.console.dll, TcpClientExtensions.MessageLoopAsync: Polling on remoteEndPoint: 127.0.0.1:59974 localEndPoint: 127.0.0.1:59973
TpTrace Verbose: 0 : 22060, 12, 2024/01/16, 19:26:07.213, 4614731970063, vstest.console.dll, TcpClientExtensions.MessageLoopAsync: Polling on remoteEndPoint: 127.0.0.1:59974 localEndPoint: 127.0.0.1:59973
TpTrace Verbose: 0 : 22060, 12, 2024/01/16, 19:26:08.226, 4614742096566, vstest.console.dll, TcpClientExtensions.MessageLoopAsync: Polling on remoteEndPoint: 127.0.0.1:59974 localEndPoint: 127.0.0.1:59973
TpTrace Verbose: 0 : 22060, 12, 2024/01/16, 19:26:09.237, 4614752213133, vstest.console.dll, TcpClientExtensions.MessageLoopAsync: Polling on remoteEndPoint: 127.0.0.1:59974 localEndPoint: 127.0.0.1:59973
TpTrace Verbose: 0 : 22060, 12, 2024/01/16, 19:26:10.240, 4614762241396, vstest.console.dll, TcpClientExtensions.MessageLoopAsync: Polling on remoteEndPoint: 127.0.0.1:59974 localEndPoint: 127.0.0.1:59973
TpTrace Verbose: 0 : 22060, 12, 2024/01/16, 19:26:11.242, 4614772256052, vstest.console.dll, TcpClientExtensions.MessageLoopAsync: Polling on remoteEndPoint: 127.0.0.1:59974 localEndPoint: 127.0.0.1:59973
TpTrace Verbose: 0 : 22060, 12, 2024/01/16, 19:26:12.252, 4614782361169, vstest.console.dll, TcpClientExtensions.MessageLoopAsync: Polling on remoteEndPoint: 127.0.0.1:59974 localEndPoint: 127.0.0.1:59973
TpTrace Verbose: 0 : 22060, 12, 2024/01/16, 19:26:13.267, 4614792505345, vstest.console.dll, TcpClientExtensions.MessageLoopAsync: Polling on remoteEndPoint: 127.0.0.1:59974 localEndPoint: 127.0.0.1:59973
TpTrace Verbose: 0 : 22060, 12, 2024/01/16, 19:26:14.275, 4614802593668, vstest.console.dll, TcpClientExtensions.MessageLoopAsync: Polling on remoteEndPoint: 127.0.0.1:59974 localEndPoint: 127.0.0.1:59973
TpTrace Verbose: 0 : 22060, 12, 2024/01/16, 19:26:15.286, 4614812695828, vstest.console.dll, TcpClientExtensions.MessageLoopAsync: Polling on remoteEndPoint: 127.0.0.1:59974 localEndPoint: 127.0.0.1:59973
TpTrace Verbose: 0 : 22060, 12, 2024/01/16, 19:26:16.292, 4614822762716, vstest.console.dll, TcpClientExtensions.MessageLoopAsync: Polling on remoteEndPoint: 127.0.0.1:59974 localEndPoint: 127.0.0.1:59973
TpTrace Verbose: 0 : 22060, 12, 2024/01/16, 19:26:17.299, 4614832830588, vstest.console.dll, TcpClientExtensions.MessageLoopAsync: Polling on remoteEndPoint: 127.0.0.1:59974 localEndPoint: 127.0.0.1:59973
TpTrace Verbose: 0 : 22060, 12, 2024/01/16, 19:26:18.307, 4614842914302, vstest.console.dll, TcpClientExtensions.MessageLoopAsync: Polling on remoteEndPoint: 127.0.0.1:59974 localEndPoint: 127.0.0.1:59973
TpTrace Verbose: 0 : 22060, 12, 2024/01/16, 19:26:19.319, 4614853025270, vstest.console.dll, TcpClientExtensions.MessageLoopAsync: Polling on remoteEndPoint: 127.0.0.1:59974 localEndPoint: 127.0.0.1:59973
TpTrace Verbose: 0 : 22060, 12, 2024/01/16, 19:26:20.326, 4614863096894, vstest.console.dll, TcpClientExtensions.MessageLoopAsync: Polling on remoteEndPoint: 127.0.0.1:59974 localEndPoint: 127.0.0.1:59973
TpTrace Verbose: 0 : 22060, 12, 2024/01/16, 19:26:21.326, 4614873099449, vstest.console.dll, TcpClientExtensions.MessageLoopAsync: Polling on remoteEndPoint: 127.0.0.1:59974 localEndPoint: 127.0.0.1:59973
TpTrace Verbose: 0 : 22060, 12, 2024/01/16, 19:26:22.330, 4614883142510, vstest.console.dll, TcpClientExtensions.MessageLoopAsync: Polling on remoteEndPoint: 127.0.0.1:59974 localEndPoint: 127.0.0.1:59973
TpTrace Verbose: 0 : 22060, 12, 2024/01/16, 19:26:23.338, 4614893215016, vstest.console.dll, TcpClientExtensions.MessageLoopAsync: Polling on remoteEndPoint: 127.0.0.1:59974 localEndPoint: 127.0.0.1:59973
TpTrace Verbose: 0 : 22060, 12, 2024/01/16, 19:26:24.348, 4614903317693, vstest.console.dll, TcpClientExtensions.MessageLoopAsync: Polling on remoteEndPoint: 127.0.0.1:59974 localEndPoint: 127.0.0.1:59973
TpTrace Verbose: 0 : 22060, 12, 2024/01/16, 19:26:25.358, 4614913421380, vstest.console.dll, TcpClientExtensions.MessageLoopAsync: Polling on remoteEndPoint: 127.0.0.1:59974 localEndPoint: 127.0.0.1:59973
TpTrace Verbose: 0 : 22060, 12, 2024/01/16, 19:26:26.373, 4614923568187, vstest.console.dll, TcpClientExtensions.MessageLoopAsync: Polling on remoteEndPoint: 127.0.0.1:59974 localEndPoint: 127.0.0.1:59973
TpTrace Verbose: 0 : 22060, 12, 2024/01/16, 19:26:27.381, 4614933649541, vstest.console.dll, TcpClientExtensions.MessageLoopAsync: Polling on remoteEndPoint: 127.0.0.1:59974 localEndPoint: 127.0.0.1:59973
TpTrace Verbose: 0 : 22060, 12, 2024/01/16, 19:26:28.389, 4614943726700, vstest.console.dll, TcpClientExtensions.MessageLoopAsync: Polling on remoteEndPoint: 127.0.0.1:59974 localEndPoint: 127.0.0.1:59973
TpTrace Verbose: 0 : 22060, 12, 2024/01/16, 19:26:28.460, 4614944442879, vstest.console.dll, TcpClientExtensions.MessageLoopAsync: NotifyDataAvailable remoteEndPoint: 127.0.0.1:59974 localEndPoint: 127.0.0.1:59973
TpTrace Verbose: 0 : 22060, 12, 2024/01/16, 19:26:28.461, 4614944447617, vstest.console.dll, TestRequestSender.OnExecutionMessageReceived: Received message: {"Version":7,"MessageType":"TestExecution.StatsChange","Payload":{"NewTestResults":[{"TestCase":{"Id":"5018c64b-0972-79f3-8815-a9f71df6fa65","FullyQualifiedName":"SeleniumKesten.tests.HomeTests.DodavanjeProizvoljnogProizvodaUWishlistu","DisplayName":"DodavanjeProizvoljnogProizvodaUWishlistu","ExecutorUri":"executor://NUnit3TestExecutor","Source":"C:\\Users\\Aida\\source\\repos\\SeleniumKesten\\SeleniumKesten\\bin\\Debug\\net6.0\\fine-code-coverage\\build-output\\SeleniumKesten.dll","CodeFilePath":null,"LineNumber":0,"Properties":[{"Key":{"Id":"NUnit.Seed","Label":"Seed","Category":"","Description":"","Attributes":0,"ValueType":"System.String"},"Value":"468884990"}]},"Attachments":[],"Outcome":2,"ErrorMessage":"  URL match error\r\n  Expected: No Exception to be thrown\r\n  But was:  <OpenQA.Selenium.JavaScriptException: javascript error: URL match error\r\n  (Session info: chrome=120.0.6099.217)\r\n   at OpenQA.Selenium.WebDriver.UnpackAndThrowOnError(Response errorResponse, String commandToExecute)\r\n   at OpenQA.Selenium.WebDriver.Execute(String driverCommandToExecute, Dictionary`2 parameters)\r\n   at OpenQA.Selenium.WebDriver.ExecuteScriptCommand(String script, String commandName, Object[] args)\r\n   at OpenQA.Selenium.WebDriver.ExecuteScript(String script, Object[] args)\r\n   at SeleniumKesten.pages.HomePage.ExecuteScript(String script) in C:\\Users\\Aida\\source\\repos\\SeleniumKesten\\SeleniumKesten\\pages\\HomePage.cs:line 98\r\n   at SeleniumKesten.tests.HomeTests.<DodavanjeProizvoljnogProizvodaUWishlistu>b__6_0() in C:\\Users\\Aida\\source\\repos\\SeleniumKesten\\SeleniumKesten\\tests\\HomeTests.cs:line 72\r\n--- End of stack trace from previous location ---\r\n   at NUnit.Framework.Internal.ExceptionHelper.Rethrow(Exception exception)\r\n   at NUnit.Framework.Internal.Reflect.DynamicInvokeWithTransparentExceptions(Delegate delegate)\r\n   at NUnit.Framework.Internal.ExceptionHelper.RecordException(Delegate parameterlessDelegate, String parameterName)>\r\n","ErrorStackTrace":"   at SeleniumKesten.tests.HomeTests.DodavanjeProizvoljnogProizvodaUWishlistu() in C:\\Users\\Aida\\source\\repos\\SeleniumKesten\\SeleniumKesten\\tests\\HomeTests.cs:line 70\r\n\n1)    at SeleniumKesten.tests.HomeTests.DodavanjeProizvoljnogProizvodaUWishlistu() in C:\\Users\\Aida\\source\\repos\\SeleniumKesten\\SeleniumKesten\\tests\\HomeTests.cs:line 70\r\n\n","DisplayName":"DodavanjeProizvoljnogProizvodaUWishlistu","Messages":[],"ComputerName":"DESKTOP-JHDA266","Duration":"00:01:24.9551360","StartTime":"2024-01-16T18:25:03.445484+00:00","EndTime":"2024-01-16T18:26:28.400479+00:00","Properties":[{"Key":{"Id":"NUnit.Seed","Label":"Seed","Category":"","Description":"","Attributes":0,"ValueType":"System.String"},"Value":"468884990"}]}],"TestRunStatistics":{"ExecutedTests":1,"Stats":{"Failed":1}},"ActiveTests":[{"Id":"4f3c26ab-2415-cd9b-eb35-dae837d74ef1","FullyQualifiedName":"SeleniumKesten.tests.HomeTests.TestNevalidanRangeCijena(\"0\",\"0\")","DisplayName":"TestNevalidanRangeCijena(\"0\",\"0\")","ExecutorUri":"executor://NUnit3TestExecutor","Source":"C:\\Users\\Aida\\source\\repos\\SeleniumKesten\\SeleniumKesten\\bin\\Debug\\net6.0\\fine-code-coverage\\build-output\\SeleniumKesten.dll","CodeFilePath":null,"LineNumber":0,"Properties":[{"Key":{"Id":"NUnit.Seed","Label":"Seed","Category":"","Description":"","Attributes":0,"ValueType":"System.String"},"Value":"1731888080"}]}]}}
TpTrace Verbose: 0 : 22060, 12, 2024/01/16, 19:26:28.474, 4614944582404, vstest.console.dll, TestRunRequest:SendTestRunStatsChange: Starting.
TpTrace Verbose: 0 : 22060, 12, 2024/01/16, 19:26:28.474, 4614944583484, vstest.console.dll, InProgress is TestNevalidanRangeCijena("0","0")
TpTrace Verbose: 0 : 22060, 12, 2024/01/16, 19:26:28.475, 4614944585664, vstest.console.dll, MulticastDelegateUtilities.SafeInvoke: TestRun.RunStatsChanged: Invoking callbacks was skipped because there are no subscribers.
TpTrace Information: 0 : 22060, 12, 2024/01/16, 19:26:28.475, 4614944586077, vstest.console.dll, TestRunRequest:SendTestRunStatsChange: Completed.
TpTrace Verbose: 0 : 22060, 12, 2024/01/16, 19:26:28.475, 4614944586350, vstest.console.dll, MulticastDelegateUtilities.SafeInvoke: LengthPrefixCommunicationChannel: MessageReceived: Invoking callback 1/1 for Microsoft.VisualStudio.TestPlatform.CommunicationUtilities.TestRequestSender+<>c__DisplayClass34_0., took 13 ms.
TpTrace Verbose: 0 : 22060, 12, 2024/01/16, 19:26:28.475, 4614944586646, vstest.console.dll, TcpClientExtensions.MessageLoopAsync: Polling on remoteEndPoint: 127.0.0.1:59974 localEndPoint: 127.0.0.1:59973
TpTrace Verbose: 0 : 22060, 4, 2024/01/16, 19:26:28.478, 4614944616392, vstest.console.dll, MulticastDelegateUtilities.SafeInvoke: InternalTestLoggerEvents.SendTestResult: Invoking callback 1/1 for Microsoft.VisualStudio.TestPlatform.CommandLine.Internal.ConsoleLogger., took 3 ms.
TpTrace Verbose: 0 : 22060, 12, 2024/01/16, 19:26:29.482, 4614954662456, vstest.console.dll, TcpClientExtensions.MessageLoopAsync: Polling on remoteEndPoint: 127.0.0.1:59974 localEndPoint: 127.0.0.1:59973
TpTrace Verbose: 0 : 22060, 12, 2024/01/16, 19:26:30.491, 4614964754316, vstest.console.dll, TcpClientExtensions.MessageLoopAsync: Polling on remoteEndPoint: 127.0.0.1:59974 localEndPoint: 127.0.0.1:59973
TpTrace Verbose: 0 : 22060, 12, 2024/01/16, 19:26:31.498, 4614974816954, vstest.console.dll, TcpClientExtensions.MessageLoopAsync: Polling on remoteEndPoint: 127.0.0.1:59974 localEndPoint: 127.0.0.1:59973
TpTrace Verbose: 0 : 22060, 12, 2024/01/16, 19:26:31.658, 4614976419957, vstest.console.dll, TcpClientExtensions.MessageLoopAsync: NotifyDataAvailable remoteEndPoint: 127.0.0.1:59974 localEndPoint: 127.0.0.1:59973
TpTrace Verbose: 0 : 22060, 12, 2024/01/16, 19:26:31.659, 4614976424387, vstest.console.dll, TestRequestSender.OnExecutionMessageReceived: Received message: {"Version":7,"MessageType":"TestExecution.StatsChange","Payload":{"NewTestResults":[{"TestCase":{"Id":"4f3c26ab-2415-cd9b-eb35-dae837d74ef1","FullyQualifiedName":"SeleniumKesten.tests.HomeTests.TestNevalidanRangeCijena(\"0\",\"0\")","DisplayName":"TestNevalidanRangeCijena(\"0\",\"0\")","ExecutorUri":"executor://NUnit3TestExecutor","Source":"C:\\Users\\Aida\\source\\repos\\SeleniumKesten\\SeleniumKesten\\bin\\Debug\\net6.0\\fine-code-coverage\\build-output\\SeleniumKesten.dll","CodeFilePath":null,"LineNumber":0,"Properties":[{"Key":{"Id":"NUnit.Seed","Label":"Seed","Category":"","Description":"","Attributes":0,"ValueType":"System.String"},"Value":"1731888080"}]},"Attachments":[],"Outcome":2,"ErrorMessage":"OpenQA.Selenium.NoSuchWindowException : no such window: target window already closed\r\nfrom unknown error: web view not found\r\n  (Session info: chrome=120.0.6099.217)","ErrorStackTrace":"   at OpenQA.Selenium.WebDriver.UnpackAndThrowOnError(Response errorResponse, String commandToExecute)\r\n   at OpenQA.Selenium.WebDriver.Execute(String driverCommandToExecute, Dictionary`2 parameters)\r\n   at OpenQA.Selenium.WebDriver.FindElement(String mechanism, String value)\r\n   at OpenQA.Selenium.By.<.ctor>b__11_0(ISearchContext context)\r\n   at OpenQA.Selenium.By.FindElement(ISearchContext context)\r\n   at OpenQA.Selenium.WebDriver.FindElement(By by)\r\n   at SeleniumKesten.pages.HomePage.ClickSearchLink() in C:\\Users\\Aida\\source\\repos\\SeleniumKesten\\SeleniumKesten\\pages\\HomePage.cs:line 43\r\n   at SeleniumKesten.tests.HomeTests.TestNevalidanRangeCijena(String maxPrice, String minPrice) in C:\\Users\\Aida\\source\\repos\\SeleniumKesten\\SeleniumKesten\\tests\\HomeTests.cs:line 52\n","DisplayName":"TestNevalidanRangeCijena(\"0\",\"0\")","Messages":[],"ComputerName":"DESKTOP-JHDA266","Duration":"00:00:03.2495740","StartTime":"2024-01-16T18:26:28.4025955+00:00","EndTime":"2024-01-16T18:26:31.6521689+00:00","Properties":[{"Key":{"Id":"NUnit.Seed","Label":"Seed","Category":"","Description":"","Attributes":0,"ValueType":"System.String"},"Value":"1731888080"}]}],"TestRunStatistics":{"ExecutedTests":2,"Stats":{"Failed":2}},"ActiveTests":[{"Id":"0cdac55b-0919-508e-14c9-6337d3fc6c03","FullyQualifiedName":"SeleniumKesten.tests.HomeTests.TestNevalidanRangeCijena(\"-100\",\"-50\")","DisplayName":"TestNevalidanRangeCijena(\"-100\",\"-50\")","ExecutorUri":"executor://NUnit3TestExecutor","Source":"C:\\Users\\Aida\\source\\repos\\SeleniumKesten\\SeleniumKesten\\bin\\Debug\\net6.0\\fine-code-coverage\\build-output\\SeleniumKesten.dll","CodeFilePath":null,"LineNumber":0,"Properties":[{"Key":{"Id":"NUnit.Seed","Label":"Seed","Category":"","Description":"","Attributes":0,"ValueType":"System.String"},"Value":"889504321"}]}]}}
TpTrace Verbose: 0 : 22060, 12, 2024/01/16, 19:26:31.661, 4614976452388, vstest.console.dll, TestRunRequest:SendTestRunStatsChange: Starting.
TpTrace Verbose: 0 : 22060, 12, 2024/01/16, 19:26:31.661, 4614976453144, vstest.console.dll, InProgress is TestNevalidanRangeCijena("-100","-50")
TpTrace Verbose: 0 : 22060, 12, 2024/01/16, 19:26:31.661, 4614976454020, vstest.console.dll, MulticastDelegateUtilities.SafeInvoke: TestRun.RunStatsChanged: Invoking callbacks was skipped because there are no subscribers.
TpTrace Information: 0 : 22060, 12, 2024/01/16, 19:26:31.662, 4614976454429, vstest.console.dll, TestRunRequest:SendTestRunStatsChange: Completed.
TpTrace Verbose: 0 : 22060, 12, 2024/01/16, 19:26:31.662, 4614976455011, vstest.console.dll, MulticastDelegateUtilities.SafeInvoke: LengthPrefixCommunicationChannel: MessageReceived: Invoking callback 1/1 for Microsoft.VisualStudio.TestPlatform.CommunicationUtilities.TestRequestSender+<>c__DisplayClass34_0., took 3 ms.
TpTrace Verbose: 0 : 22060, 12, 2024/01/16, 19:26:31.662, 4614976455530, vstest.console.dll, TcpClientExtensions.MessageLoopAsync: Polling on remoteEndPoint: 127.0.0.1:59974 localEndPoint: 127.0.0.1:59973
TpTrace Verbose: 0 : 22060, 4, 2024/01/16, 19:26:31.662, 4614976464189, vstest.console.dll, MulticastDelegateUtilities.SafeInvoke: InternalTestLoggerEvents.SendTestResult: Invoking callback 1/1 for Microsoft.VisualStudio.TestPlatform.CommandLine.Internal.ConsoleLogger., took 0 ms.
TpTrace Verbose: 0 : 22060, 12, 2024/01/16, 19:26:32.670, 4614986536603, vstest.console.dll, TcpClientExtensions.MessageLoopAsync: Polling on remoteEndPoint: 127.0.0.1:59974 localEndPoint: 127.0.0.1:59973
TpTrace Verbose: 0 : 22060, 12, 2024/01/16, 19:26:33.677, 4614996605441, vstest.console.dll, TcpClientExtensions.MessageLoopAsync: Polling on remoteEndPoint: 127.0.0.1:59974 localEndPoint: 127.0.0.1:59973
TpTrace Verbose: 0 : 22060, 12, 2024/01/16, 19:26:34.656, 4615006395758, vstest.console.dll, TcpClientExtensions.MessageLoopAsync: NotifyDataAvailable remoteEndPoint: 127.0.0.1:59974 localEndPoint: 127.0.0.1:59973
TpTrace Verbose: 0 : 22060, 12, 2024/01/16, 19:26:34.656, 4615006400228, vstest.console.dll, TestRequestSender.OnExecutionMessageReceived: Received message: {"Version":7,"MessageType":"TestExecution.StatsChange","Payload":{"NewTestResults":[{"TestCase":{"Id":"0cdac55b-0919-508e-14c9-6337d3fc6c03","FullyQualifiedName":"SeleniumKesten.tests.HomeTests.TestNevalidanRangeCijena(\"-100\",\"-50\")","DisplayName":"TestNevalidanRangeCijena(\"-100\",\"-50\")","ExecutorUri":"executor://NUnit3TestExecutor","Source":"C:\\Users\\Aida\\source\\repos\\SeleniumKesten\\SeleniumKesten\\bin\\Debug\\net6.0\\fine-code-coverage\\build-output\\SeleniumKesten.dll","CodeFilePath":null,"LineNumber":0,"Properties":[{"Key":{"Id":"NUnit.Seed","Label":"Seed","Category":"","Description":"","Attributes":0,"ValueType":"System.String"},"Value":"889504321"}]},"Attachments":[],"Outcome":2,"ErrorMessage":"OpenQA.Selenium.NoSuchWindowException : no such window: target window already closed\r\nfrom unknown error: web view not found\r\n  (Session info: chrome=120.0.6099.217)","ErrorStackTrace":"   at OpenQA.Selenium.WebDriver.UnpackAndThrowOnError(Response errorResponse, String commandToExecute)\r\n   at OpenQA.Selenium.WebDriver.Execute(String driverCommandToExecute, Dictionary`2 parameters)\r\n   at OpenQA.Selenium.WebDriver.FindElement(String mechanism, String value)\r\n   at OpenQA.Selenium.By.<.ctor>b__11_0(ISearchContext context)\r\n   at OpenQA.Selenium.By.FindElement(ISearchContext context)\r\n   at OpenQA.Selenium.WebDriver.FindElement(By by)\r\n   at SeleniumKesten.pages.HomePage.ClickSearchLink() in C:\\Users\\Aida\\source\\repos\\SeleniumKesten\\SeleniumKesten\\pages\\HomePage.cs:line 43\r\n   at SeleniumKesten.tests.HomeTests.TestNevalidanRangeCijena(String maxPrice, String minPrice) in C:\\Users\\Aida\\source\\repos\\SeleniumKesten\\SeleniumKesten\\tests\\HomeTests.cs:line 52\n","DisplayName":"TestNevalidanRangeCijena(\"-100\",\"-50\")","Messages":[],"ComputerName":"DESKTOP-JHDA266","Duration":"00:00:02.9993940","StartTime":"2024-01-16T18:26:31.6522646+00:00","EndTime":"2024-01-16T18:26:34.6516582+00:00","Properties":[{"Key":{"Id":"NUnit.Seed","Label":"Seed","Category":"","Description":"","Attributes":0,"ValueType":"System.String"},"Value":"889504321"}]}],"TestRunStatistics":{"ExecutedTests":3,"Stats":{"Failed":3}},"ActiveTests":[{"Id":"68b68ee9-a7dd-b7f7-381d-390fd9328fba","FullyQualifiedName":"SeleniumKesten.tests.HomeTests.TestNevalidanRangeCijena(\"-50\",\"-100\")","DisplayName":"TestNevalidanRangeCijena(\"-50\",\"-100\")","ExecutorUri":"executor://NUnit3TestExecutor","Source":"C:\\Users\\Aida\\source\\repos\\SeleniumKesten\\SeleniumKesten\\bin\\Debug\\net6.0\\fine-code-coverage\\build-output\\SeleniumKesten.dll","CodeFilePath":null,"LineNumber":0,"Properties":[{"Key":{"Id":"NUnit.Seed","Label":"Seed","Category":"","Description":"","Attributes":0,"ValueType":"System.String"},"Value":"1937647755"}]}]}}
TpTrace Verbose: 0 : 22060, 12, 2024/01/16, 19:26:34.657, 4615006412172, vstest.console.dll, TestRunRequest:SendTestRunStatsChange: Starting.
TpTrace Verbose: 0 : 22060, 12, 2024/01/16, 19:26:34.657, 4615006412913, vstest.console.dll, InProgress is TestNevalidanRangeCijena("-50","-100")
TpTrace Verbose: 0 : 22060, 12, 2024/01/16, 19:26:34.657, 4615006413620, vstest.console.dll, MulticastDelegateUtilities.SafeInvoke: TestRun.RunStatsChanged: Invoking callbacks was skipped because there are no subscribers.
TpTrace Information: 0 : 22060, 12, 2024/01/16, 19:26:34.657, 4615006414035, vstest.console.dll, TestRunRequest:SendTestRunStatsChange: Completed.
TpTrace Verbose: 0 : 22060, 12, 2024/01/16, 19:26:34.658, 4615006414463, vstest.console.dll, MulticastDelegateUtilities.SafeInvoke: LengthPrefixCommunicationChannel: MessageReceived: Invoking callback 1/1 for Microsoft.VisualStudio.TestPlatform.CommunicationUtilities.TestRequestSender+<>c__DisplayClass34_0., took 1 ms.
TpTrace Verbose: 0 : 22060, 12, 2024/01/16, 19:26:34.658, 4615006414984, vstest.console.dll, TcpClientExtensions.MessageLoopAsync: Polling on remoteEndPoint: 127.0.0.1:59974 localEndPoint: 127.0.0.1:59973
TpTrace Verbose: 0 : 22060, 4, 2024/01/16, 19:26:34.658, 4615006417912, vstest.console.dll, MulticastDelegateUtilities.SafeInvoke: InternalTestLoggerEvents.SendTestResult: Invoking callback 1/1 for Microsoft.VisualStudio.TestPlatform.CommandLine.Internal.ConsoleLogger., took 0 ms.
TpTrace Verbose: 0 : 22060, 12, 2024/01/16, 19:26:35.658, 4615016424072, vstest.console.dll, TcpClientExtensions.MessageLoopAsync: Polling on remoteEndPoint: 127.0.0.1:59974 localEndPoint: 127.0.0.1:59973
TpTrace Verbose: 0 : 22060, 12, 2024/01/16, 19:26:36.672, 4615026558318, vstest.console.dll, TcpClientExtensions.MessageLoopAsync: Polling on remoteEndPoint: 127.0.0.1:59974 localEndPoint: 127.0.0.1:59973
TpTrace Verbose: 0 : 22060, 12, 2024/01/16, 19:26:37.682, 4615036663036, vstest.console.dll, TcpClientExtensions.MessageLoopAsync: Polling on remoteEndPoint: 127.0.0.1:59974 localEndPoint: 127.0.0.1:59973
TpTrace Verbose: 0 : 22060, 12, 2024/01/16, 19:26:38.695, 4615046790051, vstest.console.dll, TcpClientExtensions.MessageLoopAsync: Polling on remoteEndPoint: 127.0.0.1:59974 localEndPoint: 127.0.0.1:59973
TpTrace Verbose: 0 : 22060, 12, 2024/01/16, 19:26:39.705, 4615056885189, vstest.console.dll, TcpClientExtensions.MessageLoopAsync: Polling on remoteEndPoint: 127.0.0.1:59974 localEndPoint: 127.0.0.1:59973
TpTrace Verbose: 0 : 22060, 12, 2024/01/16, 19:26:40.712, 4615066961249, vstest.console.dll, TcpClientExtensions.MessageLoopAsync: Polling on remoteEndPoint: 127.0.0.1:59974 localEndPoint: 127.0.0.1:59973
TpTrace Verbose: 0 : 22060, 12, 2024/01/16, 19:26:41.725, 4615077089261, vstest.console.dll, TcpClientExtensions.MessageLoopAsync: Polling on remoteEndPoint: 127.0.0.1:59974 localEndPoint: 127.0.0.1:59973
TpTrace Verbose: 0 : 22060, 12, 2024/01/16, 19:26:42.739, 4615087231694, vstest.console.dll, TcpClientExtensions.MessageLoopAsync: Polling on remoteEndPoint: 127.0.0.1:59974 localEndPoint: 127.0.0.1:59973
TpTrace Verbose: 0 : 22060, 12, 2024/01/16, 19:26:43.749, 4615097325144, vstest.console.dll, TcpClientExtensions.MessageLoopAsync: Polling on remoteEndPoint: 127.0.0.1:59974 localEndPoint: 127.0.0.1:59973
TpTrace Verbose: 0 : 22060, 12, 2024/01/16, 19:26:44.763, 4615107472632, vstest.console.dll, TcpClientExtensions.MessageLoopAsync: Polling on remoteEndPoint: 127.0.0.1:59974 localEndPoint: 127.0.0.1:59973
TpTrace Verbose: 0 : 22060, 12, 2024/01/16, 19:26:45.774, 4615117577098, vstest.console.dll, TcpClientExtensions.MessageLoopAsync: Polling on remoteEndPoint: 127.0.0.1:59974 localEndPoint: 127.0.0.1:59973
TpTrace Verbose: 0 : 22060, 12, 2024/01/16, 19:26:46.786, 4615127702001, vstest.console.dll, TcpClientExtensions.MessageLoopAsync: Polling on remoteEndPoint: 127.0.0.1:59974 localEndPoint: 127.0.0.1:59973
TpTrace Verbose: 0 : 22060, 12, 2024/01/16, 19:26:47.799, 4615137825131, vstest.console.dll, TcpClientExtensions.MessageLoopAsync: Polling on remoteEndPoint: 127.0.0.1:59974 localEndPoint: 127.0.0.1:59973
TpTrace Verbose: 0 : 22060, 12, 2024/01/16, 19:26:48.809, 4615147929761, vstest.console.dll, TcpClientExtensions.MessageLoopAsync: Polling on remoteEndPoint: 127.0.0.1:59974 localEndPoint: 127.0.0.1:59973
TpTrace Verbose: 0 : 22060, 12, 2024/01/16, 19:26:49.819, 4615158024526, vstest.console.dll, TcpClientExtensions.MessageLoopAsync: Polling on remoteEndPoint: 127.0.0.1:59974 localEndPoint: 127.0.0.1:59973
TpTrace Verbose: 0 : 22060, 12, 2024/01/16, 19:26:50.828, 4615168120319, vstest.console.dll, TcpClientExtensions.MessageLoopAsync: Polling on remoteEndPoint: 127.0.0.1:59974 localEndPoint: 127.0.0.1:59973
TpTrace Verbose: 0 : 22060, 12, 2024/01/16, 19:26:51.836, 4615178196065, vstest.console.dll, TcpClientExtensions.MessageLoopAsync: Polling on remoteEndPoint: 127.0.0.1:59974 localEndPoint: 127.0.0.1:59973
TpTrace Verbose: 0 : 22060, 12, 2024/01/16, 19:26:52.849, 4615188326775, vstest.console.dll, TcpClientExtensions.MessageLoopAsync: Polling on remoteEndPoint: 127.0.0.1:59974 localEndPoint: 127.0.0.1:59973
TpTrace Verbose: 0 : 22060, 12, 2024/01/16, 19:26:53.868, 4615198522895, vstest.console.dll, TcpClientExtensions.MessageLoopAsync: Polling on remoteEndPoint: 127.0.0.1:59974 localEndPoint: 127.0.0.1:59973
TpTrace Verbose: 0 : 22060, 12, 2024/01/16, 19:26:54.882, 4615208658125, vstest.console.dll, TcpClientExtensions.MessageLoopAsync: Polling on remoteEndPoint: 127.0.0.1:59974 localEndPoint: 127.0.0.1:59973
TpTrace Verbose: 0 : 22060, 12, 2024/01/16, 19:26:55.883, 4615218669955, vstest.console.dll, TcpClientExtensions.MessageLoopAsync: Polling on remoteEndPoint: 127.0.0.1:59974 localEndPoint: 127.0.0.1:59973
TpTrace Verbose: 0 : 22060, 12, 2024/01/16, 19:26:56.888, 4615228719566, vstest.console.dll, TcpClientExtensions.MessageLoopAsync: Polling on remoteEndPoint: 127.0.0.1:59974 localEndPoint: 127.0.0.1:59973
TpTrace Verbose: 0 : 22060, 12, 2024/01/16, 19:26:57.892, 4615238759024, vstest.console.dll, TcpClientExtensions.MessageLoopAsync: Polling on remoteEndPoint: 127.0.0.1:59974 localEndPoint: 127.0.0.1:59973
TpTrace Verbose: 0 : 22060, 12, 2024/01/16, 19:26:58.906, 4615248903040, vstest.console.dll, TcpClientExtensions.MessageLoopAsync: Polling on remoteEndPoint: 127.0.0.1:59974 localEndPoint: 127.0.0.1:59973
TpTrace Verbose: 0 : 22060, 12, 2024/01/16, 19:26:59.917, 4615259014273, vstest.console.dll, TcpClientExtensions.MessageLoopAsync: Polling on remoteEndPoint: 127.0.0.1:59974 localEndPoint: 127.0.0.1:59973
TpTrace Verbose: 0 : 22060, 12, 2024/01/16, 19:27:00.933, 4615269165644, vstest.console.dll, TcpClientExtensions.MessageLoopAsync: Polling on remoteEndPoint: 127.0.0.1:59974 localEndPoint: 127.0.0.1:59973
TpTrace Verbose: 0 : 22060, 12, 2024/01/16, 19:27:01.946, 4615279304202, vstest.console.dll, TcpClientExtensions.MessageLoopAsync: Polling on remoteEndPoint: 127.0.0.1:59974 localEndPoint: 127.0.0.1:59973
TpTrace Verbose: 0 : 22060, 12, 2024/01/16, 19:27:02.959, 4615289433142, vstest.console.dll, TcpClientExtensions.MessageLoopAsync: Polling on remoteEndPoint: 127.0.0.1:59974 localEndPoint: 127.0.0.1:59973
TpTrace Verbose: 0 : 22060, 12, 2024/01/16, 19:27:03.972, 4615299562753, vstest.console.dll, TcpClientExtensions.MessageLoopAsync: Polling on remoteEndPoint: 127.0.0.1:59974 localEndPoint: 127.0.0.1:59973
TpTrace Verbose: 0 : 22060, 12, 2024/01/16, 19:27:04.982, 4615309654462, vstest.console.dll, TcpClientExtensions.MessageLoopAsync: Polling on remoteEndPoint: 127.0.0.1:59974 localEndPoint: 127.0.0.1:59973
TpTrace Verbose: 0 : 22060, 12, 2024/01/16, 19:27:05.992, 4615319762274, vstest.console.dll, TcpClientExtensions.MessageLoopAsync: Polling on remoteEndPoint: 127.0.0.1:59974 localEndPoint: 127.0.0.1:59973
TpTrace Verbose: 0 : 22060, 12, 2024/01/16, 19:27:06.998, 4615329822842, vstest.console.dll, TcpClientExtensions.MessageLoopAsync: Polling on remoteEndPoint: 127.0.0.1:59974 localEndPoint: 127.0.0.1:59973
TpTrace Verbose: 0 : 22060, 12, 2024/01/16, 19:27:08.014, 4615339974630, vstest.console.dll, TcpClientExtensions.MessageLoopAsync: Polling on remoteEndPoint: 127.0.0.1:59974 localEndPoint: 127.0.0.1:59973
TpTrace Verbose: 0 : 22060, 12, 2024/01/16, 19:27:09.023, 4615350070135, vstest.console.dll, TcpClientExtensions.MessageLoopAsync: Polling on remoteEndPoint: 127.0.0.1:59974 localEndPoint: 127.0.0.1:59973
TpTrace Verbose: 0 : 22060, 12, 2024/01/16, 19:27:10.032, 4615360161471, vstest.console.dll, TcpClientExtensions.MessageLoopAsync: Polling on remoteEndPoint: 127.0.0.1:59974 localEndPoint: 127.0.0.1:59973
TpTrace Verbose: 0 : 22060, 12, 2024/01/16, 19:27:11.043, 4615370272344, vstest.console.dll, TcpClientExtensions.MessageLoopAsync: Polling on remoteEndPoint: 127.0.0.1:59974 localEndPoint: 127.0.0.1:59973
TpTrace Verbose: 0 : 22060, 12, 2024/01/16, 19:27:12.052, 4615380355664, vstest.console.dll, TcpClientExtensions.MessageLoopAsync: Polling on remoteEndPoint: 127.0.0.1:59974 localEndPoint: 127.0.0.1:59973
TpTrace Verbose: 0 : 22060, 12, 2024/01/16, 19:27:13.063, 4615390464528, vstest.console.dll, TcpClientExtensions.MessageLoopAsync: Polling on remoteEndPoint: 127.0.0.1:59974 localEndPoint: 127.0.0.1:59973
TpTrace Verbose: 0 : 22060, 12, 2024/01/16, 19:27:14.070, 4615400536776, vstest.console.dll, TcpClientExtensions.MessageLoopAsync: Polling on remoteEndPoint: 127.0.0.1:59974 localEndPoint: 127.0.0.1:59973
TpTrace Verbose: 0 : 22060, 12, 2024/01/16, 19:27:15.080, 4615410635522, vstest.console.dll, TcpClientExtensions.MessageLoopAsync: Polling on remoteEndPoint: 127.0.0.1:59974 localEndPoint: 127.0.0.1:59973
TpTrace Verbose: 0 : 22060, 12, 2024/01/16, 19:27:16.092, 4615420758709, vstest.console.dll, TcpClientExtensions.MessageLoopAsync: Polling on remoteEndPoint: 127.0.0.1:59974 localEndPoint: 127.0.0.1:59973
TpTrace Verbose: 0 : 22060, 12, 2024/01/16, 19:27:17.100, 4615430841386, vstest.console.dll, TcpClientExtensions.MessageLoopAsync: Polling on remoteEndPoint: 127.0.0.1:59974 localEndPoint: 127.0.0.1:59973
TpTrace Verbose: 0 : 22060, 12, 2024/01/16, 19:27:18.113, 4615440973300, vstest.console.dll, TcpClientExtensions.MessageLoopAsync: Polling on remoteEndPoint: 127.0.0.1:59974 localEndPoint: 127.0.0.1:59973
TpTrace Verbose: 0 : 22060, 12, 2024/01/16, 19:27:19.123, 4615451073117, vstest.console.dll, TcpClientExtensions.MessageLoopAsync: Polling on remoteEndPoint: 127.0.0.1:59974 localEndPoint: 127.0.0.1:59973
TpTrace Verbose: 0 : 22060, 12, 2024/01/16, 19:27:20.133, 4615461169218, vstest.console.dll, TcpClientExtensions.MessageLoopAsync: Polling on remoteEndPoint: 127.0.0.1:59974 localEndPoint: 127.0.0.1:59973
TpTrace Verbose: 0 : 22060, 12, 2024/01/16, 19:27:21.148, 4615471314705, vstest.console.dll, TcpClientExtensions.MessageLoopAsync: Polling on remoteEndPoint: 127.0.0.1:59974 localEndPoint: 127.0.0.1:59973
TpTrace Verbose: 0 : 22060, 12, 2024/01/16, 19:27:22.157, 4615481405381, vstest.console.dll, TcpClientExtensions.MessageLoopAsync: Polling on remoteEndPoint: 127.0.0.1:59974 localEndPoint: 127.0.0.1:59973
TpTrace Verbose: 0 : 22060, 12, 2024/01/16, 19:27:23.163, 4615491473419, vstest.console.dll, TcpClientExtensions.MessageLoopAsync: Polling on remoteEndPoint: 127.0.0.1:59974 localEndPoint: 127.0.0.1:59973
TpTrace Verbose: 0 : 22060, 12, 2024/01/16, 19:27:24.176, 4615501601032, vstest.console.dll, TcpClientExtensions.MessageLoopAsync: Polling on remoteEndPoint: 127.0.0.1:59974 localEndPoint: 127.0.0.1:59973
TpTrace Verbose: 0 : 22060, 12, 2024/01/16, 19:27:25.187, 4615511713532, vstest.console.dll, TcpClientExtensions.MessageLoopAsync: Polling on remoteEndPoint: 127.0.0.1:59974 localEndPoint: 127.0.0.1:59973
TpTrace Verbose: 0 : 22060, 12, 2024/01/16, 19:27:26.197, 4615521806205, vstest.console.dll, TcpClientExtensions.MessageLoopAsync: Polling on remoteEndPoint: 127.0.0.1:59974 localEndPoint: 127.0.0.1:59973
TpTrace Verbose: 0 : 22060, 12, 2024/01/16, 19:27:27.207, 4615531911582, vstest.console.dll, TcpClientExtensions.MessageLoopAsync: Polling on remoteEndPoint: 127.0.0.1:59974 localEndPoint: 127.0.0.1:59973
TpTrace Verbose: 0 : 22060, 12, 2024/01/16, 19:27:28.212, 4615541956232, vstest.console.dll, TcpClientExtensions.MessageLoopAsync: Polling on remoteEndPoint: 127.0.0.1:59974 localEndPoint: 127.0.0.1:59973
TpTrace Verbose: 0 : 22060, 12, 2024/01/16, 19:27:29.214, 4615551979554, vstest.console.dll, TcpClientExtensions.MessageLoopAsync: Polling on remoteEndPoint: 127.0.0.1:59974 localEndPoint: 127.0.0.1:59973
TpTrace Verbose: 0 : 22060, 12, 2024/01/16, 19:27:30.225, 4615562093314, vstest.console.dll, TcpClientExtensions.MessageLoopAsync: Polling on remoteEndPoint: 127.0.0.1:59974 localEndPoint: 127.0.0.1:59973
TpTrace Verbose: 0 : 22060, 12, 2024/01/16, 19:27:31.231, 4615572152247, vstest.console.dll, TcpClientExtensions.MessageLoopAsync: Polling on remoteEndPoint: 127.0.0.1:59974 localEndPoint: 127.0.0.1:59973
TpTrace Verbose: 0 : 22060, 12, 2024/01/16, 19:27:32.242, 4615582260921, vstest.console.dll, TcpClientExtensions.MessageLoopAsync: Polling on remoteEndPoint: 127.0.0.1:59974 localEndPoint: 127.0.0.1:59973
TpTrace Verbose: 0 : 22060, 12, 2024/01/16, 19:27:33.253, 4615592365623, vstest.console.dll, TcpClientExtensions.MessageLoopAsync: Polling on remoteEndPoint: 127.0.0.1:59974 localEndPoint: 127.0.0.1:59973
TpTrace Verbose: 0 : 22060, 12, 2024/01/16, 19:27:34.267, 4615602505869, vstest.console.dll, TcpClientExtensions.MessageLoopAsync: Polling on remoteEndPoint: 127.0.0.1:59974 localEndPoint: 127.0.0.1:59973
TpTrace Verbose: 0 : 22060, 12, 2024/01/16, 19:27:35.281, 4615612645057, vstest.console.dll, TcpClientExtensions.MessageLoopAsync: Polling on remoteEndPoint: 127.0.0.1:59974 localEndPoint: 127.0.0.1:59973
TpTrace Verbose: 0 : 22060, 12, 2024/01/16, 19:27:36.295, 4615622785418, vstest.console.dll, TcpClientExtensions.MessageLoopAsync: Polling on remoteEndPoint: 127.0.0.1:59974 localEndPoint: 127.0.0.1:59973
TpTrace Verbose: 0 : 22060, 12, 2024/01/16, 19:27:37.307, 4615632907909, vstest.console.dll, TcpClientExtensions.MessageLoopAsync: Polling on remoteEndPoint: 127.0.0.1:59974 localEndPoint: 127.0.0.1:59973
TpTrace Verbose: 0 : 22060, 12, 2024/01/16, 19:27:38.317, 4615643009566, vstest.console.dll, TcpClientExtensions.MessageLoopAsync: Polling on remoteEndPoint: 127.0.0.1:59974 localEndPoint: 127.0.0.1:59973
TpTrace Verbose: 0 : 22060, 12, 2024/01/16, 19:27:39.322, 4615653057552, vstest.console.dll, TcpClientExtensions.MessageLoopAsync: Polling on remoteEndPoint: 127.0.0.1:59974 localEndPoint: 127.0.0.1:59973
TpTrace Verbose: 0 : 22060, 12, 2024/01/16, 19:27:40.337, 4615663208597, vstest.console.dll, TcpClientExtensions.MessageLoopAsync: Polling on remoteEndPoint: 127.0.0.1:59974 localEndPoint: 127.0.0.1:59973
TpTrace Verbose: 0 : 22060, 12, 2024/01/16, 19:27:41.348, 4615673318676, vstest.console.dll, TcpClientExtensions.MessageLoopAsync: Polling on remoteEndPoint: 127.0.0.1:59974 localEndPoint: 127.0.0.1:59973
TpTrace Verbose: 0 : 22060, 12, 2024/01/16, 19:27:42.361, 4615683450286, vstest.console.dll, TcpClientExtensions.MessageLoopAsync: Polling on remoteEndPoint: 127.0.0.1:59974 localEndPoint: 127.0.0.1:59973
TpTrace Verbose: 0 : 22060, 12, 2024/01/16, 19:27:43.372, 4615693558010, vstest.console.dll, TcpClientExtensions.MessageLoopAsync: Polling on remoteEndPoint: 127.0.0.1:59974 localEndPoint: 127.0.0.1:59973
TpTrace Verbose: 0 : 22060, 12, 2024/01/16, 19:27:44.383, 4615703666744, vstest.console.dll, TcpClientExtensions.MessageLoopAsync: Polling on remoteEndPoint: 127.0.0.1:59974 localEndPoint: 127.0.0.1:59973
TpTrace Verbose: 0 : 22060, 12, 2024/01/16, 19:27:45.395, 4615713789869, vstest.console.dll, TcpClientExtensions.MessageLoopAsync: Polling on remoteEndPoint: 127.0.0.1:59974 localEndPoint: 127.0.0.1:59973
TpTrace Verbose: 0 : 22060, 12, 2024/01/16, 19:27:46.404, 4615723875165, vstest.console.dll, TcpClientExtensions.MessageLoopAsync: Polling on remoteEndPoint: 127.0.0.1:59974 localEndPoint: 127.0.0.1:59973
TpTrace Verbose: 0 : 22060, 12, 2024/01/16, 19:27:47.416, 4615734003323, vstest.console.dll, TcpClientExtensions.MessageLoopAsync: Polling on remoteEndPoint: 127.0.0.1:59974 localEndPoint: 127.0.0.1:59973
TpTrace Verbose: 0 : 22060, 12, 2024/01/16, 19:27:48.429, 4615744129045, vstest.console.dll, TcpClientExtensions.MessageLoopAsync: Polling on remoteEndPoint: 127.0.0.1:59974 localEndPoint: 127.0.0.1:59973
TpTrace Verbose: 0 : 22060, 12, 2024/01/16, 19:27:49.439, 4615754225970, vstest.console.dll, TcpClientExtensions.MessageLoopAsync: Polling on remoteEndPoint: 127.0.0.1:59974 localEndPoint: 127.0.0.1:59973
TpTrace Verbose: 0 : 22060, 12, 2024/01/16, 19:27:50.450, 4615764341262, vstest.console.dll, TcpClientExtensions.MessageLoopAsync: Polling on remoteEndPoint: 127.0.0.1:59974 localEndPoint: 127.0.0.1:59973
TpTrace Verbose: 0 : 22060, 12, 2024/01/16, 19:27:51.461, 4615774448424, vstest.console.dll, TcpClientExtensions.MessageLoopAsync: Polling on remoteEndPoint: 127.0.0.1:59974 localEndPoint: 127.0.0.1:59973
TpTrace Verbose: 0 : 22060, 12, 2024/01/16, 19:27:52.467, 4615784506171, vstest.console.dll, TcpClientExtensions.MessageLoopAsync: Polling on remoteEndPoint: 127.0.0.1:59974 localEndPoint: 127.0.0.1:59973
TpTrace Verbose: 0 : 22060, 12, 2024/01/16, 19:27:53.478, 4615794622123, vstest.console.dll, TcpClientExtensions.MessageLoopAsync: Polling on remoteEndPoint: 127.0.0.1:59974 localEndPoint: 127.0.0.1:59973
TpTrace Verbose: 0 : 22060, 12, 2024/01/16, 19:27:54.488, 4615804722370, vstest.console.dll, TcpClientExtensions.MessageLoopAsync: Polling on remoteEndPoint: 127.0.0.1:59974 localEndPoint: 127.0.0.1:59973
TpTrace Verbose: 0 : 22060, 12, 2024/01/16, 19:27:55.503, 4615814867583, vstest.console.dll, TcpClientExtensions.MessageLoopAsync: Polling on remoteEndPoint: 127.0.0.1:59974 localEndPoint: 127.0.0.1:59973
TpTrace Verbose: 0 : 22060, 12, 2024/01/16, 19:27:56.517, 4615825006786, vstest.console.dll, TcpClientExtensions.MessageLoopAsync: Polling on remoteEndPoint: 127.0.0.1:59974 localEndPoint: 127.0.0.1:59973
TpTrace Verbose: 0 : 22060, 12, 2024/01/16, 19:27:57.528, 4615835116963, vstest.console.dll, TcpClientExtensions.MessageLoopAsync: Polling on remoteEndPoint: 127.0.0.1:59974 localEndPoint: 127.0.0.1:59973
TpTrace Verbose: 0 : 22060, 12, 2024/01/16, 19:27:58.543, 4615845268696, vstest.console.dll, TcpClientExtensions.MessageLoopAsync: Polling on remoteEndPoint: 127.0.0.1:59974 localEndPoint: 127.0.0.1:59973
TpTrace Verbose: 0 : 22060, 12, 2024/01/16, 19:27:59.552, 4615855358767, vstest.console.dll, TcpClientExtensions.MessageLoopAsync: Polling on remoteEndPoint: 127.0.0.1:59974 localEndPoint: 127.0.0.1:59973
TpTrace Verbose: 0 : 22060, 12, 2024/01/16, 19:28:00.567, 4615865511225, vstest.console.dll, TcpClientExtensions.MessageLoopAsync: Polling on remoteEndPoint: 127.0.0.1:59974 localEndPoint: 127.0.0.1:59973
TpTrace Verbose: 0 : 22060, 12, 2024/01/16, 19:28:01.569, 4615875531993, vstest.console.dll, TcpClientExtensions.MessageLoopAsync: Polling on remoteEndPoint: 127.0.0.1:59974 localEndPoint: 127.0.0.1:59973
TpTrace Verbose: 0 : 22060, 12, 2024/01/16, 19:28:02.575, 4615885588501, vstest.console.dll, TcpClientExtensions.MessageLoopAsync: Polling on remoteEndPoint: 127.0.0.1:59974 localEndPoint: 127.0.0.1:59973
TpTrace Verbose: 0 : 22060, 12, 2024/01/16, 19:28:03.589, 4615895731262, vstest.console.dll, TcpClientExtensions.MessageLoopAsync: Polling on remoteEndPoint: 127.0.0.1:59974 localEndPoint: 127.0.0.1:59973
TpTrace Verbose: 0 : 22060, 12, 2024/01/16, 19:28:04.596, 4615905796503, vstest.console.dll, TcpClientExtensions.MessageLoopAsync: Polling on remoteEndPoint: 127.0.0.1:59974 localEndPoint: 127.0.0.1:59973
TpTrace Verbose: 0 : 22060, 12, 2024/01/16, 19:28:05.609, 4615915933989, vstest.console.dll, TcpClientExtensions.MessageLoopAsync: Polling on remoteEndPoint: 127.0.0.1:59974 localEndPoint: 127.0.0.1:59973
TpTrace Verbose: 0 : 22060, 12, 2024/01/16, 19:28:06.622, 4615926057417, vstest.console.dll, TcpClientExtensions.MessageLoopAsync: Polling on remoteEndPoint: 127.0.0.1:59974 localEndPoint: 127.0.0.1:59973
TpTrace Verbose: 0 : 22060, 12, 2024/01/16, 19:28:07.632, 4615936159519, vstest.console.dll, TcpClientExtensions.MessageLoopAsync: Polling on remoteEndPoint: 127.0.0.1:59974 localEndPoint: 127.0.0.1:59973
TpTrace Verbose: 0 : 22060, 12, 2024/01/16, 19:28:08.642, 4615946255350, vstest.console.dll, TcpClientExtensions.MessageLoopAsync: Polling on remoteEndPoint: 127.0.0.1:59974 localEndPoint: 127.0.0.1:59973
TpTrace Verbose: 0 : 22060, 12, 2024/01/16, 19:28:09.653, 4615956372494, vstest.console.dll, TcpClientExtensions.MessageLoopAsync: Polling on remoteEndPoint: 127.0.0.1:59974 localEndPoint: 127.0.0.1:59973
TpTrace Verbose: 0 : 22060, 12, 2024/01/16, 19:28:10.665, 4615966486812, vstest.console.dll, TcpClientExtensions.MessageLoopAsync: Polling on remoteEndPoint: 127.0.0.1:59974 localEndPoint: 127.0.0.1:59973
TpTrace Verbose: 0 : 22060, 12, 2024/01/16, 19:28:11.678, 4615976618599, vstest.console.dll, TcpClientExtensions.MessageLoopAsync: Polling on remoteEndPoint: 127.0.0.1:59974 localEndPoint: 127.0.0.1:59973
TpTrace Verbose: 0 : 22060, 12, 2024/01/16, 19:28:12.690, 4615986740890, vstest.console.dll, TcpClientExtensions.MessageLoopAsync: Polling on remoteEndPoint: 127.0.0.1:59974 localEndPoint: 127.0.0.1:59973
TpTrace Verbose: 0 : 22060, 12, 2024/01/16, 19:28:13.704, 4615996876207, vstest.console.dll, TcpClientExtensions.MessageLoopAsync: Polling on remoteEndPoint: 127.0.0.1:59974 localEndPoint: 127.0.0.1:59973
TpTrace Verbose: 0 : 22060, 12, 2024/01/16, 19:28:14.709, 4616006926143, vstest.console.dll, TcpClientExtensions.MessageLoopAsync: Polling on remoteEndPoint: 127.0.0.1:59974 localEndPoint: 127.0.0.1:59973
TpTrace Verbose: 0 : 22060, 12, 2024/01/16, 19:28:15.721, 4616017053143, vstest.console.dll, TcpClientExtensions.MessageLoopAsync: Polling on remoteEndPoint: 127.0.0.1:59974 localEndPoint: 127.0.0.1:59973
TpTrace Verbose: 0 : 22060, 12, 2024/01/16, 19:28:16.732, 4616027162396, vstest.console.dll, TcpClientExtensions.MessageLoopAsync: Polling on remoteEndPoint: 127.0.0.1:59974 localEndPoint: 127.0.0.1:59973
TpTrace Verbose: 0 : 22060, 12, 2024/01/16, 19:28:17.742, 4616037263104, vstest.console.dll, TcpClientExtensions.MessageLoopAsync: Polling on remoteEndPoint: 127.0.0.1:59974 localEndPoint: 127.0.0.1:59973
TpTrace Verbose: 0 : 22060, 12, 2024/01/16, 19:28:18.758, 4616047416101, vstest.console.dll, TcpClientExtensions.MessageLoopAsync: Polling on remoteEndPoint: 127.0.0.1:59974 localEndPoint: 127.0.0.1:59973
TpTrace Verbose: 0 : 22060, 12, 2024/01/16, 19:28:19.770, 4616057543550, vstest.console.dll, TcpClientExtensions.MessageLoopAsync: Polling on remoteEndPoint: 127.0.0.1:59974 localEndPoint: 127.0.0.1:59973
TpTrace Verbose: 0 : 22060, 12, 2024/01/16, 19:28:20.781, 4616067647739, vstest.console.dll, TcpClientExtensions.MessageLoopAsync: Polling on remoteEndPoint: 127.0.0.1:59974 localEndPoint: 127.0.0.1:59973
TpTrace Verbose: 0 : 22060, 12, 2024/01/16, 19:28:21.794, 4616077775233, vstest.console.dll, TcpClientExtensions.MessageLoopAsync: Polling on remoteEndPoint: 127.0.0.1:59974 localEndPoint: 127.0.0.1:59973
TpTrace Verbose: 0 : 22060, 12, 2024/01/16, 19:28:22.805, 4616087886139, vstest.console.dll, TcpClientExtensions.MessageLoopAsync: Polling on remoteEndPoint: 127.0.0.1:59974 localEndPoint: 127.0.0.1:59973
TpTrace Verbose: 0 : 22060, 12, 2024/01/16, 19:28:23.816, 4616098002361, vstest.console.dll, TcpClientExtensions.MessageLoopAsync: Polling on remoteEndPoint: 127.0.0.1:59974 localEndPoint: 127.0.0.1:59973
TpTrace Verbose: 0 : 22060, 12, 2024/01/16, 19:28:24.829, 4616108132114, vstest.console.dll, TcpClientExtensions.MessageLoopAsync: Polling on remoteEndPoint: 127.0.0.1:59974 localEndPoint: 127.0.0.1:59973
TpTrace Verbose: 0 : 22060, 12, 2024/01/16, 19:28:25.843, 4616118272020, vstest.console.dll, TcpClientExtensions.MessageLoopAsync: Polling on remoteEndPoint: 127.0.0.1:59974 localEndPoint: 127.0.0.1:59973
TpTrace Verbose: 0 : 22060, 12, 2024/01/16, 19:28:26.849, 4616128329820, vstest.console.dll, TcpClientExtensions.MessageLoopAsync: Polling on remoteEndPoint: 127.0.0.1:59974 localEndPoint: 127.0.0.1:59973
TpTrace Verbose: 0 : 22060, 12, 2024/01/16, 19:28:27.858, 4616138423920, vstest.console.dll, TcpClientExtensions.MessageLoopAsync: Polling on remoteEndPoint: 127.0.0.1:59974 localEndPoint: 127.0.0.1:59973
TpTrace Verbose: 0 : 22060, 12, 2024/01/16, 19:28:28.869, 4616148524488, vstest.console.dll, TcpClientExtensions.MessageLoopAsync: Polling on remoteEndPoint: 127.0.0.1:59974 localEndPoint: 127.0.0.1:59973
TpTrace Verbose: 0 : 22060, 12, 2024/01/16, 19:28:29.883, 4616158670618, vstest.console.dll, TcpClientExtensions.MessageLoopAsync: Polling on remoteEndPoint: 127.0.0.1:59974 localEndPoint: 127.0.0.1:59973
TpTrace Verbose: 0 : 22060, 12, 2024/01/16, 19:28:30.896, 4616168799716, vstest.console.dll, TcpClientExtensions.MessageLoopAsync: Polling on remoteEndPoint: 127.0.0.1:59974 localEndPoint: 127.0.0.1:59973
TpTrace Verbose: 0 : 22060, 12, 2024/01/16, 19:28:31.896, 4616178801194, vstest.console.dll, TcpClientExtensions.MessageLoopAsync: Polling on remoteEndPoint: 127.0.0.1:59974 localEndPoint: 127.0.0.1:59973
TpTrace Verbose: 0 : 22060, 12, 2024/01/16, 19:28:32.904, 4616188881764, vstest.console.dll, TcpClientExtensions.MessageLoopAsync: Polling on remoteEndPoint: 127.0.0.1:59974 localEndPoint: 127.0.0.1:59973
TpTrace Verbose: 0 : 22060, 12, 2024/01/16, 19:28:33.917, 4616199007574, vstest.console.dll, TcpClientExtensions.MessageLoopAsync: Polling on remoteEndPoint: 127.0.0.1:59974 localEndPoint: 127.0.0.1:59973
TpTrace Verbose: 0 : 22060, 12, 2024/01/16, 19:28:34.929, 4616209125747, vstest.console.dll, TcpClientExtensions.MessageLoopAsync: Polling on remoteEndPoint: 127.0.0.1:59974 localEndPoint: 127.0.0.1:59973
TpTrace Verbose: 0 : 22060, 12, 2024/01/16, 19:28:35.943, 4616219269109, vstest.console.dll, TcpClientExtensions.MessageLoopAsync: Polling on remoteEndPoint: 127.0.0.1:59974 localEndPoint: 127.0.0.1:59973
TpTrace Verbose: 0 : 22060, 12, 2024/01/16, 19:28:36.956, 4616229399558, vstest.console.dll, TcpClientExtensions.MessageLoopAsync: Polling on remoteEndPoint: 127.0.0.1:59974 localEndPoint: 127.0.0.1:59973
TpTrace Verbose: 0 : 22060, 12, 2024/01/16, 19:28:37.965, 4616239492479, vstest.console.dll, TcpClientExtensions.MessageLoopAsync: Polling on remoteEndPoint: 127.0.0.1:59974 localEndPoint: 127.0.0.1:59973
TpTrace Verbose: 0 : 22060, 12, 2024/01/16, 19:28:38.977, 4616249613322, vstest.console.dll, TcpClientExtensions.MessageLoopAsync: Polling on remoteEndPoint: 127.0.0.1:59974 localEndPoint: 127.0.0.1:59973
TpTrace Verbose: 0 : 22060, 12, 2024/01/16, 19:28:39.989, 4616259727693, vstest.console.dll, TcpClientExtensions.MessageLoopAsync: Polling on remoteEndPoint: 127.0.0.1:59974 localEndPoint: 127.0.0.1:59973
TpTrace Verbose: 0 : 22060, 12, 2024/01/16, 19:28:41.003, 4616269869786, vstest.console.dll, TcpClientExtensions.MessageLoopAsync: Polling on remoteEndPoint: 127.0.0.1:59974 localEndPoint: 127.0.0.1:59973
TpTrace Verbose: 0 : 22060, 12, 2024/01/16, 19:28:42.018, 4616280016078, vstest.console.dll, TcpClientExtensions.MessageLoopAsync: Polling on remoteEndPoint: 127.0.0.1:59974 localEndPoint: 127.0.0.1:59973
TpTrace Verbose: 0 : 22060, 12, 2024/01/16, 19:28:43.033, 4616290172283, vstest.console.dll, TcpClientExtensions.MessageLoopAsync: Polling on remoteEndPoint: 127.0.0.1:59974 localEndPoint: 127.0.0.1:59973
TpTrace Verbose: 0 : 22060, 12, 2024/01/16, 19:28:44.049, 4616300326404, vstest.console.dll, TcpClientExtensions.MessageLoopAsync: Polling on remoteEndPoint: 127.0.0.1:59974 localEndPoint: 127.0.0.1:59973
TpTrace Verbose: 0 : 22060, 12, 2024/01/16, 19:28:45.061, 4616310448103, vstest.console.dll, TcpClientExtensions.MessageLoopAsync: Polling on remoteEndPoint: 127.0.0.1:59974 localEndPoint: 127.0.0.1:59973
TpTrace Verbose: 0 : 22060, 12, 2024/01/16, 19:28:46.074, 4616320582492, vstest.console.dll, TcpClientExtensions.MessageLoopAsync: Polling on remoteEndPoint: 127.0.0.1:59974 localEndPoint: 127.0.0.1:59973
TpTrace Verbose: 0 : 22060, 12, 2024/01/16, 19:28:47.089, 4616330731269, vstest.console.dll, TcpClientExtensions.MessageLoopAsync: Polling on remoteEndPoint: 127.0.0.1:59974 localEndPoint: 127.0.0.1:59973
TpTrace Verbose: 0 : 22060, 12, 2024/01/16, 19:28:48.095, 4616340784924, vstest.console.dll, TcpClientExtensions.MessageLoopAsync: Polling on remoteEndPoint: 127.0.0.1:59974 localEndPoint: 127.0.0.1:59973
TpTrace Verbose: 0 : 22060, 12, 2024/01/16, 19:28:49.097, 4616350814155, vstest.console.dll, TcpClientExtensions.MessageLoopAsync: Polling on remoteEndPoint: 127.0.0.1:59974 localEndPoint: 127.0.0.1:59973
TpTrace Verbose: 0 : 22060, 12, 2024/01/16, 19:28:50.111, 4616360947534, vstest.console.dll, TcpClientExtensions.MessageLoopAsync: Polling on remoteEndPoint: 127.0.0.1:59974 localEndPoint: 127.0.0.1:59973
TpTrace Verbose: 0 : 22060, 12, 2024/01/16, 19:28:51.123, 4616371071971, vstest.console.dll, TcpClientExtensions.MessageLoopAsync: Polling on remoteEndPoint: 127.0.0.1:59974 localEndPoint: 127.0.0.1:59973
TpTrace Verbose: 0 : 22060, 12, 2024/01/16, 19:28:52.125, 4616381087803, vstest.console.dll, TcpClientExtensions.MessageLoopAsync: Polling on remoteEndPoint: 127.0.0.1:59974 localEndPoint: 127.0.0.1:59973
TpTrace Verbose: 0 : 22060, 12, 2024/01/16, 19:28:53.135, 4616391188540, vstest.console.dll, TcpClientExtensions.MessageLoopAsync: Polling on remoteEndPoint: 127.0.0.1:59974 localEndPoint: 127.0.0.1:59973
TpTrace Verbose: 0 : 22060, 12, 2024/01/16, 19:28:54.135, 4616401188997, vstest.console.dll, TcpClientExtensions.MessageLoopAsync: Polling on remoteEndPoint: 127.0.0.1:59974 localEndPoint: 127.0.0.1:59973
TpTrace Verbose: 0 : 22060, 12, 2024/01/16, 19:28:55.149, 4616411329050, vstest.console.dll, TcpClientExtensions.MessageLoopAsync: Polling on remoteEndPoint: 127.0.0.1:59974 localEndPoint: 127.0.0.1:59973
TpTrace Verbose: 0 : 22060, 12, 2024/01/16, 19:28:56.163, 4616421473225, vstest.console.dll, TcpClientExtensions.MessageLoopAsync: Polling on remoteEndPoint: 127.0.0.1:59974 localEndPoint: 127.0.0.1:59973
TpTrace Verbose: 0 : 22060, 12, 2024/01/16, 19:28:57.174, 4616431583102, vstest.console.dll, TcpClientExtensions.MessageLoopAsync: Polling on remoteEndPoint: 127.0.0.1:59974 localEndPoint: 127.0.0.1:59973
TpTrace Verbose: 0 : 22060, 12, 2024/01/16, 19:28:58.186, 4616441694432, vstest.console.dll, TcpClientExtensions.MessageLoopAsync: Polling on remoteEndPoint: 127.0.0.1:59974 localEndPoint: 127.0.0.1:59973
TpTrace Verbose: 0 : 22060, 12, 2024/01/16, 19:28:59.189, 4616451725608, vstest.console.dll, TcpClientExtensions.MessageLoopAsync: Polling on remoteEndPoint: 127.0.0.1:59974 localEndPoint: 127.0.0.1:59973
TpTrace Verbose: 0 : 22060, 12, 2024/01/16, 19:29:00.202, 4616461854930, vstest.console.dll, TcpClientExtensions.MessageLoopAsync: Polling on remoteEndPoint: 127.0.0.1:59974 localEndPoint: 127.0.0.1:59973
TpTrace Verbose: 0 : 22060, 12, 2024/01/16, 19:29:01.216, 4616472001360, vstest.console.dll, TcpClientExtensions.MessageLoopAsync: Polling on remoteEndPoint: 127.0.0.1:59974 localEndPoint: 127.0.0.1:59973
TpTrace Verbose: 0 : 22060, 12, 2024/01/16, 19:29:02.228, 4616482122291, vstest.console.dll, TcpClientExtensions.MessageLoopAsync: Polling on remoteEndPoint: 127.0.0.1:59974 localEndPoint: 127.0.0.1:59973
TpTrace Verbose: 0 : 22060, 12, 2024/01/16, 19:29:03.229, 4616492124591, vstest.console.dll, TcpClientExtensions.MessageLoopAsync: Polling on remoteEndPoint: 127.0.0.1:59974 localEndPoint: 127.0.0.1:59973
TpTrace Verbose: 0 : 22060, 12, 2024/01/16, 19:29:04.242, 4616502258729, vstest.console.dll, TcpClientExtensions.MessageLoopAsync: Polling on remoteEndPoint: 127.0.0.1:59974 localEndPoint: 127.0.0.1:59973
TpTrace Verbose: 0 : 22060, 12, 2024/01/16, 19:29:05.252, 4616512363207, vstest.console.dll, TcpClientExtensions.MessageLoopAsync: Polling on remoteEndPoint: 127.0.0.1:59974 localEndPoint: 127.0.0.1:59973
TpTrace Verbose: 0 : 22060, 12, 2024/01/16, 19:29:06.262, 4616522456910, vstest.console.dll, TcpClientExtensions.MessageLoopAsync: Polling on remoteEndPoint: 127.0.0.1:59974 localEndPoint: 127.0.0.1:59973
TpTrace Verbose: 0 : 22060, 12, 2024/01/16, 19:29:06.357, 4616523411699, vstest.console.dll, TcpClientExtensions.MessageLoopAsync: NotifyDataAvailable remoteEndPoint: 127.0.0.1:59974 localEndPoint: 127.0.0.1:59973
TpTrace Verbose: 0 : 22060, 12, 2024/01/16, 19:29:06.357, 4616523413970, vstest.console.dll, TestRequestSender.OnExecutionMessageReceived: Received message: {"Version":7,"MessageType":"TestExecution.StatsChange","Payload":{"NewTestResults":[{"TestCase":{"Id":"68b68ee9-a7dd-b7f7-381d-390fd9328fba","FullyQualifiedName":"SeleniumKesten.tests.HomeTests.TestNevalidanRangeCijena(\"-50\",\"-100\")","DisplayName":"TestNevalidanRangeCijena(\"-50\",\"-100\")","ExecutorUri":"executor://NUnit3TestExecutor","Source":"C:\\Users\\Aida\\source\\repos\\SeleniumKesten\\SeleniumKesten\\bin\\Debug\\net6.0\\fine-code-coverage\\build-output\\SeleniumKesten.dll","CodeFilePath":null,"LineNumber":0,"Properties":[{"Key":{"Id":"NUnit.Seed","Label":"Seed","Category":"","Description":"","Attributes":0,"ValueType":"System.String"},"Value":"1937647755"}]},"Attachments":[],"Outcome":1,"ErrorMessage":null,"ErrorStackTrace":null,"DisplayName":"TestNevalidanRangeCijena(\"-50\",\"-100\")","Messages":[],"ComputerName":"DESKTOP-JHDA266","Duration":"00:02:31.7037030","StartTime":"2024-01-16T18:26:34.6517235+00:00","EndTime":"2024-01-16T18:29:06.3554262+00:00","Properties":[{"Key":{"Id":"NUnit.Seed","Label":"Seed","Category":"","Description":"","Attributes":0,"ValueType":"System.String"},"Value":"1937647755"}]}],"TestRunStatistics":{"ExecutedTests":4,"Stats":{"Failed":3,"Passed":1}},"ActiveTests":[{"Id":"7e9598fd-f08e-94c6-9b13-dc1f9aba0f95","FullyQualifiedName":"SeleniumKesten.tests.HomeTests.TestNevalidanRangeCijena(\"50\",\"100\")","DisplayName":"TestNevalidanRangeCijena(\"50\",\"100\")","ExecutorUri":"executor://NUnit3TestExecutor","Source":"C:\\Users\\Aida\\source\\repos\\SeleniumKesten\\SeleniumKesten\\bin\\Debug\\net6.0\\fine-code-coverage\\build-output\\SeleniumKesten.dll","CodeFilePath":null,"LineNumber":0,"Properties":[{"Key":{"Id":"NUnit.Seed","Label":"Seed","Category":"","Description":"","Attributes":0,"ValueType":"System.String"},"Value":"983087938"}]}]}}
TpTrace Verbose: 0 : 22060, 12, 2024/01/16, 19:29:06.358, 4616523421663, vstest.console.dll, TestRunRequest:SendTestRunStatsChange: Starting.
TpTrace Verbose: 0 : 22060, 12, 2024/01/16, 19:29:06.358, 4616523422101, vstest.console.dll, InProgress is TestNevalidanRangeCijena("50","100")
TpTrace Verbose: 0 : 22060, 12, 2024/01/16, 19:29:06.358, 4616523422575, vstest.console.dll, MulticastDelegateUtilities.SafeInvoke: TestRun.RunStatsChanged: Invoking callbacks was skipped because there are no subscribers.
TpTrace Information: 0 : 22060, 12, 2024/01/16, 19:29:06.358, 4616523422854, vstest.console.dll, TestRunRequest:SendTestRunStatsChange: Completed.
TpTrace Verbose: 0 : 22060, 12, 2024/01/16, 19:29:06.358, 4616523423139, vstest.console.dll, MulticastDelegateUtilities.SafeInvoke: LengthPrefixCommunicationChannel: MessageReceived: Invoking callback 1/1 for Microsoft.VisualStudio.TestPlatform.CommunicationUtilities.TestRequestSender+<>c__DisplayClass34_0., took 0 ms.
TpTrace Verbose: 0 : 22060, 4, 2024/01/16, 19:29:06.358, 4616523423333, vstest.console.dll, MulticastDelegateUtilities.SafeInvoke: InternalTestLoggerEvents.SendTestResult: Invoking callback 1/1 for Microsoft.VisualStudio.TestPlatform.CommandLine.Internal.ConsoleLogger., took 0 ms.
TpTrace Verbose: 0 : 22060, 12, 2024/01/16, 19:29:06.358, 4616523423432, vstest.console.dll, TcpClientExtensions.MessageLoopAsync: Polling on remoteEndPoint: 127.0.0.1:59974 localEndPoint: 127.0.0.1:59973
TpTrace Verbose: 0 : 22060, 12, 2024/01/16, 19:29:07.370, 4616533535857, vstest.console.dll, TcpClientExtensions.MessageLoopAsync: Polling on remoteEndPoint: 127.0.0.1:59974 localEndPoint: 127.0.0.1:59973
TpTrace Verbose: 0 : 22060, 12, 2024/01/16, 19:29:08.381, 4616543646004, vstest.console.dll, TcpClientExtensions.MessageLoopAsync: Polling on remoteEndPoint: 127.0.0.1:59974 localEndPoint: 127.0.0.1:59973
TpTrace Verbose: 0 : 22060, 12, 2024/01/16, 19:29:09.388, 4616553718647, vstest.console.dll, TcpClientExtensions.MessageLoopAsync: Polling on remoteEndPoint: 127.0.0.1:59974 localEndPoint: 127.0.0.1:59973
TpTrace Verbose: 0 : 22060, 12, 2024/01/16, 19:29:10.399, 4616563827407, vstest.console.dll, TcpClientExtensions.MessageLoopAsync: Polling on remoteEndPoint: 127.0.0.1:59974 localEndPoint: 127.0.0.1:59973
TpTrace Verbose: 0 : 22060, 12, 2024/01/16, 19:29:11.406, 4616573900928, vstest.console.dll, TcpClientExtensions.MessageLoopAsync: Polling on remoteEndPoint: 127.0.0.1:59974 localEndPoint: 127.0.0.1:59973
TpTrace Verbose: 0 : 22060, 12, 2024/01/16, 19:29:12.417, 4616584013687, vstest.console.dll, TcpClientExtensions.MessageLoopAsync: Polling on remoteEndPoint: 127.0.0.1:59974 localEndPoint: 127.0.0.1:59973
TpTrace Verbose: 0 : 22060, 12, 2024/01/16, 19:29:13.426, 4616594101608, vstest.console.dll, TcpClientExtensions.MessageLoopAsync: Polling on remoteEndPoint: 127.0.0.1:59974 localEndPoint: 127.0.0.1:59973
TpTrace Verbose: 0 : 22060, 12, 2024/01/16, 19:29:14.440, 4616604237970, vstest.console.dll, TcpClientExtensions.MessageLoopAsync: Polling on remoteEndPoint: 127.0.0.1:59974 localEndPoint: 127.0.0.1:59973
TpTrace Verbose: 0 : 22060, 12, 2024/01/16, 19:29:15.454, 4616614382959, vstest.console.dll, TcpClientExtensions.MessageLoopAsync: Polling on remoteEndPoint: 127.0.0.1:59974 localEndPoint: 127.0.0.1:59973
TpTrace Verbose: 0 : 22060, 12, 2024/01/16, 19:29:16.464, 4616624482149, vstest.console.dll, TcpClientExtensions.MessageLoopAsync: Polling on remoteEndPoint: 127.0.0.1:59974 localEndPoint: 127.0.0.1:59973
TpTrace Verbose: 0 : 22060, 12, 2024/01/16, 19:29:17.476, 4616634597847, vstest.console.dll, TcpClientExtensions.MessageLoopAsync: Polling on remoteEndPoint: 127.0.0.1:59974 localEndPoint: 127.0.0.1:59973
TpTrace Verbose: 0 : 22060, 12, 2024/01/16, 19:29:18.487, 4616644713784, vstest.console.dll, TcpClientExtensions.MessageLoopAsync: Polling on remoteEndPoint: 127.0.0.1:59974 localEndPoint: 127.0.0.1:59973
TpTrace Verbose: 0 : 22060, 12, 2024/01/16, 19:29:19.495, 4616654786396, vstest.console.dll, TcpClientExtensions.MessageLoopAsync: Polling on remoteEndPoint: 127.0.0.1:59974 localEndPoint: 127.0.0.1:59973
TpTrace Verbose: 0 : 22060, 12, 2024/01/16, 19:29:20.507, 4616664913511, vstest.console.dll, TcpClientExtensions.MessageLoopAsync: Polling on remoteEndPoint: 127.0.0.1:59974 localEndPoint: 127.0.0.1:59973
TpTrace Verbose: 0 : 22060, 12, 2024/01/16, 19:29:21.513, 4616674966503, vstest.console.dll, TcpClientExtensions.MessageLoopAsync: Polling on remoteEndPoint: 127.0.0.1:59974 localEndPoint: 127.0.0.1:59973
TpTrace Verbose: 0 : 22060, 12, 2024/01/16, 19:29:22.528, 4616685115986, vstest.console.dll, TcpClientExtensions.MessageLoopAsync: Polling on remoteEndPoint: 127.0.0.1:59974 localEndPoint: 127.0.0.1:59973
TpTrace Verbose: 0 : 22060, 12, 2024/01/16, 19:29:23.541, 4616695253697, vstest.console.dll, TcpClientExtensions.MessageLoopAsync: Polling on remoteEndPoint: 127.0.0.1:59974 localEndPoint: 127.0.0.1:59973
TpTrace Verbose: 0 : 22060, 12, 2024/01/16, 19:29:24.549, 4616705331263, vstest.console.dll, TcpClientExtensions.MessageLoopAsync: Polling on remoteEndPoint: 127.0.0.1:59974 localEndPoint: 127.0.0.1:59973
TpTrace Verbose: 0 : 22060, 12, 2024/01/16, 19:29:25.564, 4616715480159, vstest.console.dll, TcpClientExtensions.MessageLoopAsync: Polling on remoteEndPoint: 127.0.0.1:59974 localEndPoint: 127.0.0.1:59973
TpTrace Verbose: 0 : 22060, 12, 2024/01/16, 19:29:26.576, 4616725595757, vstest.console.dll, TcpClientExtensions.MessageLoopAsync: Polling on remoteEndPoint: 127.0.0.1:59974 localEndPoint: 127.0.0.1:59973
TpTrace Verbose: 0 : 22060, 12, 2024/01/16, 19:29:27.589, 4616735729442, vstest.console.dll, TcpClientExtensions.MessageLoopAsync: Polling on remoteEndPoint: 127.0.0.1:59974 localEndPoint: 127.0.0.1:59973
TpTrace Verbose: 0 : 22060, 12, 2024/01/16, 19:29:28.599, 4616745826019, vstest.console.dll, TcpClientExtensions.MessageLoopAsync: Polling on remoteEndPoint: 127.0.0.1:59974 localEndPoint: 127.0.0.1:59973
TpTrace Verbose: 0 : 22060, 12, 2024/01/16, 19:29:29.609, 4616755933789, vstest.console.dll, TcpClientExtensions.MessageLoopAsync: Polling on remoteEndPoint: 127.0.0.1:59974 localEndPoint: 127.0.0.1:59973
TpTrace Verbose: 0 : 22060, 12, 2024/01/16, 19:29:30.627, 4616766106025, vstest.console.dll, TcpClientExtensions.MessageLoopAsync: Polling on remoteEndPoint: 127.0.0.1:59974 localEndPoint: 127.0.0.1:59973
TpTrace Verbose: 0 : 22060, 12, 2024/01/16, 19:29:31.639, 4616776225387, vstest.console.dll, TcpClientExtensions.MessageLoopAsync: Polling on remoteEndPoint: 127.0.0.1:59974 localEndPoint: 127.0.0.1:59973
TpTrace Verbose: 0 : 22060, 12, 2024/01/16, 19:29:32.653, 4616786370894, vstest.console.dll, TcpClientExtensions.MessageLoopAsync: Polling on remoteEndPoint: 127.0.0.1:59974 localEndPoint: 127.0.0.1:59973
TpTrace Verbose: 0 : 22060, 12, 2024/01/16, 19:29:33.667, 4616796511188, vstest.console.dll, TcpClientExtensions.MessageLoopAsync: Polling on remoteEndPoint: 127.0.0.1:59974 localEndPoint: 127.0.0.1:59973
TpTrace Verbose: 0 : 22060, 12, 2024/01/16, 19:29:34.675, 4616806592349, vstest.console.dll, TcpClientExtensions.MessageLoopAsync: Polling on remoteEndPoint: 127.0.0.1:59974 localEndPoint: 127.0.0.1:59973
TpTrace Verbose: 0 : 22060, 12, 2024/01/16, 19:29:35.677, 4616816611393, vstest.console.dll, TcpClientExtensions.MessageLoopAsync: Polling on remoteEndPoint: 127.0.0.1:59974 localEndPoint: 127.0.0.1:59973
TpTrace Verbose: 0 : 22060, 12, 2024/01/16, 19:29:36.689, 4616826733421, vstest.console.dll, TcpClientExtensions.MessageLoopAsync: Polling on remoteEndPoint: 127.0.0.1:59974 localEndPoint: 127.0.0.1:59973
TpTrace Verbose: 0 : 22060, 12, 2024/01/16, 19:29:37.704, 4616836882765, vstest.console.dll, TcpClientExtensions.MessageLoopAsync: Polling on remoteEndPoint: 127.0.0.1:59974 localEndPoint: 127.0.0.1:59973
TpTrace Verbose: 0 : 22060, 12, 2024/01/16, 19:29:38.707, 4616846905477, vstest.console.dll, TcpClientExtensions.MessageLoopAsync: Polling on remoteEndPoint: 127.0.0.1:59974 localEndPoint: 127.0.0.1:59973
TpTrace Verbose: 0 : 22060, 12, 2024/01/16, 19:29:39.711, 4616856944950, vstest.console.dll, TcpClientExtensions.MessageLoopAsync: Polling on remoteEndPoint: 127.0.0.1:59974 localEndPoint: 127.0.0.1:59973
TpTrace Verbose: 0 : 22060, 12, 2024/01/16, 19:29:40.713, 4616866971266, vstest.console.dll, TcpClientExtensions.MessageLoopAsync: Polling on remoteEndPoint: 127.0.0.1:59974 localEndPoint: 127.0.0.1:59973
TpTrace Verbose: 0 : 22060, 12, 2024/01/16, 19:29:41.722, 4616877064269, vstest.console.dll, TcpClientExtensions.MessageLoopAsync: Polling on remoteEndPoint: 127.0.0.1:59974 localEndPoint: 127.0.0.1:59973
TpTrace Verbose: 0 : 22060, 12, 2024/01/16, 19:29:42.738, 4616887217699, vstest.console.dll, TcpClientExtensions.MessageLoopAsync: Polling on remoteEndPoint: 127.0.0.1:59974 localEndPoint: 127.0.0.1:59973
TpTrace Verbose: 0 : 22060, 12, 2024/01/16, 19:29:43.752, 4616897359882, vstest.console.dll, TcpClientExtensions.MessageLoopAsync: Polling on remoteEndPoint: 127.0.0.1:59974 localEndPoint: 127.0.0.1:59973
TpTrace Verbose: 0 : 22060, 12, 2024/01/16, 19:29:44.764, 4616907475678, vstest.console.dll, TcpClientExtensions.MessageLoopAsync: Polling on remoteEndPoint: 127.0.0.1:59974 localEndPoint: 127.0.0.1:59973
TpTrace Verbose: 0 : 22060, 12, 2024/01/16, 19:29:45.777, 4616917608288, vstest.console.dll, TcpClientExtensions.MessageLoopAsync: Polling on remoteEndPoint: 127.0.0.1:59974 localEndPoint: 127.0.0.1:59973
TpTrace Verbose: 0 : 22060, 12, 2024/01/16, 19:29:46.791, 4616927750784, vstest.console.dll, TcpClientExtensions.MessageLoopAsync: Polling on remoteEndPoint: 127.0.0.1:59974 localEndPoint: 127.0.0.1:59973
TpTrace Verbose: 0 : 22060, 12, 2024/01/16, 19:29:47.793, 4616937772397, vstest.console.dll, TcpClientExtensions.MessageLoopAsync: Polling on remoteEndPoint: 127.0.0.1:59974 localEndPoint: 127.0.0.1:59973
TpTrace Verbose: 0 : 22060, 12, 2024/01/16, 19:29:48.801, 4616947847009, vstest.console.dll, TcpClientExtensions.MessageLoopAsync: Polling on remoteEndPoint: 127.0.0.1:59974 localEndPoint: 127.0.0.1:59973
TpTrace Verbose: 0 : 22060, 12, 2024/01/16, 19:29:49.801, 4616957848874, vstest.console.dll, TcpClientExtensions.MessageLoopAsync: Polling on remoteEndPoint: 127.0.0.1:59974 localEndPoint: 127.0.0.1:59973
TpTrace Verbose: 0 : 22060, 12, 2024/01/16, 19:29:50.814, 4616967975906, vstest.console.dll, TcpClientExtensions.MessageLoopAsync: Polling on remoteEndPoint: 127.0.0.1:59974 localEndPoint: 127.0.0.1:59973
TpTrace Verbose: 0 : 22060, 12, 2024/01/16, 19:29:51.820, 4616978035031, vstest.console.dll, TcpClientExtensions.MessageLoopAsync: Polling on remoteEndPoint: 127.0.0.1:59974 localEndPoint: 127.0.0.1:59973
TpTrace Verbose: 0 : 22060, 12, 2024/01/16, 19:29:52.834, 4616988178470, vstest.console.dll, TcpClientExtensions.MessageLoopAsync: Polling on remoteEndPoint: 127.0.0.1:59974 localEndPoint: 127.0.0.1:59973
TpTrace Verbose: 0 : 22060, 12, 2024/01/16, 19:29:53.846, 4616998300680, vstest.console.dll, TcpClientExtensions.MessageLoopAsync: Polling on remoteEndPoint: 127.0.0.1:59974 localEndPoint: 127.0.0.1:59973
TpTrace Verbose: 0 : 22060, 12, 2024/01/16, 19:29:54.858, 4617008415638, vstest.console.dll, TcpClientExtensions.MessageLoopAsync: Polling on remoteEndPoint: 127.0.0.1:59974 localEndPoint: 127.0.0.1:59973
TpTrace Verbose: 0 : 22060, 12, 2024/01/16, 19:29:55.869, 4617018527603, vstest.console.dll, TcpClientExtensions.MessageLoopAsync: Polling on remoteEndPoint: 127.0.0.1:59974 localEndPoint: 127.0.0.1:59973
TpTrace Verbose: 0 : 22060, 12, 2024/01/16, 19:29:56.882, 4617028659039, vstest.console.dll, TcpClientExtensions.MessageLoopAsync: Polling on remoteEndPoint: 127.0.0.1:59974 localEndPoint: 127.0.0.1:59973
TpTrace Verbose: 0 : 22060, 12, 2024/01/16, 19:29:57.896, 4617038795823, vstest.console.dll, TcpClientExtensions.MessageLoopAsync: Polling on remoteEndPoint: 127.0.0.1:59974 localEndPoint: 127.0.0.1:59973
TpTrace Verbose: 0 : 22060, 12, 2024/01/16, 19:29:58.901, 4617048848090, vstest.console.dll, TcpClientExtensions.MessageLoopAsync: Polling on remoteEndPoint: 127.0.0.1:59974 localEndPoint: 127.0.0.1:59973
TpTrace Verbose: 0 : 22060, 12, 2024/01/16, 19:29:59.913, 4617058969017, vstest.console.dll, TcpClientExtensions.MessageLoopAsync: Polling on remoteEndPoint: 127.0.0.1:59974 localEndPoint: 127.0.0.1:59973
TpTrace Verbose: 0 : 22060, 12, 2024/01/16, 19:30:00.915, 4617068986302, vstest.console.dll, TcpClientExtensions.MessageLoopAsync: Polling on remoteEndPoint: 127.0.0.1:59974 localEndPoint: 127.0.0.1:59973
TpTrace Verbose: 0 : 22060, 12, 2024/01/16, 19:30:01.930, 4617079137494, vstest.console.dll, TcpClientExtensions.MessageLoopAsync: Polling on remoteEndPoint: 127.0.0.1:59974 localEndPoint: 127.0.0.1:59973
TpTrace Verbose: 0 : 22060, 12, 2024/01/16, 19:30:02.944, 4617089275280, vstest.console.dll, TcpClientExtensions.MessageLoopAsync: Polling on remoteEndPoint: 127.0.0.1:59974 localEndPoint: 127.0.0.1:59973
TpTrace Verbose: 0 : 22060, 12, 2024/01/16, 19:30:03.956, 4617099399153, vstest.console.dll, TcpClientExtensions.MessageLoopAsync: Polling on remoteEndPoint: 127.0.0.1:59974 localEndPoint: 127.0.0.1:59973
TpTrace Verbose: 0 : 22060, 12, 2024/01/16, 19:30:04.958, 4617109424310, vstest.console.dll, TcpClientExtensions.MessageLoopAsync: Polling on remoteEndPoint: 127.0.0.1:59974 localEndPoint: 127.0.0.1:59973
TpTrace Verbose: 0 : 22060, 12, 2024/01/16, 19:30:05.959, 4617119426344, vstest.console.dll, TcpClientExtensions.MessageLoopAsync: Polling on remoteEndPoint: 127.0.0.1:59974 localEndPoint: 127.0.0.1:59973
TpTrace Verbose: 0 : 22060, 12, 2024/01/16, 19:30:06.973, 4617129564474, vstest.console.dll, TcpClientExtensions.MessageLoopAsync: Polling on remoteEndPoint: 127.0.0.1:59974 localEndPoint: 127.0.0.1:59973
TpTrace Verbose: 0 : 22060, 12, 2024/01/16, 19:30:07.983, 4617139670934, vstest.console.dll, TcpClientExtensions.MessageLoopAsync: Polling on remoteEndPoint: 127.0.0.1:59974 localEndPoint: 127.0.0.1:59973
TpTrace Verbose: 0 : 22060, 12, 2024/01/16, 19:30:08.997, 4617149814052, vstest.console.dll, TcpClientExtensions.MessageLoopAsync: Polling on remoteEndPoint: 127.0.0.1:59974 localEndPoint: 127.0.0.1:59973
TpTrace Verbose: 0 : 22060, 12, 2024/01/16, 19:30:10.008, 4617159921487, vstest.console.dll, TcpClientExtensions.MessageLoopAsync: Polling on remoteEndPoint: 127.0.0.1:59974 localEndPoint: 127.0.0.1:59973
TpTrace Verbose: 0 : 22060, 12, 2024/01/16, 19:30:11.020, 4617170043083, vstest.console.dll, TcpClientExtensions.MessageLoopAsync: Polling on remoteEndPoint: 127.0.0.1:59974 localEndPoint: 127.0.0.1:59973
TpTrace Verbose: 0 : 22060, 12, 2024/01/16, 19:30:12.033, 4617180166417, vstest.console.dll, TcpClientExtensions.MessageLoopAsync: Polling on remoteEndPoint: 127.0.0.1:59974 localEndPoint: 127.0.0.1:59973
TpTrace Verbose: 0 : 22060, 12, 2024/01/16, 19:30:13.045, 4617190288314, vstest.console.dll, TcpClientExtensions.MessageLoopAsync: Polling on remoteEndPoint: 127.0.0.1:59974 localEndPoint: 127.0.0.1:59973
TpTrace Verbose: 0 : 22060, 12, 2024/01/16, 19:30:14.056, 4617200398982, vstest.console.dll, TcpClientExtensions.MessageLoopAsync: Polling on remoteEndPoint: 127.0.0.1:59974 localEndPoint: 127.0.0.1:59973
TpTrace Verbose: 0 : 22060, 12, 2024/01/16, 19:30:15.069, 4617210524489, vstest.console.dll, TcpClientExtensions.MessageLoopAsync: Polling on remoteEndPoint: 127.0.0.1:59974 localEndPoint: 127.0.0.1:59973
TpTrace Verbose: 0 : 22060, 12, 2024/01/16, 19:30:16.069, 4617220527683, vstest.console.dll, TcpClientExtensions.MessageLoopAsync: Polling on remoteEndPoint: 127.0.0.1:59974 localEndPoint: 127.0.0.1:59973
TpTrace Verbose: 0 : 22060, 12, 2024/01/16, 19:30:17.080, 4617230639691, vstest.console.dll, TcpClientExtensions.MessageLoopAsync: Polling on remoteEndPoint: 127.0.0.1:59974 localEndPoint: 127.0.0.1:59973
TpTrace Verbose: 0 : 22060, 12, 2024/01/16, 19:30:18.094, 4617240776333, vstest.console.dll, TcpClientExtensions.MessageLoopAsync: Polling on remoteEndPoint: 127.0.0.1:59974 localEndPoint: 127.0.0.1:59973
TpTrace Verbose: 0 : 22060, 12, 2024/01/16, 19:30:19.095, 4617250789795, vstest.console.dll, TcpClientExtensions.MessageLoopAsync: Polling on remoteEndPoint: 127.0.0.1:59974 localEndPoint: 127.0.0.1:59973
TpTrace Verbose: 0 : 22060, 12, 2024/01/16, 19:30:20.104, 4617260882934, vstest.console.dll, TcpClientExtensions.MessageLoopAsync: Polling on remoteEndPoint: 127.0.0.1:59974 localEndPoint: 127.0.0.1:59973
TpTrace Verbose: 0 : 22060, 12, 2024/01/16, 19:30:21.112, 4617270960822, vstest.console.dll, TcpClientExtensions.MessageLoopAsync: Polling on remoteEndPoint: 127.0.0.1:59974 localEndPoint: 127.0.0.1:59973
TpTrace Verbose: 0 : 22060, 12, 2024/01/16, 19:30:22.113, 4617280968285, vstest.console.dll, TcpClientExtensions.MessageLoopAsync: Polling on remoteEndPoint: 127.0.0.1:59974 localEndPoint: 127.0.0.1:59973
TpTrace Verbose: 0 : 22060, 12, 2024/01/16, 19:30:23.123, 4617291072054, vstest.console.dll, TcpClientExtensions.MessageLoopAsync: Polling on remoteEndPoint: 127.0.0.1:59974 localEndPoint: 127.0.0.1:59973
TpTrace Verbose: 0 : 22060, 12, 2024/01/16, 19:30:24.129, 4617301132737, vstest.console.dll, TcpClientExtensions.MessageLoopAsync: Polling on remoteEndPoint: 127.0.0.1:59974 localEndPoint: 127.0.0.1:59973
TpTrace Verbose: 0 : 22060, 12, 2024/01/16, 19:30:25.142, 4617311260532, vstest.console.dll, TcpClientExtensions.MessageLoopAsync: Polling on remoteEndPoint: 127.0.0.1:59974 localEndPoint: 127.0.0.1:59973
TpTrace Verbose: 0 : 22060, 12, 2024/01/16, 19:30:26.151, 4617321349837, vstest.console.dll, TcpClientExtensions.MessageLoopAsync: Polling on remoteEndPoint: 127.0.0.1:59974 localEndPoint: 127.0.0.1:59973
TpTrace Verbose: 0 : 22060, 12, 2024/01/16, 19:30:27.162, 4617331462506, vstest.console.dll, TcpClientExtensions.MessageLoopAsync: Polling on remoteEndPoint: 127.0.0.1:59974 localEndPoint: 127.0.0.1:59973
TpTrace Verbose: 0 : 22060, 12, 2024/01/16, 19:30:28.169, 4617341526002, vstest.console.dll, TcpClientExtensions.MessageLoopAsync: Polling on remoteEndPoint: 127.0.0.1:59974 localEndPoint: 127.0.0.1:59973
TpTrace Verbose: 0 : 22060, 12, 2024/01/16, 19:30:29.181, 4617351646354, vstest.console.dll, TcpClientExtensions.MessageLoopAsync: Polling on remoteEndPoint: 127.0.0.1:59974 localEndPoint: 127.0.0.1:59973
TpTrace Verbose: 0 : 22060, 12, 2024/01/16, 19:30:30.192, 4617361762118, vstest.console.dll, TcpClientExtensions.MessageLoopAsync: Polling on remoteEndPoint: 127.0.0.1:59974 localEndPoint: 127.0.0.1:59973
TpTrace Verbose: 0 : 22060, 12, 2024/01/16, 19:30:31.202, 4617371858562, vstest.console.dll, TcpClientExtensions.MessageLoopAsync: Polling on remoteEndPoint: 127.0.0.1:59974 localEndPoint: 127.0.0.1:59973
TpTrace Verbose: 0 : 22060, 12, 2024/01/16, 19:30:32.212, 4617381956859, vstest.console.dll, TcpClientExtensions.MessageLoopAsync: Polling on remoteEndPoint: 127.0.0.1:59974 localEndPoint: 127.0.0.1:59973
TpTrace Verbose: 0 : 22060, 12, 2024/01/16, 19:30:33.222, 4617392064234, vstest.console.dll, TcpClientExtensions.MessageLoopAsync: Polling on remoteEndPoint: 127.0.0.1:59974 localEndPoint: 127.0.0.1:59973
TpTrace Verbose: 0 : 22060, 12, 2024/01/16, 19:30:34.237, 4617402212030, vstest.console.dll, TcpClientExtensions.MessageLoopAsync: Polling on remoteEndPoint: 127.0.0.1:59974 localEndPoint: 127.0.0.1:59973
TpTrace Verbose: 0 : 22060, 12, 2024/01/16, 19:30:35.247, 4617412313582, vstest.console.dll, TcpClientExtensions.MessageLoopAsync: Polling on remoteEndPoint: 127.0.0.1:59974 localEndPoint: 127.0.0.1:59973
TpTrace Verbose: 0 : 22060, 12, 2024/01/16, 19:30:36.257, 4617422406955, vstest.console.dll, TcpClientExtensions.MessageLoopAsync: Polling on remoteEndPoint: 127.0.0.1:59974 localEndPoint: 127.0.0.1:59973
TpTrace Verbose: 0 : 22060, 12, 2024/01/16, 19:30:36.577, 4617425613212, vstest.console.dll, TcpClientExtensions.MessageLoopAsync: NotifyDataAvailable remoteEndPoint: 127.0.0.1:59974 localEndPoint: 127.0.0.1:59973
TpTrace Verbose: 0 : 22060, 12, 2024/01/16, 19:30:36.578, 4617425616649, vstest.console.dll, TestRequestSender.OnExecutionMessageReceived: Received message: {"Version":7,"MessageType":"TestExecution.StatsChange","Payload":{"NewTestResults":[{"TestCase":{"Id":"7e9598fd-f08e-94c6-9b13-dc1f9aba0f95","FullyQualifiedName":"SeleniumKesten.tests.HomeTests.TestNevalidanRangeCijena(\"50\",\"100\")","DisplayName":"TestNevalidanRangeCijena(\"50\",\"100\")","ExecutorUri":"executor://NUnit3TestExecutor","Source":"C:\\Users\\Aida\\source\\repos\\SeleniumKesten\\SeleniumKesten\\bin\\Debug\\net6.0\\fine-code-coverage\\build-output\\SeleniumKesten.dll","CodeFilePath":null,"LineNumber":0,"Properties":[{"Key":{"Id":"NUnit.Seed","Label":"Seed","Category":"","Description":"","Attributes":0,"ValueType":"System.String"},"Value":"983087938"}]},"Attachments":[],"Outcome":1,"ErrorMessage":null,"ErrorStackTrace":null,"DisplayName":"TestNevalidanRangeCijena(\"50\",\"100\")","Messages":[],"ComputerName":"DESKTOP-JHDA266","Duration":"00:01:30.2173760","StartTime":"2024-01-16T18:29:06.3554807+00:00","EndTime":"2024-01-16T18:30:36.5728551+00:00","Properties":[{"Key":{"Id":"NUnit.Seed","Label":"Seed","Category":"","Description":"","Attributes":0,"ValueType":"System.String"},"Value":"983087938"}]}],"TestRunStatistics":{"ExecutedTests":5,"Stats":{"Failed":3,"Passed":2}},"ActiveTests":[{"Id":"99e46d6f-3bab-b04d-06c0-4fde82ab09bf","FullyQualifiedName":"SeleniumKesten.tests.HomeTests.TestNevalidanRangeCijena(\"-50\",\"-50\")","DisplayName":"TestNevalidanRangeCijena(\"-50\",\"-50\")","ExecutorUri":"executor://NUnit3TestExecutor","Source":"C:\\Users\\Aida\\source\\repos\\SeleniumKesten\\SeleniumKesten\\bin\\Debug\\net6.0\\fine-code-coverage\\build-output\\SeleniumKesten.dll","CodeFilePath":null,"LineNumber":0,"Properties":[{"Key":{"Id":"NUnit.Seed","Label":"Seed","Category":"","Description":"","Attributes":0,"ValueType":"System.String"},"Value":"2136279584"}]}]}}
TpTrace Verbose: 0 : 22060, 12, 2024/01/16, 19:30:36.579, 4617425629856, vstest.console.dll, TestRunRequest:SendTestRunStatsChange: Starting.
TpTrace Verbose: 0 : 22060, 12, 2024/01/16, 19:30:36.579, 4617425630767, vstest.console.dll, InProgress is TestNevalidanRangeCijena("-50","-50")
TpTrace Verbose: 0 : 22060, 12, 2024/01/16, 19:30:36.579, 4617425631692, vstest.console.dll, MulticastDelegateUtilities.SafeInvoke: TestRun.RunStatsChanged: Invoking callbacks was skipped because there are no subscribers.
TpTrace Information: 0 : 22060, 12, 2024/01/16, 19:30:36.579, 4617425632058, vstest.console.dll, TestRunRequest:SendTestRunStatsChange: Completed.
TpTrace Verbose: 0 : 22060, 12, 2024/01/16, 19:30:36.579, 4617425632562, vstest.console.dll, MulticastDelegateUtilities.SafeInvoke: LengthPrefixCommunicationChannel: MessageReceived: Invoking callback 1/1 for Microsoft.VisualStudio.TestPlatform.CommunicationUtilities.TestRequestSender+<>c__DisplayClass34_0., took 1 ms.
TpTrace Verbose: 0 : 22060, 12, 2024/01/16, 19:30:36.579, 4617425633042, vstest.console.dll, TcpClientExtensions.MessageLoopAsync: Polling on remoteEndPoint: 127.0.0.1:59974 localEndPoint: 127.0.0.1:59973
TpTrace Verbose: 0 : 22060, 4, 2024/01/16, 19:30:36.579, 4617425633557, vstest.console.dll, MulticastDelegateUtilities.SafeInvoke: InternalTestLoggerEvents.SendTestResult: Invoking callback 1/1 for Microsoft.VisualStudio.TestPlatform.CommandLine.Internal.ConsoleLogger., took 0 ms.
TpTrace Verbose: 0 : 22060, 12, 2024/01/16, 19:30:37.591, 4617435749641, vstest.console.dll, TcpClientExtensions.MessageLoopAsync: Polling on remoteEndPoint: 127.0.0.1:59974 localEndPoint: 127.0.0.1:59973
TpTrace Verbose: 0 : 22060, 12, 2024/01/16, 19:30:38.605, 4617445891198, vstest.console.dll, TcpClientExtensions.MessageLoopAsync: Polling on remoteEndPoint: 127.0.0.1:59974 localEndPoint: 127.0.0.1:59973
TpTrace Verbose: 0 : 22060, 12, 2024/01/16, 19:30:39.620, 4617456042964, vstest.console.dll, TcpClientExtensions.MessageLoopAsync: Polling on remoteEndPoint: 127.0.0.1:59974 localEndPoint: 127.0.0.1:59973
TpTrace Verbose: 0 : 22060, 12, 2024/01/16, 19:30:40.634, 4617466183859, vstest.console.dll, TcpClientExtensions.MessageLoopAsync: Polling on remoteEndPoint: 127.0.0.1:59974 localEndPoint: 127.0.0.1:59973
TpTrace Verbose: 0 : 22060, 12, 2024/01/16, 19:30:41.644, 4617476277951, vstest.console.dll, TcpClientExtensions.MessageLoopAsync: Polling on remoteEndPoint: 127.0.0.1:59974 localEndPoint: 127.0.0.1:59973
TpTrace Verbose: 0 : 22060, 12, 2024/01/16, 19:30:42.659, 4617486425667, vstest.console.dll, TcpClientExtensions.MessageLoopAsync: Polling on remoteEndPoint: 127.0.0.1:59974 localEndPoint: 127.0.0.1:59973
TpTrace Verbose: 0 : 22060, 12, 2024/01/16, 19:30:43.659, 4617496428360, vstest.console.dll, TcpClientExtensions.MessageLoopAsync: Polling on remoteEndPoint: 127.0.0.1:59974 localEndPoint: 127.0.0.1:59973
TpTrace Verbose: 0 : 22060, 12, 2024/01/16, 19:30:44.671, 4617506553758, vstest.console.dll, TcpClientExtensions.MessageLoopAsync: Polling on remoteEndPoint: 127.0.0.1:59974 localEndPoint: 127.0.0.1:59973
TpTrace Verbose: 0 : 22060, 12, 2024/01/16, 19:30:45.299, 4617512830288, vstest.console.dll, TcpClientExtensions.MessageLoopAsync: NotifyDataAvailable remoteEndPoint: 127.0.0.1:59974 localEndPoint: 127.0.0.1:59973
TpTrace Verbose: 0 : 22060, 12, 2024/01/16, 19:30:45.299, 4617512833915, vstest.console.dll, TestRequestSender.OnExecutionMessageReceived: Received message: {"Version":7,"MessageType":"TestExecution.StatsChange","Payload":{"NewTestResults":[{"TestCase":{"Id":"99e46d6f-3bab-b04d-06c0-4fde82ab09bf","FullyQualifiedName":"SeleniumKesten.tests.HomeTests.TestNevalidanRangeCijena(\"-50\",\"-50\")","DisplayName":"TestNevalidanRangeCijena(\"-50\",\"-50\")","ExecutorUri":"executor://NUnit3TestExecutor","Source":"C:\\Users\\Aida\\source\\repos\\SeleniumKesten\\SeleniumKesten\\bin\\Debug\\net6.0\\fine-code-coverage\\build-output\\SeleniumKesten.dll","CodeFilePath":null,"LineNumber":0,"Properties":[{"Key":{"Id":"NUnit.Seed","Label":"Seed","Category":"","Description":"","Attributes":0,"ValueType":"System.String"},"Value":"2136279584"}]},"Attachments":[],"Outcome":2,"ErrorMessage":"OpenQA.Selenium.NoSuchWindowException : no such window: target window already closed\r\nfrom unknown error: web view not found\r\n  (Session info: chrome=120.0.6099.217)","ErrorStackTrace":"   at OpenQA.Selenium.WebDriver.UnpackAndThrowOnError(Response errorResponse, String commandToExecute)\r\n   at OpenQA.Selenium.WebDriver.Execute(String driverCommandToExecute, Dictionary`2 parameters)\r\n   at OpenQA.Selenium.WebDriver.FindElement(String mechanism, String value)\r\n   at SeleniumKesten.pages.HomePage.ClickSearchLink() in C:\\Users\\Aida\\source\\repos\\SeleniumKesten\\SeleniumKesten\\pages\\HomePage.cs:line 43\r\n   at SeleniumKesten.tests.HomeTests.TestNevalidanRangeCijena(String maxPrice, String minPrice) in C:\\Users\\Aida\\source\\repos\\SeleniumKesten\\SeleniumKesten\\tests\\HomeTests.cs:line 52\n","DisplayName":"TestNevalidanRangeCijena(\"-50\",\"-50\")","Messages":[],"ComputerName":"DESKTOP-JHDA266","Duration":"00:00:08.7221620","StartTime":"2024-01-16T18:30:36.5729867+00:00","EndTime":"2024-01-16T18:30:45.2951477+00:00","Properties":[{"Key":{"Id":"NUnit.Seed","Label":"Seed","Category":"","Description":"","Attributes":0,"ValueType":"System.String"},"Value":"2136279584"}]}],"TestRunStatistics":{"ExecutedTests":6,"Stats":{"Failed":4,"Passed":2}},"ActiveTests":[{"Id":"36b7176e-f9a3-7124-5c9a-569d75b93124","FullyQualifiedName":"SeleniumKesten.tests.HomeTests.TestNevalidanRangeCijena(\"100\",\"-100\")","DisplayName":"TestNevalidanRangeCijena(\"100\",\"-100\")","ExecutorUri":"executor://NUnit3TestExecutor","Source":"C:\\Users\\Aida\\source\\repos\\SeleniumKesten\\SeleniumKesten\\bin\\Debug\\net6.0\\fine-code-coverage\\build-output\\SeleniumKesten.dll","CodeFilePath":null,"LineNumber":0,"Properties":[{"Key":{"Id":"NUnit.Seed","Label":"Seed","Category":"","Description":"","Attributes":0,"ValueType":"System.String"},"Value":"812773635"}]}]}}
TpTrace Verbose: 0 : 22060, 12, 2024/01/16, 19:30:45.300, 4617512841909, vstest.console.dll, TestRunRequest:SendTestRunStatsChange: Starting.
TpTrace Verbose: 0 : 22060, 12, 2024/01/16, 19:30:45.300, 4617512842635, vstest.console.dll, InProgress is TestNevalidanRangeCijena("100","-100")
TpTrace Verbose: 0 : 22060, 12, 2024/01/16, 19:30:45.300, 4617512843314, vstest.console.dll, MulticastDelegateUtilities.SafeInvoke: TestRun.RunStatsChanged: Invoking callbacks was skipped because there are no subscribers.
TpTrace Information: 0 : 22060, 12, 2024/01/16, 19:30:45.300, 4617512843700, vstest.console.dll, TestRunRequest:SendTestRunStatsChange: Completed.
TpTrace Verbose: 0 : 22060, 12, 2024/01/16, 19:30:45.300, 4617512844065, vstest.console.dll, MulticastDelegateUtilities.SafeInvoke: LengthPrefixCommunicationChannel: MessageReceived: Invoking callback 1/1 for Microsoft.VisualStudio.TestPlatform.CommunicationUtilities.TestRequestSender+<>c__DisplayClass34_0., took 1 ms.
TpTrace Verbose: 0 : 22060, 12, 2024/01/16, 19:30:45.301, 4617512844423, vstest.console.dll, TcpClientExtensions.MessageLoopAsync: Polling on remoteEndPoint: 127.0.0.1:59974 localEndPoint: 127.0.0.1:59973
TpTrace Verbose: 0 : 22060, 4, 2024/01/16, 19:30:45.301, 4617512847257, vstest.console.dll, MulticastDelegateUtilities.SafeInvoke: InternalTestLoggerEvents.SendTestResult: Invoking callback 1/1 for Microsoft.VisualStudio.TestPlatform.CommandLine.Internal.ConsoleLogger., took 0 ms.
TpTrace Verbose: 0 : 22060, 12, 2024/01/16, 19:30:46.303, 4617522872292, vstest.console.dll, TcpClientExtensions.MessageLoopAsync: Polling on remoteEndPoint: 127.0.0.1:59974 localEndPoint: 127.0.0.1:59973
TpTrace Verbose: 0 : 22060, 12, 2024/01/16, 19:30:47.319, 4617533027564, vstest.console.dll, TcpClientExtensions.MessageLoopAsync: Polling on remoteEndPoint: 127.0.0.1:59974 localEndPoint: 127.0.0.1:59973
TpTrace Verbose: 0 : 22060, 12, 2024/01/16, 19:30:48.328, 4617543117556, vstest.console.dll, TcpClientExtensions.MessageLoopAsync: Polling on remoteEndPoint: 127.0.0.1:59974 localEndPoint: 127.0.0.1:59973
TpTrace Verbose: 0 : 22060, 12, 2024/01/16, 19:30:48.729, 4617547129793, vstest.console.dll, TcpClientExtensions.MessageLoopAsync: NotifyDataAvailable remoteEndPoint: 127.0.0.1:59974 localEndPoint: 127.0.0.1:59973
TpTrace Verbose: 0 : 22060, 12, 2024/01/16, 19:30:48.729, 4617547132841, vstest.console.dll, TestRequestSender.OnExecutionMessageReceived: Received message: {"Version":7,"MessageType":"TestExecution.StatsChange","Payload":{"NewTestResults":[{"TestCase":{"Id":"36b7176e-f9a3-7124-5c9a-569d75b93124","FullyQualifiedName":"SeleniumKesten.tests.HomeTests.TestNevalidanRangeCijena(\"100\",\"-100\")","DisplayName":"TestNevalidanRangeCijena(\"100\",\"-100\")","ExecutorUri":"executor://NUnit3TestExecutor","Source":"C:\\Users\\Aida\\source\\repos\\SeleniumKesten\\SeleniumKesten\\bin\\Debug\\net6.0\\fine-code-coverage\\build-output\\SeleniumKesten.dll","CodeFilePath":null,"LineNumber":0,"Properties":[{"Key":{"Id":"NUnit.Seed","Label":"Seed","Category":"","Description":"","Attributes":0,"ValueType":"System.String"},"Value":"812773635"}]},"Attachments":[],"Outcome":2,"ErrorMessage":"OpenQA.Selenium.NoSuchWindowException : no such window: target window already closed\r\nfrom unknown error: web view not found\r\n  (Session info: chrome=120.0.6099.217)","ErrorStackTrace":"   at OpenQA.Selenium.WebDriver.UnpackAndThrowOnError(Response errorResponse, String commandToExecute)\r\n   at OpenQA.Selenium.WebDriver.Execute(String driverCommandToExecute, Dictionary`2 parameters)\r\n   at OpenQA.Selenium.WebDriver.ExecuteScriptCommand(String script, String commandName, Object[] args)\r\n   at OpenQA.Selenium.WebDriver.ExecuteScript(String script, Object[] args)\r\n   at SeleniumKesten.pages.HomePage.ClickSearchLink() in C:\\Users\\Aida\\source\\repos\\SeleniumKesten\\SeleniumKesten\\pages\\HomePage.cs:line 45\r\n   at SeleniumKesten.tests.HomeTests.TestNevalidanRangeCijena(String maxPrice, String minPrice) in C:\\Users\\Aida\\source\\repos\\SeleniumKesten\\SeleniumKesten\\tests\\HomeTests.cs:line 52\n","DisplayName":"TestNevalidanRangeCijena(\"100\",\"-100\")","Messages":[],"ComputerName":"DESKTOP-JHDA266","Duration":"00:00:03.4307790","StartTime":"2024-01-16T18:30:45.2952733+00:00","EndTime":"2024-01-16T18:30:48.7260529+00:00","Properties":[{"Key":{"Id":"NUnit.Seed","Label":"Seed","Category":"","Description":"","Attributes":0,"ValueType":"System.String"},"Value":"812773635"}]}],"TestRunStatistics":{"ExecutedTests":7,"Stats":{"Failed":5,"Passed":2}},"ActiveTests":[{"Id":"36c1e3cd-10f8-4fef-f5c3-9dcba8951e80","FullyQualifiedName":"SeleniumKesten.tests.HomeTests.TestNevalidanRangeCijena(\"-100\",\"100\")","DisplayName":"TestNevalidanRangeCijena(\"-100\",\"100\")","ExecutorUri":"executor://NUnit3TestExecutor","Source":"C:\\Users\\Aida\\source\\repos\\SeleniumKesten\\SeleniumKesten\\bin\\Debug\\net6.0\\fine-code-coverage\\build-output\\SeleniumKesten.dll","CodeFilePath":null,"LineNumber":0,"Properties":[{"Key":{"Id":"NUnit.Seed","Label":"Seed","Category":"","Description":"","Attributes":0,"ValueType":"System.String"},"Value":"1694016843"}]}]}}
TpTrace Verbose: 0 : 22060, 12, 2024/01/16, 19:30:48.730, 4617547141420, vstest.console.dll, TestRunRequest:SendTestRunStatsChange: Starting.
TpTrace Verbose: 0 : 22060, 12, 2024/01/16, 19:30:48.730, 4617547142759, vstest.console.dll, InProgress is TestNevalidanRangeCijena("-100","100")
TpTrace Verbose: 0 : 22060, 12, 2024/01/16, 19:30:48.730, 4617547143502, vstest.console.dll, MulticastDelegateUtilities.SafeInvoke: TestRun.RunStatsChanged: Invoking callbacks was skipped because there are no subscribers.
TpTrace Information: 0 : 22060, 12, 2024/01/16, 19:30:48.730, 4617547143951, vstest.console.dll, TestRunRequest:SendTestRunStatsChange: Completed.
TpTrace Verbose: 0 : 22060, 12, 2024/01/16, 19:30:48.731, 4617547144330, vstest.console.dll, MulticastDelegateUtilities.SafeInvoke: LengthPrefixCommunicationChannel: MessageReceived: Invoking callback 1/1 for Microsoft.VisualStudio.TestPlatform.CommunicationUtilities.TestRequestSender+<>c__DisplayClass34_0., took 1 ms.
TpTrace Verbose: 0 : 22060, 12, 2024/01/16, 19:30:48.731, 4617547144702, vstest.console.dll, TcpClientExtensions.MessageLoopAsync: Polling on remoteEndPoint: 127.0.0.1:59974 localEndPoint: 127.0.0.1:59973
TpTrace Verbose: 0 : 22060, 4, 2024/01/16, 19:30:48.731, 4617547147171, vstest.console.dll, MulticastDelegateUtilities.SafeInvoke: InternalTestLoggerEvents.SendTestResult: Invoking callback 1/1 for Microsoft.VisualStudio.TestPlatform.CommandLine.Internal.ConsoleLogger., took 0 ms.
TpTrace Verbose: 0 : 22060, 12, 2024/01/16, 19:30:49.733, 4617557170642, vstest.console.dll, TcpClientExtensions.MessageLoopAsync: Polling on remoteEndPoint: 127.0.0.1:59974 localEndPoint: 127.0.0.1:59973
TpTrace Verbose: 0 : 22060, 12, 2024/01/16, 19:30:50.748, 4617567319560, vstest.console.dll, TcpClientExtensions.MessageLoopAsync: Polling on remoteEndPoint: 127.0.0.1:59974 localEndPoint: 127.0.0.1:59973
TpTrace Verbose: 0 : 22060, 12, 2024/01/16, 19:30:51.555, 4617575393655, vstest.console.dll, TcpClientExtensions.MessageLoopAsync: NotifyDataAvailable remoteEndPoint: 127.0.0.1:59974 localEndPoint: 127.0.0.1:59973
TpTrace Verbose: 0 : 22060, 12, 2024/01/16, 19:30:51.556, 4617575396701, vstest.console.dll, TestRequestSender.OnExecutionMessageReceived: Received message: {"Version":7,"MessageType":"TestExecution.StatsChange","Payload":{"NewTestResults":[{"TestCase":{"Id":"36c1e3cd-10f8-4fef-f5c3-9dcba8951e80","FullyQualifiedName":"SeleniumKesten.tests.HomeTests.TestNevalidanRangeCijena(\"-100\",\"100\")","DisplayName":"TestNevalidanRangeCijena(\"-100\",\"100\")","ExecutorUri":"executor://NUnit3TestExecutor","Source":"C:\\Users\\Aida\\source\\repos\\SeleniumKesten\\SeleniumKesten\\bin\\Debug\\net6.0\\fine-code-coverage\\build-output\\SeleniumKesten.dll","CodeFilePath":null,"LineNumber":0,"Properties":[{"Key":{"Id":"NUnit.Seed","Label":"Seed","Category":"","Description":"","Attributes":0,"ValueType":"System.String"},"Value":"1694016843"}]},"Attachments":[],"Outcome":2,"ErrorMessage":"OpenQA.Selenium.NoSuchWindowException : no such window: target window already closed\r\nfrom unknown error: web view not found\r\n  (Session info: chrome=120.0.6099.217)","ErrorStackTrace":"   at OpenQA.Selenium.WebDriver.UnpackAndThrowOnError(Response errorResponse, String commandToExecute)\r\n   at OpenQA.Selenium.WebDriver.Execute(String driverCommandToExecute, Dictionary`2 parameters)\r\n   at OpenQA.Selenium.WebDriver.ExecuteScriptCommand(String script, String commandName, Object[] args)\r\n   at OpenQA.Selenium.WebDriver.ExecuteScript(String script, Object[] args)\r\n   at SeleniumKesten.pages.HomePage.ClickSearchLink() in C:\\Users\\Aida\\source\\repos\\SeleniumKesten\\SeleniumKesten\\pages\\HomePage.cs:line 45\r\n   at SeleniumKesten.tests.HomeTests.TestNevalidanRangeCijena(String maxPrice, String minPrice) in C:\\Users\\Aida\\source\\repos\\SeleniumKesten\\SeleniumKesten\\tests\\HomeTests.cs:line 52\n","DisplayName":"TestNevalidanRangeCijena(\"-100\",\"100\")","Messages":[],"ComputerName":"DESKTOP-JHDA266","Duration":"00:00:02.8250150","StartTime":"2024-01-16T18:30:48.7261247+00:00","EndTime":"2024-01-16T18:30:51.5511391+00:00","Properties":[{"Key":{"Id":"NUnit.Seed","Label":"Seed","Category":"","Description":"","Attributes":0,"ValueType":"System.String"},"Value":"1694016843"}]}],"TestRunStatistics":{"ExecutedTests":8,"Stats":{"Failed":6,"Passed":2}},"ActiveTests":[{"Id":"49acfd45-ce98-e151-7f4d-561bcd2fa18b","FullyQualifiedName":"SeleniumKesten.tests.HomeTests.TestValidanRangeCijena(\"200\",\"200\")","DisplayName":"TestValidanRangeCijena(\"200\",\"200\")","ExecutorUri":"executor://NUnit3TestExecutor","Source":"C:\\Users\\Aida\\source\\repos\\SeleniumKesten\\SeleniumKesten\\bin\\Debug\\net6.0\\fine-code-coverage\\build-output\\SeleniumKesten.dll","CodeFilePath":null,"LineNumber":0,"Properties":[{"Key":{"Id":"NUnit.Seed","Label":"Seed","Category":"","Description":"","Attributes":0,"ValueType":"System.String"},"Value":"986593798"}]}]}}
TpTrace Verbose: 0 : 22060, 12, 2024/01/16, 19:30:51.557, 4617575406333, vstest.console.dll, TestRunRequest:SendTestRunStatsChange: Starting.
TpTrace Verbose: 0 : 22060, 12, 2024/01/16, 19:30:51.557, 4617575406953, vstest.console.dll, InProgress is TestValidanRangeCijena("200","200")
TpTrace Verbose: 0 : 22060, 12, 2024/01/16, 19:30:51.557, 4617575407658, vstest.console.dll, MulticastDelegateUtilities.SafeInvoke: TestRun.RunStatsChanged: Invoking callbacks was skipped because there are no subscribers.
TpTrace Information: 0 : 22060, 12, 2024/01/16, 19:30:51.557, 4617575408090, vstest.console.dll, TestRunRequest:SendTestRunStatsChange: Completed.
TpTrace Verbose: 0 : 22060, 12, 2024/01/16, 19:30:51.557, 4617575410949, vstest.console.dll, MulticastDelegateUtilities.SafeInvoke: LengthPrefixCommunicationChannel: MessageReceived: Invoking callback 1/1 for Microsoft.VisualStudio.TestPlatform.CommunicationUtilities.TestRequestSender+<>c__DisplayClass34_0., took 1 ms.
TpTrace Verbose: 0 : 22060, 4, 2024/01/16, 19:30:51.557, 4617575411108, vstest.console.dll, MulticastDelegateUtilities.SafeInvoke: InternalTestLoggerEvents.SendTestResult: Invoking callback 1/1 for Microsoft.VisualStudio.TestPlatform.CommandLine.Internal.ConsoleLogger., took 0 ms.
TpTrace Verbose: 0 : 22060, 12, 2024/01/16, 19:30:51.557, 4617575411737, vstest.console.dll, TcpClientExtensions.MessageLoopAsync: Polling on remoteEndPoint: 127.0.0.1:59974 localEndPoint: 127.0.0.1:59973
TpTrace Verbose: 0 : 22060, 12, 2024/01/16, 19:30:52.572, 4617585563533, vstest.console.dll, TcpClientExtensions.MessageLoopAsync: Polling on remoteEndPoint: 127.0.0.1:59974 localEndPoint: 127.0.0.1:59973
TpTrace Verbose: 0 : 22060, 12, 2024/01/16, 19:30:53.581, 4617595645649, vstest.console.dll, TcpClientExtensions.MessageLoopAsync: Polling on remoteEndPoint: 127.0.0.1:59974 localEndPoint: 127.0.0.1:59973
TpTrace Verbose: 0 : 22060, 12, 2024/01/16, 19:30:54.219, 4617602025845, vstest.console.dll, TcpClientExtensions.MessageLoopAsync: NotifyDataAvailable remoteEndPoint: 127.0.0.1:59974 localEndPoint: 127.0.0.1:59973
TpTrace Verbose: 0 : 22060, 12, 2024/01/16, 19:30:54.219, 4617602027872, vstest.console.dll, TestRequestSender.OnExecutionMessageReceived: Received message: {"Version":7,"MessageType":"TestExecution.StatsChange","Payload":{"NewTestResults":[{"TestCase":{"Id":"49acfd45-ce98-e151-7f4d-561bcd2fa18b","FullyQualifiedName":"SeleniumKesten.tests.HomeTests.TestValidanRangeCijena(\"200\",\"200\")","DisplayName":"TestValidanRangeCijena(\"200\",\"200\")","ExecutorUri":"executor://NUnit3TestExecutor","Source":"C:\\Users\\Aida\\source\\repos\\SeleniumKesten\\SeleniumKesten\\bin\\Debug\\net6.0\\fine-code-coverage\\build-output\\SeleniumKesten.dll","CodeFilePath":null,"LineNumber":0,"Properties":[{"Key":{"Id":"NUnit.Seed","Label":"Seed","Category":"","Description":"","Attributes":0,"ValueType":"System.String"},"Value":"986593798"}]},"Attachments":[],"Outcome":2,"ErrorMessage":"OpenQA.Selenium.NoSuchWindowException : no such window: target window already closed\r\nfrom unknown error: web view not found\r\n  (Session info: chrome=120.0.6099.217)","ErrorStackTrace":"   at OpenQA.Selenium.WebDriver.UnpackAndThrowOnError(Response errorResponse, String commandToExecute)\r\n   at OpenQA.Selenium.WebDriver.Execute(String driverCommandToExecute, Dictionary`2 parameters)\r\n   at OpenQA.Selenium.WebDriver.FindElement(String mechanism, String value)\r\n   at SeleniumKesten.pages.HomePage.ClickSearchLink() in C:\\Users\\Aida\\source\\repos\\SeleniumKesten\\SeleniumKesten\\pages\\HomePage.cs:line 43\r\n   at SeleniumKesten.tests.HomeTests.TestValidanRangeCijena(String maxPrice, String minPrice) in C:\\Users\\Aida\\source\\repos\\SeleniumKesten\\SeleniumKesten\\tests\\HomeTests.cs:line 32\n","DisplayName":"TestValidanRangeCijena(\"200\",\"200\")","Messages":[],"ComputerName":"DESKTOP-JHDA266","Duration":"00:00:02.6621270","StartTime":"2024-01-16T18:30:51.5538724+00:00","EndTime":"2024-01-16T18:30:54.2159992+00:00","Properties":[{"Key":{"Id":"NUnit.Seed","Label":"Seed","Category":"","Description":"","Attributes":0,"ValueType":"System.String"},"Value":"986593798"}]}],"TestRunStatistics":{"ExecutedTests":9,"Stats":{"Failed":7,"Passed":2}},"ActiveTests":[{"Id":"6d6037fc-4aef-5eef-8c8b-111000f26569","FullyQualifiedName":"SeleniumKesten.tests.HomeTests.TestValidanRangeCijena(\"1000\",\"100\")","DisplayName":"TestValidanRangeCijena(\"1000\",\"100\")","ExecutorUri":"executor://NUnit3TestExecutor","Source":"C:\\Users\\Aida\\source\\repos\\SeleniumKesten\\SeleniumKesten\\bin\\Debug\\net6.0\\fine-code-coverage\\build-output\\SeleniumKesten.dll","CodeFilePath":null,"LineNumber":0,"Properties":[{"Key":{"Id":"NUnit.Seed","Label":"Seed","Category":"","Description":"","Attributes":0,"ValueType":"System.String"},"Value":"1199452663"}]}]}}
TpTrace Verbose: 0 : 22060, 12, 2024/01/16, 19:30:54.220, 4617602035257, vstest.console.dll, TestRunRequest:SendTestRunStatsChange: Starting.
TpTrace Verbose: 0 : 22060, 12, 2024/01/16, 19:30:54.220, 4617602036167, vstest.console.dll, InProgress is TestValidanRangeCijena("1000","100")
TpTrace Verbose: 0 : 22060, 12, 2024/01/16, 19:30:54.220, 4617602037137, vstest.console.dll, MulticastDelegateUtilities.SafeInvoke: TestRun.RunStatsChanged: Invoking callbacks was skipped because there are no subscribers.
TpTrace Information: 0 : 22060, 12, 2024/01/16, 19:30:54.220, 4617602037637, vstest.console.dll, TestRunRequest:SendTestRunStatsChange: Completed.
TpTrace Verbose: 0 : 22060, 12, 2024/01/16, 19:30:54.220, 4617602038017, vstest.console.dll, MulticastDelegateUtilities.SafeInvoke: LengthPrefixCommunicationChannel: MessageReceived: Invoking callback 1/1 for Microsoft.VisualStudio.TestPlatform.CommunicationUtilities.TestRequestSender+<>c__DisplayClass34_0., took 1 ms.
TpTrace Verbose: 0 : 22060, 12, 2024/01/16, 19:30:54.220, 4617602038395, vstest.console.dll, TcpClientExtensions.MessageLoopAsync: Polling on remoteEndPoint: 127.0.0.1:59974 localEndPoint: 127.0.0.1:59973
TpTrace Verbose: 0 : 22060, 4, 2024/01/16, 19:30:54.220, 4617602040211, vstest.console.dll, MulticastDelegateUtilities.SafeInvoke: InternalTestLoggerEvents.SendTestResult: Invoking callback 1/1 for Microsoft.VisualStudio.TestPlatform.CommandLine.Internal.ConsoleLogger., took 0 ms.
TpTrace Verbose: 0 : 22060, 12, 2024/01/16, 19:30:55.234, 4617612180329, vstest.console.dll, TcpClientExtensions.MessageLoopAsync: Polling on remoteEndPoint: 127.0.0.1:59974 localEndPoint: 127.0.0.1:59973
TpTrace Verbose: 0 : 22060, 12, 2024/01/16, 19:30:56.248, 4617622319024, vstest.console.dll, TcpClientExtensions.MessageLoopAsync: Polling on remoteEndPoint: 127.0.0.1:59974 localEndPoint: 127.0.0.1:59973
TpTrace Verbose: 0 : 22060, 12, 2024/01/16, 19:30:57.261, 4617632452441, vstest.console.dll, TcpClientExtensions.MessageLoopAsync: Polling on remoteEndPoint: 127.0.0.1:59974 localEndPoint: 127.0.0.1:59973
TpTrace Verbose: 0 : 22060, 12, 2024/01/16, 19:30:58.270, 4617642538039, vstest.console.dll, TcpClientExtensions.MessageLoopAsync: Polling on remoteEndPoint: 127.0.0.1:59974 localEndPoint: 127.0.0.1:59973
TpTrace Verbose: 0 : 22060, 12, 2024/01/16, 19:30:59.284, 4617652677506, vstest.console.dll, TcpClientExtensions.MessageLoopAsync: Polling on remoteEndPoint: 127.0.0.1:59974 localEndPoint: 127.0.0.1:59973
TpTrace Verbose: 0 : 22060, 12, 2024/01/16, 19:31:00.292, 4617662763237, vstest.console.dll, TcpClientExtensions.MessageLoopAsync: Polling on remoteEndPoint: 127.0.0.1:59974 localEndPoint: 127.0.0.1:59973
TpTrace Verbose: 0 : 22060, 12, 2024/01/16, 19:31:01.296, 4617672803838, vstest.console.dll, TcpClientExtensions.MessageLoopAsync: Polling on remoteEndPoint: 127.0.0.1:59974 localEndPoint: 127.0.0.1:59973
TpTrace Verbose: 0 : 22060, 12, 2024/01/16, 19:31:02.297, 4617682807407, vstest.console.dll, TcpClientExtensions.MessageLoopAsync: Polling on remoteEndPoint: 127.0.0.1:59974 localEndPoint: 127.0.0.1:59973
